Removed Parameter Comments: from Part C2
Removed Parameter Comments: from Part C3
Removed Parameter Comments: from Part C4
Removed Parameter Comments: from Part C5
Removed Parameter Comments: from Part C6
Removed Parameter Comments: from Part C7
Removed Parameter Comments: from Part C8
Removed Parameter Comments: from Part C9
Removed Parameter Comments: from Part C10
Removed Parameter Comments: from Part C11
Removed Parameter Comments: from Part C12
Removed Parameter Comments: from Part C13
Removed Parameter Comments: from Part C15
Removed Parameter Comments: from Part C16
Removed Parameter Comments: from Part C17
Removed Parameter Comments: from Part C18
Removed Parameter Comments: from Part C19
Removed Parameter Comments: from Part C20
Removed Parameter Comments: from Part C21
Removed Parameter Comments: from Part C23
Removed Parameter Comments: from Part C24
Removed Parameter Comments: from Part C25
Removed Parameter Comments: from Part C26
Removed Parameter Comments: from Part C27
Removed Parameter Comments: from Part C28
Removed Parameter Comments: from Part C29
Removed Parameter Comments: from Part D1
Removed Parameter Comments: from Part DD1
Removed Parameter Comments: from Part IC2
Removed Parameter Comments: from Part J1
Removed Parameter Comments: from Part L1
Removed Parameter Comments: from Part QX1
Removed Parameter Comments: from Part QX2
Removed Parameter Comments: from Part U1
Removed Parameter Comments: from Part XP1
Removed Parameter Comments: from Part XP2
Removed Parameter Comments:=Value from Part XP?
Removed Parameter Comments:tantalum from Part C14
Removed Parameter Comments:tantalum from Part C22
