Change Component Footprint: Designator=R23 Old Footprint=Resistor 0805 New Footprint=RESCHIP0603
Change Component Comment : Designator=R23 Old Comment=0805 100R - 510R New Comment=0
Change component parameters: Designator = "R23" ("R23"); Footprint = "Resistor 0805"; UniqueID = "\EVUKPDGK" ("\EVUKPDGK")
Change component parameters (AddParameter): Name = "CompType"; Value = "Resistor"; VariantName = "[No Variations]"
Change component parameters (AddParameter): Name = "Note"; Value = ""; VariantName = "[No Variations]"
Change component parameters (AddParameter): Name = "Package"; Value = "0603"; VariantName = "[No Variations]"
Change component parameters (AddParameter): Name = "PartNumber"; Value = ""; VariantName = "[No Variations]"
Change component parameters (AddParameter): Name = "Pins"; Value = "2"; VariantName = "[No Variations]"
Change component parameters (AddParameter): Name = "SnapEDA_Link"; Value = ""; VariantName = "[No Variations]"
Change component parameters (AddParameter): Name = "Tolerance_Percent"; Value = "{Tolerance_Percent}"; VariantName = "[No Variations]"
Change component parameters (AddParameter): Name = "Value"; Value = "0"; VariantName = "[No Variations]"
Change component parameters (AddParameter): Name = "Voltage"; Value = ""; VariantName = "[No Variations]"
Added Component: Designator=R39(RESCHIP0603)
Add component (AddParameter): Name = "CompType"; Value = "Resistor"; VariantName = "[No Variations]"
Add component (AddParameter): Name = "Note"; Value = ""; VariantName = "[No Variations]"
Add component (AddParameter): Name = "Package"; Value = "0603"; VariantName = "[No Variations]"
Add component (AddParameter): Name = "PartNumber"; Value = ""; VariantName = "[No Variations]"
Add component (AddParameter): Name = "Pins"; Value = "2"; VariantName = "[No Variations]"
Add component (AddParameter): Name = "SnapEDA_Link"; Value = ""; VariantName = "[No Variations]"
Add component (AddParameter): Name = "Tolerance_Percent"; Value = "{Tolerance_Percent}"; VariantName = "[No Variations]"
Add component (AddParameter): Name = "Value"; Value = "510R"; VariantName = "[No Variations]"
Add component (AddParameter): Name = "Voltage"; Value = ""; VariantName = "[No Variations]"
Added Pin To Net: NetName=+3.3v Pin=R23-1
Added Pin To Net: NetName=NetC14_2 Pin=R23-2
Added Pin To Net: NetName=NetR39_1 Pin=R39-1
Added Pin To Net: NetName=NetR39_1 Pin=XP2-2
Added Net: Name=NetR39_1
Added Pin To Net: NetName=NetR39_2 Pin=R39-2
Added Pin To Net: NetName=NetR39_2 Pin=U1-1
Added Net: Name=NetR39_2
Added Member To Class: ClassName=ControlPCB Member=Component C1 220uF 50v
Added Member To Class: ClassName=ControlPCB Member=Component C2 Cap C
Added Member To Class: ClassName=ControlPCB Member=Component R9 0603 3k
Added Member To Class: ClassName=ControlPCB Member=Component R10 0603 1k
Added Member To Class: ClassName=ControlPCB Member=Component R11 100K
Added Member To Class: ClassName=ControlPCB Member=Component R12 100K
Added Member To Class: ClassName=ControlPCB Member=Component R13 100K
Added Member To Class: ClassName=ControlPCB Member=Component R14 100K
Added Member To Class: ClassName=ControlPCB Member=Component R15 100K
Added Member To Class: ClassName=ControlPCB Member=Component R16 100K
Added Member To Class: ClassName=ControlPCB Member=Component R17 100K
Added Member To Class: ClassName=ControlPCB Member=Component R18 100K
Added Member To Class: ClassName=ControlPCB Member=Component R19 10K
Added Member To Class: ClassName=ControlPCB Member=Component R39 510R
Added Member To Class: ClassName=ControlPCB Member=Component X1 PBD-10R
Added Member To Class: ClassName=ControlPCB Member=Component X3 PLS-5
