Removed Pin From Net: NetName=+3.3v Pin=C20-1
Removed Pin From Net: NetName=GND Pin=C20-2
Removed Member From Class: ClassName=ControlPCB Member=C20
Change Component Comment : Designator=C4 Old Comment=* New Comment=0.1uF
Change Component Comment : Designator=C5 Old Comment=* New Comment=0.1uF
Change Component Comment : Designator=C6 Old Comment=* New Comment=0.1uF
Change Component Comment : Designator=C7 Old Comment=* New Comment=0.1uF
Change Component Comment : Designator=C8 Old Comment=* New Comment=0.1uF
Change Component Comment : Designator=C10 Old Comment=* New Comment=0.1uF
Change Component Comment : Designator=C11 Old Comment=* New Comment=0.1uF
Change Component Comment : Designator=C13 Old Comment=* New Comment=0.1uF
Change Component Comment : Designator=C16 Old Comment=* New Comment=0.1uF
Change Component Comment : Designator=C17 Old Comment=* New Comment=0.1uF
Change Component Comment : Designator=C18 Old Comment=* New Comment=0.1uF
Change Component Comment : Designator=C19 Old Comment=* New Comment=0.1uF
Change Component Comment : Designator=C21 Old Comment=* New Comment=0.1uF
Change Component Comment : Designator=C23 Old Comment=* New Comment=0.1uF
Change Component Comment : Designator=C25 Old Comment=* New Comment=0.1uF
Change Component Comment : Designator=C26 Old Comment=* New Comment=0.1uF
Change Component Comment : Designator=C27 Old Comment=* New Comment=0.1uF
Change Component Comment : Designator=C24 Old Comment=* New Comment=1uF
Change Component Comment : Designator=C9 Old Comment=* New Comment=2.2uF
Change Component Comment : Designator=C29 Old Comment=* New Comment=2.2uF
Change Component Comment : Designator=C14 Old Comment=* New Comment=10uF
Change Component Comment : Designator=C22 Old Comment=* New Comment=10uF
Change Component Comment : Designator=QX1 Old Comment=* New Comment=12 MHz
Change Component Comment : Designator=C12 Old Comment=* New Comment=18pF
Change Component Comment : Designator=C15 Old Comment=* New Comment=18pF
Change Component Comment : Designator=C28 Old Comment=* New Comment=18pF
Change Component Comment : Designator=C30 Old Comment=* New Comment=18pF
Change Component Comment : Designator=QX2 Old Comment=* New Comment=25 MHz
Change Component Comment : Designator=L1 Old Comment=* New Comment=47 uH
Change Component Comment : Designator=C2 Old Comment=* New Comment=220uF
Change Component Comment : Designator=C3 Old Comment=* New Comment=220uF
Change Component Comment : Designator=XP1 Old Comment=* New Comment=Battery
Change Component Comment : Designator=J1 Old Comment=* New Comment=HR911105A
Change Component Comment : Designator=IC2 Old Comment=* New Comment=LAN8742A-CZ-TR
Change Component Comment : Designator=DD1 Old Comment=* New Comment=LM2596S-ADJ
Change Component Comment : Designator=D1 Old Comment=* New Comment=MBRS540T3G
Change Component Comment : Designator=XP2 Old Comment=* New Comment=reset setings
Change Component Comment : Designator=U1 Old Comment=* New Comment=STM32F407VE
Change Component Comment : Designator=R19 Old Comment= New Comment=1K
Change Component Comment : Designator=R18 Old Comment= New Comment=3K
Change Component Comment : Designator=R22 Old Comment= New Comment=3K
Change Component Comment : Designator=R23 Old Comment= New Comment=3K
Change Component Comment : Designator=R25 Old Comment= New Comment=3K
Change Component Comment : Designator=R17 Old Comment= New Comment=10K
Change Component Comment : Designator=R20 Old Comment= New Comment=10K
Change Component Comment : Designator=R32 Old Comment= New Comment=10K
Change Component Comment : Designator=R30 Old Comment= New Comment=33R
Change Component Comment : Designator=R31 Old Comment= New Comment=33R
Change Component Comment : Designator=R33 Old Comment= New Comment=33R
Change Component Comment : Designator=R36 Old Comment= New Comment=33R
Change Component Comment : Designator=R26 Old Comment= New Comment=50R
Change Component Comment : Designator=R27 Old Comment= New Comment=50R
Change Component Comment : Designator=R28 Old Comment= New Comment=50R
Change Component Comment : Designator=R29 Old Comment= New Comment=50R
Change Component Comment : Designator=R21 Old Comment= New Comment=510R
Change Component Comment : Designator=R24 Old Comment= New Comment=510R
Change component parameters: Designator = "C2" ("C2"); Footprint = "ECR 10x13mm"; UniqueID = "\DXSRMMFS" ("\DXSRMMFS")
Change component parameters (AddParameter): Name = "CompType"; Value = "Cappactor"; VariantName = "[No Variations]"
Change component parameters (AddParameter): Name = "Note"; Value = ""; VariantName = "[No Variations]"
Change component parameters (AddParameter): Name = "Package"; Value = "ECR 10x13mm"; VariantName = "[No Variations]"
Change component parameters (AddParameter): Name = "PartNumber"; Value = "ECR221M50BA"; VariantName = "[No Variations]"
Change component parameters (AddParameter): Name = "Pins"; Value = "2"; VariantName = "[No Variations]"
Change component parameters (AddParameter): Name = "SnapEDA_Link"; Value = ""; VariantName = "[No Variations]"
Change component parameters (AddParameter): Name = "Tolerance_Percent"; Value = "±20%"; VariantName = "[No Variations]"
Change component parameters (AddParameter): Name = "Value"; Value = "220uF"; VariantName = "[No Variations]"
Change component parameters (AddParameter): Name = "Voltage"; Value = "50"; VariantName = "[No Variations]"
Change component parameters: Designator = "C3" ("C3"); Footprint = "ECR 10x13mm"; UniqueID = "\CBIAMBJC" ("\CBIAMBJC")
Change component parameters (AddParameter): Name = "CompType"; Value = "Cappactor"; VariantName = "[No Variations]"
Change component parameters (AddParameter): Name = "Note"; Value = ""; VariantName = "[No Variations]"
Change component parameters (AddParameter): Name = "Package"; Value = "ECR 10x13mm"; VariantName = "[No Variations]"
Change component parameters (AddParameter): Name = "PartNumber"; Value = "ECR221M50BA"; VariantName = "[No Variations]"
Change component parameters (AddParameter): Name = "Pins"; Value = "2"; VariantName = "[No Variations]"
Change component parameters (AddParameter): Name = "SnapEDA_Link"; Value = ""; VariantName = "[No Variations]"
Change component parameters (AddParameter): Name = "Tolerance_Percent"; Value = "±20%"; VariantName = "[No Variations]"
Change component parameters (AddParameter): Name = "Value"; Value = "220uF"; VariantName = "[No Variations]"
Change component parameters (AddParameter): Name = "Voltage"; Value = "50"; VariantName = "[No Variations]"
Change component parameters: Designator = "C4" ("C4"); Footprint = "CAPACITOR 0603"; UniqueID = "\CTODZIZH" ("\CTODZIZH")
Change component parameters (AddParameter): Name = "CompType"; Value = "Cappactor"; VariantName = "[No Variations]"
Change component parameters (AddParameter): Name = "Note"; Value = ""; VariantName = "[No Variations]"
Change component parameters (AddParameter): Name = "Package"; Value = "0603"; VariantName = "[No Variations]"
Change component parameters (AddParameter): Name = "PartNumber"; Value = ""; VariantName = "[No Variations]"
Change component parameters (AddParameter): Name = "Pins"; Value = "2"; VariantName = "[No Variations]"
Change component parameters (AddParameter): Name = "SnapEDA_Link"; Value = ""; VariantName = "[No Variations]"
Change component parameters (AddParameter): Name = "Tolerance_Percent"; Value = ""; VariantName = "[No Variations]"
Change component parameters (AddParameter): Name = "Value"; Value = "0.1uF"; VariantName = "[No Variations]"
Change component parameters (AddParameter): Name = "Voltage"; Value = ""; VariantName = "[No Variations]"
Change component parameters: Designator = "C5" ("C5"); Footprint = "CAPACITOR 0603"; UniqueID = "\QOKEBLSP" ("\QOKEBLSP")
Change component parameters (AddParameter): Name = "CompType"; Value = "Cappactor"; VariantName = "[No Variations]"
Change component parameters (AddParameter): Name = "Note"; Value = ""; VariantName = "[No Variations]"
Change component parameters (AddParameter): Name = "Package"; Value = "0603"; VariantName = "[No Variations]"
Change component parameters (AddParameter): Name = "PartNumber"; Value = ""; VariantName = "[No Variations]"
Change component parameters (AddParameter): Name = "Pins"; Value = "2"; VariantName = "[No Variations]"
Change component parameters (AddParameter): Name = "SnapEDA_Link"; Value = ""; VariantName = "[No Variations]"
Change component parameters (AddParameter): Name = "Tolerance_Percent"; Value = ""; VariantName = "[No Variations]"
Change component parameters (AddParameter): Name = "Value"; Value = "0.1uF"; VariantName = "[No Variations]"
Change component parameters (AddParameter): Name = "Voltage"; Value = ""; VariantName = "[No Variations]"
Change component parameters: Designator = "C6" ("C6"); Footprint = "CAPACITOR 0603"; UniqueID = "\FQQCYJPU" ("\FQQCYJPU")
Change component parameters (AddParameter): Name = "CompType"; Value = "Cappactor"; VariantName = "[No Variations]"
Change component parameters (AddParameter): Name = "Note"; Value = ""; VariantName = "[No Variations]"
Change component parameters (AddParameter): Name = "Package"; Value = "0603"; VariantName = "[No Variations]"
Change component parameters (AddParameter): Name = "PartNumber"; Value = ""; VariantName = "[No Variations]"
Change component parameters (AddParameter): Name = "Pins"; Value = "2"; VariantName = "[No Variations]"
Change component parameters (AddParameter): Name = "SnapEDA_Link"; Value = ""; VariantName = "[No Variations]"
Change component parameters (AddParameter): Name = "Tolerance_Percent"; Value = ""; VariantName = "[No Variations]"
Change component parameters (AddParameter): Name = "Value"; Value = "0.1uF"; VariantName = "[No Variations]"
Change component parameters (AddParameter): Name = "Voltage"; Value = ""; VariantName = "[No Variations]"
Change component parameters: Designator = "C7" ("C7"); Footprint = "CAPACITOR 0603"; UniqueID = "\MBYDESHZ" ("\MBYDESHZ")
Change component parameters (AddParameter): Name = "CompType"; Value = "Cappactor"; VariantName = "[No Variations]"
Change component parameters (AddParameter): Name = "Note"; Value = ""; VariantName = "[No Variations]"
Change component parameters (AddParameter): Name = "Package"; Value = "0603"; VariantName = "[No Variations]"
Change component parameters (AddParameter): Name = "PartNumber"; Value = ""; VariantName = "[No Variations]"
Change component parameters (AddParameter): Name = "Pins"; Value = "2"; VariantName = "[No Variations]"
Change component parameters (AddParameter): Name = "SnapEDA_Link"; Value = ""; VariantName = "[No Variations]"
Change component parameters (AddParameter): Name = "Tolerance_Percent"; Value = ""; VariantName = "[No Variations]"
Change component parameters (AddParameter): Name = "Value"; Value = "0.1uF"; VariantName = "[No Variations]"
Change component parameters (AddParameter): Name = "Voltage"; Value = ""; VariantName = "[No Variations]"
Change component parameters: Designator = "C8" ("C8"); Footprint = "CAPACITOR 0603"; UniqueID = "\ZOGUAYCF" ("\ZOGUAYCF")
Change component parameters (AddParameter): Name = "CompType"; Value = "Cappactor"; VariantName = "[No Variations]"
Change component parameters (AddParameter): Name = "Note"; Value = ""; VariantName = "[No Variations]"
Change component parameters (AddParameter): Name = "Package"; Value = "0603"; VariantName = "[No Variations]"
Change component parameters (AddParameter): Name = "PartNumber"; Value = ""; VariantName = "[No Variations]"
Change component parameters (AddParameter): Name = "Pins"; Value = "2"; VariantName = "[No Variations]"
Change component parameters (AddParameter): Name = "SnapEDA_Link"; Value = ""; VariantName = "[No Variations]"
Change component parameters (AddParameter): Name = "Tolerance_Percent"; Value = ""; VariantName = "[No Variations]"
Change component parameters (AddParameter): Name = "Value"; Value = "0.1uF"; VariantName = "[No Variations]"
Change component parameters (AddParameter): Name = "Voltage"; Value = ""; VariantName = "[No Variations]"
Change component parameters: Designator = "C9" ("C9"); Footprint = "CAPACITOR 0805"; UniqueID = "\HHMZBWMV" ("\HHMZBWMV")
Change component parameters (AddParameter): Name = "CompType"; Value = "Cappactor"; VariantName = "[No Variations]"
Change component parameters (AddParameter): Name = "Note"; Value = ""; VariantName = "[No Variations]"
Change component parameters (AddParameter): Name = "Package"; Value = "0805"; VariantName = "[No Variations]"
Change component parameters (AddParameter): Name = "PartNumber"; Value = ""; VariantName = "[No Variations]"
Change component parameters (AddParameter): Name = "Pins"; Value = "2"; VariantName = "[No Variations]"
Change component parameters (AddParameter): Name = "SnapEDA_Link"; Value = ""; VariantName = "[No Variations]"
Change component parameters (AddParameter): Name = "Tolerance_Percent"; Value = ""; VariantName = "[No Variations]"
Change component parameters (AddParameter): Name = "Value"; Value = "2.2uF"; VariantName = "[No Variations]"
Change component parameters (AddParameter): Name = "Voltage"; Value = ""; VariantName = "[No Variations]"
Change component parameters: Designator = "C10" ("C10"); Footprint = "CAPACITOR 0603"; UniqueID = "\YWCIEUTW" ("\YWCIEUTW")
Change component parameters (AddParameter): Name = "CompType"; Value = "Cappactor"; VariantName = "[No Variations]"
Change component parameters (AddParameter): Name = "Note"; Value = ""; VariantName = "[No Variations]"
Change component parameters (AddParameter): Name = "Package"; Value = "0603"; VariantName = "[No Variations]"
Change component parameters (AddParameter): Name = "PartNumber"; Value = ""; VariantName = "[No Variations]"
Change component parameters (AddParameter): Name = "Pins"; Value = "2"; VariantName = "[No Variations]"
Change component parameters (AddParameter): Name = "SnapEDA_Link"; Value = ""; VariantName = "[No Variations]"
Change component parameters (AddParameter): Name = "Tolerance_Percent"; Value = ""; VariantName = "[No Variations]"
Change component parameters (AddParameter): Name = "Value"; Value = "0.1uF"; VariantName = "[No Variations]"
Change component parameters (AddParameter): Name = "Voltage"; Value = ""; VariantName = "[No Variations]"
Change component parameters: Designator = "C11" ("C11"); Footprint = "CAPACITOR 0603"; UniqueID = "\XSXLPUKI" ("\XSXLPUKI")
Change component parameters (AddParameter): Name = "CompType"; Value = "Cappactor"; VariantName = "[No Variations]"
Change component parameters (AddParameter): Name = "Note"; Value = ""; VariantName = "[No Variations]"
Change component parameters (AddParameter): Name = "Package"; Value = "0603"; VariantName = "[No Variations]"
Change component parameters (AddParameter): Name = "PartNumber"; Value = ""; VariantName = "[No Variations]"
Change component parameters (AddParameter): Name = "Pins"; Value = "2"; VariantName = "[No Variations]"
Change component parameters (AddParameter): Name = "SnapEDA_Link"; Value = ""; VariantName = "[No Variations]"
Change component parameters (AddParameter): Name = "Tolerance_Percent"; Value = ""; VariantName = "[No Variations]"
Change component parameters (AddParameter): Name = "Value"; Value = "0.1uF"; VariantName = "[No Variations]"
Change component parameters (AddParameter): Name = "Voltage"; Value = ""; VariantName = "[No Variations]"
Change component parameters: Designator = "C13" ("C13"); Footprint = "CAPACITOR 0603"; UniqueID = "\EYQCENBJ" ("\EYQCENBJ")
Change component parameters (AddParameter): Name = "CompType"; Value = "Cappactor"; VariantName = "[No Variations]"
Change component parameters (AddParameter): Name = "Note"; Value = ""; VariantName = "[No Variations]"
Change component parameters (AddParameter): Name = "Package"; Value = "0603"; VariantName = "[No Variations]"
Change component parameters (AddParameter): Name = "PartNumber"; Value = ""; VariantName = "[No Variations]"
Change component parameters (AddParameter): Name = "Pins"; Value = "2"; VariantName = "[No Variations]"
Change component parameters (AddParameter): Name = "SnapEDA_Link"; Value = ""; VariantName = "[No Variations]"
Change component parameters (AddParameter): Name = "Tolerance_Percent"; Value = ""; VariantName = "[No Variations]"
Change component parameters (AddParameter): Name = "Value"; Value = "0.1uF"; VariantName = "[No Variations]"
Change component parameters (AddParameter): Name = "Voltage"; Value = ""; VariantName = "[No Variations]"
Change component parameters: Designator = "C18" ("C18"); Footprint = "CAPACITOR 0603"; UniqueID = "\AMBZLGCO" ("\AMBZLGCO")
Change component parameters (AddParameter): Name = "CompType"; Value = "Cappactor"; VariantName = "[No Variations]"
Change component parameters (AddParameter): Name = "Note"; Value = ""; VariantName = "[No Variations]"
Change component parameters (AddParameter): Name = "Package"; Value = "0603"; VariantName = "[No Variations]"
Change component parameters (AddParameter): Name = "PartNumber"; Value = ""; VariantName = "[No Variations]"
Change component parameters (AddParameter): Name = "Pins"; Value = "2"; VariantName = "[No Variations]"
Change component parameters (AddParameter): Name = "SnapEDA_Link"; Value = ""; VariantName = "[No Variations]"
Change component parameters (AddParameter): Name = "Tolerance_Percent"; Value = ""; VariantName = "[No Variations]"
Change component parameters (AddParameter): Name = "Value"; Value = "0.1uF"; VariantName = "[No Variations]"
Change component parameters (AddParameter): Name = "Voltage"; Value = ""; VariantName = "[No Variations]"
Change component parameters: Designator = "C19" ("C19"); Footprint = "CAPACITOR 0603"; UniqueID = "\YZMIJBKF" ("\YZMIJBKF")
Change component parameters (AddParameter): Name = "CompType"; Value = "Cappactor"; VariantName = "[No Variations]"
Change component parameters (AddParameter): Name = "Note"; Value = ""; VariantName = "[No Variations]"
Change component parameters (AddParameter): Name = "Package"; Value = "0603"; VariantName = "[No Variations]"
Change component parameters (AddParameter): Name = "PartNumber"; Value = ""; VariantName = "[No Variations]"
Change component parameters (AddParameter): Name = "Pins"; Value = "2"; VariantName = "[No Variations]"
Change component parameters (AddParameter): Name = "SnapEDA_Link"; Value = ""; VariantName = "[No Variations]"
Change component parameters (AddParameter): Name = "Tolerance_Percent"; Value = ""; VariantName = "[No Variations]"
Change component parameters (AddParameter): Name = "Value"; Value = "0.1uF"; VariantName = "[No Variations]"
Change component parameters (AddParameter): Name = "Voltage"; Value = ""; VariantName = "[No Variations]"
Change component parameters: Designator = "C21" ("C21"); Footprint = "CAPACITOR 0603"; UniqueID = "\SQDHZFIV" ("\SQDHZFIV")
Change component parameters (AddParameter): Name = "CompType"; Value = "Cappactor"; VariantName = "[No Variations]"
Change component parameters (AddParameter): Name = "Note"; Value = ""; VariantName = "[No Variations]"
Change component parameters (AddParameter): Name = "Package"; Value = "0603"; VariantName = "[No Variations]"
Change component parameters (AddParameter): Name = "PartNumber"; Value = ""; VariantName = "[No Variations]"
Change component parameters (AddParameter): Name = "Pins"; Value = "2"; VariantName = "[No Variations]"
Change component parameters (AddParameter): Name = "SnapEDA_Link"; Value = ""; VariantName = "[No Variations]"
Change component parameters (AddParameter): Name = "Tolerance_Percent"; Value = ""; VariantName = "[No Variations]"
Change component parameters (AddParameter): Name = "Value"; Value = "0.1uF"; VariantName = "[No Variations]"
Change component parameters (AddParameter): Name = "Voltage"; Value = ""; VariantName = "[No Variations]"
Change component parameters: Designator = "C23" ("C23"); Footprint = "CAPACITOR 0603"; UniqueID = "\YWUZQTIM" ("\YWUZQTIM")
Change component parameters (AddParameter): Name = "CompType"; Value = "Cappactor"; VariantName = "[No Variations]"
Change component parameters (AddParameter): Name = "Note"; Value = ""; VariantName = "[No Variations]"
Change component parameters (AddParameter): Name = "Package"; Value = "0603"; VariantName = "[No Variations]"
Change component parameters (AddParameter): Name = "PartNumber"; Value = ""; VariantName = "[No Variations]"
Change component parameters (AddParameter): Name = "Pins"; Value = "2"; VariantName = "[No Variations]"
Change component parameters (AddParameter): Name = "SnapEDA_Link"; Value = ""; VariantName = "[No Variations]"
Change component parameters (AddParameter): Name = "Tolerance_Percent"; Value = ""; VariantName = "[No Variations]"
Change component parameters (AddParameter): Name = "Value"; Value = "0.1uF"; VariantName = "[No Variations]"
Change component parameters (AddParameter): Name = "Voltage"; Value = ""; VariantName = "[No Variations]"
Change component parameters: Designator = "C24" ("C24"); Footprint = "CAPACITOR 0603"; UniqueID = "\GVMOZTJK" ("\GVMOZTJK")
Change component parameters (AddParameter): Name = "CompType"; Value = "Cappactor"; VariantName = "[No Variations]"
Change component parameters (AddParameter): Name = "Note"; Value = ""; VariantName = "[No Variations]"
Change component parameters (AddParameter): Name = "Package"; Value = "0603"; VariantName = "[No Variations]"
Change component parameters (AddParameter): Name = "PartNumber"; Value = ""; VariantName = "[No Variations]"
Change component parameters (AddParameter): Name = "Pins"; Value = "2"; VariantName = "[No Variations]"
Change component parameters (AddParameter): Name = "SnapEDA_Link"; Value = ""; VariantName = "[No Variations]"
Change component parameters (AddParameter): Name = "Tolerance_Percent"; Value = ""; VariantName = "[No Variations]"
Change component parameters (AddParameter): Name = "Value"; Value = "1uF"; VariantName = "[No Variations]"
Change component parameters (AddParameter): Name = "Voltage"; Value = ""; VariantName = "[No Variations]"
Change component parameters: Designator = "C25" ("C25"); Footprint = "CAPACITOR 0603"; UniqueID = "\HMNEOTNG" ("\HMNEOTNG")
Change component parameters (AddParameter): Name = "CompType"; Value = "Cappactor"; VariantName = "[No Variations]"
Change component parameters (AddParameter): Name = "Note"; Value = ""; VariantName = "[No Variations]"
Change component parameters (AddParameter): Name = "Package"; Value = "0603"; VariantName = "[No Variations]"
Change component parameters (AddParameter): Name = "PartNumber"; Value = ""; VariantName = "[No Variations]"
Change component parameters (AddParameter): Name = "Pins"; Value = "2"; VariantName = "[No Variations]"
Change component parameters (AddParameter): Name = "SnapEDA_Link"; Value = ""; VariantName = "[No Variations]"
Change component parameters (AddParameter): Name = "Tolerance_Percent"; Value = ""; VariantName = "[No Variations]"
Change component parameters (AddParameter): Name = "Value"; Value = "0.1uF"; VariantName = "[No Variations]"
Change component parameters (AddParameter): Name = "Voltage"; Value = ""; VariantName = "[No Variations]"
Change component parameters: Designator = "C26" ("C26"); Footprint = "CAPACITOR 0603"; UniqueID = "\NAQFWCMH" ("\NAQFWCMH")
Change component parameters (AddParameter): Name = "CompType"; Value = "Cappactor"; VariantName = "[No Variations]"
Change component parameters (AddParameter): Name = "Note"; Value = ""; VariantName = "[No Variations]"
Change component parameters (AddParameter): Name = "Package"; Value = "0603"; VariantName = "[No Variations]"
Change component parameters (AddParameter): Name = "PartNumber"; Value = ""; VariantName = "[No Variations]"
Change component parameters (AddParameter): Name = "Pins"; Value = "2"; VariantName = "[No Variations]"
Change component parameters (AddParameter): Name = "SnapEDA_Link"; Value = ""; VariantName = "[No Variations]"
Change component parameters (AddParameter): Name = "Tolerance_Percent"; Value = ""; VariantName = "[No Variations]"
Change component parameters (AddParameter): Name = "Value"; Value = "0.1uF"; VariantName = "[No Variations]"
Change component parameters (AddParameter): Name = "Voltage"; Value = ""; VariantName = "[No Variations]"
Change component parameters: Designator = "C27" ("C27"); Footprint = "CAPACITOR 0603"; UniqueID = "\LOFLVBVR" ("\LOFLVBVR")
Change component parameters (AddParameter): Name = "CompType"; Value = "Cappactor"; VariantName = "[No Variations]"
Change component parameters (AddParameter): Name = "Note"; Value = ""; VariantName = "[No Variations]"
Change component parameters (AddParameter): Name = "Package"; Value = "0603"; VariantName = "[No Variations]"
Change component parameters (AddParameter): Name = "PartNumber"; Value = ""; VariantName = "[No Variations]"
Change component parameters (AddParameter): Name = "Pins"; Value = "2"; VariantName = "[No Variations]"
Change component parameters (AddParameter): Name = "SnapEDA_Link"; Value = ""; VariantName = "[No Variations]"
Change component parameters (AddParameter): Name = "Tolerance_Percent"; Value = ""; VariantName = "[No Variations]"
Change component parameters (AddParameter): Name = "Value"; Value = "0.1uF"; VariantName = "[No Variations]"
Change component parameters (AddParameter): Name = "Voltage"; Value = ""; VariantName = "[No Variations]"
Change component parameters: Designator = "C28" ("C28"); Footprint = "CAPACITOR 0603"; UniqueID = "\VFTSPMOJ" ("\VFTSPMOJ")
Change component parameters (AddParameter): Name = "CompType"; Value = "Cappactor"; VariantName = "[No Variations]"
Change component parameters (AddParameter): Name = "Note"; Value = ""; VariantName = "[No Variations]"
Change component parameters (AddParameter): Name = "Package"; Value = "0603"; VariantName = "[No Variations]"
Change component parameters (AddParameter): Name = "PartNumber"; Value = ""; VariantName = "[No Variations]"
Change component parameters (AddParameter): Name = "Pins"; Value = "2"; VariantName = "[No Variations]"
Change component parameters (AddParameter): Name = "SnapEDA_Link"; Value = ""; VariantName = "[No Variations]"
Change component parameters (AddParameter): Name = "Tolerance_Percent"; Value = ""; VariantName = "[No Variations]"
Change component parameters (AddParameter): Name = "Value"; Value = "18pF"; VariantName = "[No Variations]"
Change component parameters (AddParameter): Name = "Voltage"; Value = ""; VariantName = "[No Variations]"
Change component parameters: Designator = "C29" ("C29"); Footprint = "CAPACITOR 0805"; UniqueID = "\JUOXEMZD" ("\JUOXEMZD")
Change component parameters (AddParameter): Name = "CompType"; Value = "Cappactor"; VariantName = "[No Variations]"
Change component parameters (AddParameter): Name = "Note"; Value = ""; VariantName = "[No Variations]"
Change component parameters (AddParameter): Name = "Package"; Value = "0805"; VariantName = "[No Variations]"
Change component parameters (AddParameter): Name = "PartNumber"; Value = ""; VariantName = "[No Variations]"
Change component parameters (AddParameter): Name = "Pins"; Value = "2"; VariantName = "[No Variations]"
Change component parameters (AddParameter): Name = "SnapEDA_Link"; Value = ""; VariantName = "[No Variations]"
Change component parameters (AddParameter): Name = "Tolerance_Percent"; Value = ""; VariantName = "[No Variations]"
Change component parameters (AddParameter): Name = "Value"; Value = "2.2uF"; VariantName = "[No Variations]"
Change component parameters (AddParameter): Name = "Voltage"; Value = ""; VariantName = "[No Variations]"
Change component parameters: Designator = "DD1" ("DD1"); Footprint = "TO-263"; UniqueID = "\OLUYDUBY" ("\OLUYDUBY")
Change component parameters (AddParameter): Name = "CompType"; Value = "DC-DC stepdown"; VariantName = "[No Variations]"
Change component parameters (AddParameter): Name = "Note"; Value = ""; VariantName = "[No Variations]"
Change component parameters (AddParameter): Name = "Package"; Value = "D2PAK"; VariantName = "[No Variations]"
Change component parameters (AddParameter): Name = "PartNumber"; Value = "LM2596S-ADJ"; VariantName = "[No Variations]"
Change component parameters (AddParameter): Name = "Pins"; Value = "6"; VariantName = "[No Variations]"
Change component parameters (AddParameter): Name = "SnapEDA_Link"; Value = ""; VariantName = "[No Variations]"
Change component parameters (AddParameter): Name = "Tolerance_Percent"; Value = ""; VariantName = "[No Variations]"
Change component parameters (AddParameter): Name = "Value"; Value = "LM2596S-ADJ"; VariantName = "[No Variations]"
Change component parameters (AddParameter): Name = "Voltage"; Value = ""; VariantName = "[No Variations]"
Change component parameters: Designator = "IC2" ("IC2"); Footprint = "LAN8742A"; UniqueID = "\BAPUTQHW" ("\BAPUTQHW")
Change component parameters (AddParameter): Name = "CompType"; Value = "IC"; VariantName = "[No Variations]"
Change component parameters (AddParameter): Name = "Note"; Value = ""; VariantName = "[No Variations]"
Change component parameters (AddParameter): Name = "Package"; Value = "SQFN 24"; VariantName = "[No Variations]"
Change component parameters (AddParameter): Name = "PartNumber"; Value = ""; VariantName = "[No Variations]"
Change component parameters (AddParameter): Name = "Pins"; Value = "25"; VariantName = "[No Variations]"
Change component parameters (AddParameter): Name = "SnapEDA_Link"; Value = ""; VariantName = "[No Variations]"
Change component parameters (AddParameter): Name = "Tolerance_Percent"; Value = ""; VariantName = "[No Variations]"
Change component parameters (AddParameter): Name = "Value"; Value = "LAN8742A-CZ-TR"; VariantName = "[No Variations]"
Change component parameters (AddParameter): Name = "Voltage"; Value = ""; VariantName = "[No Variations]"
Change component parameters: Designator = "L1" ("L1"); Footprint = "SRR1208"; UniqueID = "\ZGLYKCLU" ("\ZGLYKCLU")
Change component parameters (AddParameter): Name = "CompType"; Value = "Inductor"; VariantName = "[No Variations]"
Change component parameters (AddParameter): Name = "Note"; Value = "inductor 47uH ~3A or 100uH ~1.5A"; VariantName = "[No Variations]"
Change component parameters (AddParameter): Name = "Package"; Value = "SMD 2-Pin"; VariantName = "[No Variations]"
Change component parameters (AddParameter): Name = "PartNumber"; Value = "B82477G4104M000, SRR1208-101YL, CDRH127/LDNP-101MC"; VariantName = "[No Variations]"
Change component parameters (AddParameter): Name = "Pins"; Value = "2"; VariantName = "[No Variations]"
Change component parameters (AddParameter): Name = "SnapEDA_Link"; Value = "https://www.snapeda.com/parts/SRR1208-6R5ML/Bourns/view-part/353452/?ref=snap"; VariantName = "[No Variations]"
Change component parameters (AddParameter): Name = "Tolerance_Percent"; Value = "+100%"; VariantName = "[No Variations]"
Change component parameters (AddParameter): Name = "Value"; Value = "47 uH"; VariantName = "[No Variations]"
Change component parameters (AddParameter): Name = "Voltage"; Value = ""; VariantName = "[No Variations]"
Change component parameters: Designator = "QX1" ("QX1"); Footprint = "XTAL_3.2_2.5"; UniqueID = "\RIVSRVLZ" ("\RIVSRVLZ")
Change component parameters (AddParameter): Name = "CompType"; Value = "xtal"; VariantName = "[No Variations]"
Change component parameters (AddParameter): Name = "Note"; Value = "XTAL 3.2mm x 2.5mm"; VariantName = "[No Variations]"
Change component parameters (AddParameter): Name = "Package"; Value = "SMD 4-Pin"; VariantName = "[No Variations]"
Change component parameters (AddParameter): Name = "PartNumber"; Value = ""; VariantName = "[No Variations]"
Change component parameters (AddParameter): Name = "Pins"; Value = ""; VariantName = "[No Variations]"
Change component parameters (AddParameter): Name = "SnapEDA_Link"; Value = ""; VariantName = "[No Variations]"
Change component parameters (AddParameter): Name = "Tolerance_Percent"; Value = ""; VariantName = "[No Variations]"
Change component parameters (AddParameter): Name = "Value"; Value = "12 MHz"; VariantName = "[No Variations]"
Change component parameters (AddParameter): Name = "Voltage"; Value = ""; VariantName = "[No Variations]"
Change component parameters: Designator = "QX2" ("QX2"); Footprint = "XTAL_3.2_2.5"; UniqueID = "\PCIFRIAE" ("\PCIFRIAE")
Change component parameters (AddParameter): Name = "CompType"; Value = "xtal"; VariantName = "[No Variations]"
Change component parameters (AddParameter): Name = "Note"; Value = "XTAL 3.2mm x 2.5mm"; VariantName = "[No Variations]"
Change component parameters (AddParameter): Name = "Package"; Value = "SMD 4-Pin"; VariantName = "[No Variations]"
Change component parameters (AddParameter): Name = "PartNumber"; Value = ""; VariantName = "[No Variations]"
Change component parameters (AddParameter): Name = "Pins"; Value = ""; VariantName = "[No Variations]"
Change component parameters (AddParameter): Name = "SnapEDA_Link"; Value = ""; VariantName = "[No Variations]"
Change component parameters (AddParameter): Name = "Tolerance_Percent"; Value = ""; VariantName = "[No Variations]"
Change component parameters (AddParameter): Name = "Value"; Value = "25 MHz"; VariantName = "[No Variations]"
Change component parameters (AddParameter): Name = "Voltage"; Value = ""; VariantName = "[No Variations]"
Change component parameters: Designator = "XP1" ("XP1"); Footprint = "ZL201-3"; UniqueID = "\RHETCVFJ" ("\RHETCVFJ")
Change component parameters (AddParameter): Name = "CompType"; Value = "connector"; VariantName = "[No Variations]"
Change component parameters (AddParameter): Name = "Note"; Value = "header pins 2.54mm x 3"; VariantName = "[No Variations]"
Change component parameters (AddParameter): Name = "Package"; Value = "2.54 x 3"; VariantName = "[No Variations]"
Change component parameters (AddParameter): Name = "PartNumber"; Value = "PLS-3"; VariantName = "[No Variations]"
Change component parameters (AddParameter): Name = "Pins"; Value = "3"; VariantName = "[No Variations]"
Change component parameters (AddParameter): Name = "SnapEDA_Link"; Value = ""; VariantName = "[No Variations]"
Change component parameters (AddParameter): Name = "Tolerance_Percent"; Value = ""; VariantName = "[No Variations]"
Change component parameters (AddParameter): Name = "Value"; Value = "Battery"; VariantName = "[No Variations]"
Change component parameters (AddParameter): Name = "Voltage"; Value = ""; VariantName = "[No Variations]"
Change component parameters: Designator = "XP2" ("XP2"); Footprint = "ZL201-3"; UniqueID = "\NZBOLHVN" ("\NZBOLHVN")
Change component parameters (AddParameter): Name = "CompType"; Value = "connector"; VariantName = "[No Variations]"
Change component parameters (AddParameter): Name = "Note"; Value = "header pins 2.54mm x 3"; VariantName = "[No Variations]"
Change component parameters (AddParameter): Name = "Package"; Value = "2.54 x 3"; VariantName = "[No Variations]"
Change component parameters (AddParameter): Name = "PartNumber"; Value = "PLS-3"; VariantName = "[No Variations]"
Change component parameters (AddParameter): Name = "Pins"; Value = "3"; VariantName = "[No Variations]"
Change component parameters (AddParameter): Name = "SnapEDA_Link"; Value = ""; VariantName = "[No Variations]"
Change component parameters (AddParameter): Name = "Tolerance_Percent"; Value = ""; VariantName = "[No Variations]"
Change component parameters (AddParameter): Name = "Value"; Value = "reset setings"; VariantName = "[No Variations]"
Change component parameters (AddParameter): Name = "Voltage"; Value = ""; VariantName = "[No Variations]"
Change component parameters: Designator = "C12" ("C12"); Footprint = "CAPCHIP0603"; UniqueID = "\YGLGONSE" ("\YGLGONSE")
Change component parameters (AddParameter): Name = "CompType"; Value = "Cappactor"; VariantName = "[No Variations]"
Change component parameters (AddParameter): Name = "Note"; Value = ""; VariantName = "[No Variations]"
Change component parameters (AddParameter): Name = "Package"; Value = "0603"; VariantName = "[No Variations]"
Change component parameters (AddParameter): Name = "PartNumber"; Value = ""; VariantName = "[No Variations]"
Change component parameters (AddParameter): Name = "Pins"; Value = "2"; VariantName = "[No Variations]"
Change component parameters (AddParameter): Name = "SnapEDA_Link"; Value = ""; VariantName = "[No Variations]"
Change component parameters (AddParameter): Name = "Tolerance_Percent"; Value = ""; VariantName = "[No Variations]"
Change component parameters (AddParameter): Name = "Value"; Value = "18pF"; VariantName = "[No Variations]"
Change component parameters (AddParameter): Name = "Voltage"; Value = ""; VariantName = "[No Variations]"
Change component parameters: Designator = "C14" ("C14"); Footprint = "TECAP B"; UniqueID = "\KNPRBLZH" ("\KNPRBLZH")
Change component parameters (AddParameter): Name = "CompType"; Value = "Cappactor"; VariantName = "[No Variations]"
Change component parameters (AddParameter): Name = "Note"; Value = "tantalum"; VariantName = "[No Variations]"
Change component parameters (AddParameter): Name = "Package"; Value = "TECAP B"; VariantName = "[No Variations]"
Change component parameters (AddParameter): Name = "PartNumber"; Value = ""; VariantName = "[No Variations]"
Change component parameters (AddParameter): Name = "Pins"; Value = "2"; VariantName = "[No Variations]"
Change component parameters (AddParameter): Name = "SnapEDA_Link"; Value = ""; VariantName = "[No Variations]"
Change component parameters (AddParameter): Name = "Tolerance_Percent"; Value = ""; VariantName = "[No Variations]"
Change component parameters (AddParameter): Name = "Value"; Value = "10uF"; VariantName = "[No Variations]"
Change component parameters (AddParameter): Name = "Voltage"; Value = "6V"; VariantName = "[No Variations]"
Change component parameters: Designator = "C15" ("C15"); Footprint = "CAPCHIP0603"; UniqueID = "\JEAZENHO" ("\JEAZENHO")
Change component parameters (AddParameter): Name = "CompType"; Value = "Cappactor"; VariantName = "[No Variations]"
Change component parameters (AddParameter): Name = "Note"; Value = ""; VariantName = "[No Variations]"
Change component parameters (AddParameter): Name = "Package"; Value = "0603"; VariantName = "[No Variations]"
Change component parameters (AddParameter): Name = "PartNumber"; Value = ""; VariantName = "[No Variations]"
Change component parameters (AddParameter): Name = "Pins"; Value = "2"; VariantName = "[No Variations]"
Change component parameters (AddParameter): Name = "SnapEDA_Link"; Value = ""; VariantName = "[No Variations]"
Change component parameters (AddParameter): Name = "Tolerance_Percent"; Value = ""; VariantName = "[No Variations]"
Change component parameters (AddParameter): Name = "Value"; Value = "18pF"; VariantName = "[No Variations]"
Change component parameters (AddParameter): Name = "Voltage"; Value = ""; VariantName = "[No Variations]"
Change component parameters: Designator = "C16" ("C16"); Footprint = "CAPCHIP0603"; UniqueID = "\FREKRZMG" ("\FREKRZMG")
Change component parameters (AddParameter): Name = "CompType"; Value = "Cappactor"; VariantName = "[No Variations]"
Change component parameters (AddParameter): Name = "Note"; Value = ""; VariantName = "[No Variations]"
Change component parameters (AddParameter): Name = "Package"; Value = "0603"; VariantName = "[No Variations]"
Change component parameters (AddParameter): Name = "PartNumber"; Value = ""; VariantName = "[No Variations]"
Change component parameters (AddParameter): Name = "Pins"; Value = "2"; VariantName = "[No Variations]"
Change component parameters (AddParameter): Name = "SnapEDA_Link"; Value = ""; VariantName = "[No Variations]"
Change component parameters (AddParameter): Name = "Tolerance_Percent"; Value = ""; VariantName = "[No Variations]"
Change component parameters (AddParameter): Name = "Value"; Value = "0.1uF"; VariantName = "[No Variations]"
Change component parameters (AddParameter): Name = "Voltage"; Value = ""; VariantName = "[No Variations]"
Change component parameters: Designator = "C17" ("C17"); Footprint = "CAPCHIP0603"; UniqueID = "\MGBLUUZB" ("\MGBLUUZB")
Change component parameters (AddParameter): Name = "CompType"; Value = "Cappactor"; VariantName = "[No Variations]"
Change component parameters (AddParameter): Name = "Note"; Value = ""; VariantName = "[No Variations]"
Change component parameters (AddParameter): Name = "Package"; Value = "0603"; VariantName = "[No Variations]"
Change component parameters (AddParameter): Name = "PartNumber"; Value = ""; VariantName = "[No Variations]"
Change component parameters (AddParameter): Name = "Pins"; Value = "2"; VariantName = "[No Variations]"
Change component parameters (AddParameter): Name = "SnapEDA_Link"; Value = ""; VariantName = "[No Variations]"
Change component parameters (AddParameter): Name = "Tolerance_Percent"; Value = ""; VariantName = "[No Variations]"
Change component parameters (AddParameter): Name = "Value"; Value = "0.1uF"; VariantName = "[No Variations]"
Change component parameters (AddParameter): Name = "Voltage"; Value = ""; VariantName = "[No Variations]"
Change component parameters: Designator = "C22" ("C22"); Footprint = "TECAP B"; UniqueID = "\HIVKXTFH" ("\HIVKXTFH")
Change component parameters (AddParameter): Name = "CompType"; Value = "Cappactor"; VariantName = "[No Variations]"
Change component parameters (AddParameter): Name = "Note"; Value = "tantalum"; VariantName = "[No Variations]"
Change component parameters (AddParameter): Name = "Package"; Value = "TECAP B"; VariantName = "[No Variations]"
Change component parameters (AddParameter): Name = "PartNumber"; Value = ""; VariantName = "[No Variations]"
Change component parameters (AddParameter): Name = "Pins"; Value = "2"; VariantName = "[No Variations]"
Change component parameters (AddParameter): Name = "SnapEDA_Link"; Value = ""; VariantName = "[No Variations]"
Change component parameters (AddParameter): Name = "Tolerance_Percent"; Value = ""; VariantName = "[No Variations]"
Change component parameters (AddParameter): Name = "Value"; Value = "10uF"; VariantName = "[No Variations]"
Change component parameters (AddParameter): Name = "Voltage"; Value = "6V"; VariantName = "[No Variations]"
Change component parameters: Designator = "U1" ("U1"); Footprint = "QFP50P1600X1600X160-100N"; UniqueID = "\XHXFYEDS" ("\XHXFYEDS")
Change component parameters (AddParameter): Name = "CompType"; Value = "IC"; VariantName = "[No Variations]"
Change component parameters (AddParameter): Name = "Note"; Value = ""; VariantName = "[No Variations]"
Change component parameters (AddParameter): Name = "Package"; Value = "LQFP-100 STMicroelectronics"; VariantName = "[No Variations]"
Change component parameters (AddParameter): Name = "PartNumber"; Value = "Stm32f407VE"; VariantName = "[No Variations]"
Change component parameters (AddParameter): Name = "Pins"; Value = "100"; VariantName = "[No Variations]"
Change component parameters (AddParameter): Name = "SnapEDA_Link"; Value = ""; VariantName = "[No Variations]"
Change component parameters (AddParameter): Name = "Tolerance_Percent"; Value = ""; VariantName = "[No Variations]"
Change component parameters (AddParameter): Name = "Value"; Value = "STM32F407VE"; VariantName = "[No Variations]"
Change component parameters (AddParameter): Name = "Voltage"; Value = ""; VariantName = "[No Variations]"
Change component parameters: Designator = "J1" ("J1"); Footprint = "HANRUN_HR911105A"; UniqueID = "\ZBIVOHFX" ("\ZBIVOHFX")
Change component parameters (AddParameter): Name = "CompType"; Value = "connector"; VariantName = "[No Variations]"
Change component parameters (AddParameter): Name = "Note"; Value = ""; VariantName = "[No Variations]"
Change component parameters (AddParameter): Name = "Package"; Value = "Rj45"; VariantName = "[No Variations]"
Change component parameters (AddParameter): Name = "PartNumber"; Value = "HR911105A"; VariantName = "[No Variations]"
Change component parameters (AddParameter): Name = "Pins"; Value = "10"; VariantName = "[No Variations]"
Change component parameters (AddParameter): Name = "SnapEDA_Link"; Value = "https://www.snapeda.com/parts/HR911105A/DFRobot/view-part/214807/?ref=snap"; VariantName = "[No Variations]"
Change component parameters (AddParameter): Name = "Tolerance_Percent"; Value = ""; VariantName = "[No Variations]"
Change component parameters (AddParameter): Name = "Value"; Value = "HR911105A"; VariantName = "[No Variations]"
Change component parameters (AddParameter): Name = "Voltage"; Value = ""; VariantName = "[No Variations]"
Change component parameters: Designator = "D1" ("D1"); Footprint = "DIOM7958X213N"; UniqueID = "\FLTXENBZ" ("\FLTXENBZ")
Change component parameters (AddParameter): Name = "CompType"; Value = "Diode"; VariantName = "[No Variations]"
Change component parameters (AddParameter): Name = "Note"; Value = "Diode Schottky 40V 5A Surface Mount SMC"; VariantName = "[No Variations]"
Change component parameters (AddParameter): Name = "Package"; Value = "DO-214 ON Semiconductor"; VariantName = "[No Variations]"
Change component parameters (AddParameter): Name = "PartNumber"; Value = "MBRS540T3G"; VariantName = "[No Variations]"
Change component parameters (AddParameter): Name = "Pins"; Value = "2"; VariantName = "[No Variations]"
Change component parameters (AddParameter): Name = "SnapEDA_Link"; Value = "https://www.snapeda.com/parts/MBRS540T3G/ON%20Semiconductor/view-part/78777/?ref=snap"; VariantName = "[No Variations]"
Change component parameters (AddParameter): Name = "Tolerance_Percent"; Value = ""; VariantName = "[No Variations]"
Change component parameters (AddParameter): Name = "Value"; Value = "MBRS540T3G"; VariantName = "[No Variations]"
Change component parameters (AddParameter): Name = "Voltage"; Value = "40v"; VariantName = "[No Variations]"
Added Component: Designator=C?(CAPACITOR 0603)
Add component (AddParameter): Name = "CompType"; Value = "Cappactor"; VariantName = "[No Variations]"
Add component (AddParameter): Name = "Note"; Value = ""; VariantName = "[No Variations]"
Add component (AddParameter): Name = "Package"; Value = "0603"; VariantName = "[No Variations]"
Add component (AddParameter): Name = "PartNumber"; Value = ""; VariantName = "[No Variations]"
Add component (AddParameter): Name = "Pins"; Value = "2"; VariantName = "[No Variations]"
Add component (AddParameter): Name = "SnapEDA_Link"; Value = ""; VariantName = "[No Variations]"
Add component (AddParameter): Name = "Tolerance_Percent"; Value = ""; VariantName = "[No Variations]"
Add component (AddParameter): Name = "Value"; Value = "0.1uF"; VariantName = "[No Variations]"
Add component (AddParameter): Name = "Voltage"; Value = ""; VariantName = "[No Variations]"
Added Component: Designator=XP?(ZL201-3)
Add component (AddParameter): Name = "CompType"; Value = "connector"; VariantName = "[No Variations]"
Add component (AddParameter): Name = "Note"; Value = "header pins 2.54mm x 3"; VariantName = "[No Variations]"
Add component (AddParameter): Name = "Package"; Value = "2.54 x 3"; VariantName = "[No Variations]"
Add component (AddParameter): Name = "PartNumber"; Value = "PLS-3"; VariantName = "[No Variations]"
Add component (AddParameter): Name = "Pins"; Value = "3"; VariantName = "[No Variations]"
Add component (AddParameter): Name = "SnapEDA_Link"; Value = ""; VariantName = "[No Variations]"
Add component (AddParameter): Name = "Tolerance_Percent"; Value = ""; VariantName = "[No Variations]"
Add component (AddParameter): Name = "Value"; Value = "UART"; VariantName = "[No Variations]"
Add component (AddParameter): Name = "Voltage"; Value = ""; VariantName = "[No Variations]"
Added Pin To Net: NetName=GND Pin=C?-1
Added Pin To Net: NetName=+3.3v Pin=C?-2
Added Pin To Net: NetName=GND Pin=XP?-2
Added Pin To Net: NetName=MAC_b0 Pin=R9-1
Added Pin To Net: NetName=MAC_b0 Pin=S1-1
Added Pin To Net: NetName=MAC_b0 Pin=U1-55
Added Net: Name=MAC_b0
Added Pin To Net: NetName=MAC_b1 Pin=R10-1
Added Pin To Net: NetName=MAC_b1 Pin=S1-2
Added Pin To Net: NetName=MAC_b1 Pin=U1-56
Added Net: Name=MAC_b1
Added Pin To Net: NetName=MAC_b2 Pin=R11-1
Added Pin To Net: NetName=MAC_b2 Pin=S1-3
Added Pin To Net: NetName=MAC_b2 Pin=U1-57
Added Net: Name=MAC_b2
Added Pin To Net: NetName=MAC_b3 Pin=R12-1
Added Pin To Net: NetName=MAC_b3 Pin=S1-4
Added Pin To Net: NetName=MAC_b3 Pin=U1-58
Added Net: Name=MAC_b3
Added Pin To Net: NetName=MAC_b4 Pin=R13-1
Added Pin To Net: NetName=MAC_b4 Pin=S2-1
Added Pin To Net: NetName=MAC_b4 Pin=U1-59
Added Net: Name=MAC_b4
Added Pin To Net: NetName=MAC_b5 Pin=R14-1
Added Pin To Net: NetName=MAC_b5 Pin=S2-2
Added Pin To Net: NetName=MAC_b5 Pin=U1-60
Added Net: Name=MAC_b5
Added Pin To Net: NetName=MAC_b6 Pin=R15-1
Added Pin To Net: NetName=MAC_b6 Pin=S2-3
Added Pin To Net: NetName=MAC_b6 Pin=U1-61
Added Net: Name=MAC_b6
Added Pin To Net: NetName=MAC_b7 Pin=R16-1
Added Pin To Net: NetName=MAC_b7 Pin=S2-4
Added Pin To Net: NetName=MAC_b7 Pin=U1-62
Added Net: Name=MAC_b7
Added Pin To Net: NetName=RX Pin=U1-69
Added Pin To Net: NetName=RX Pin=XP?-1
Added Net: Name=RX
Added Pin To Net: NetName=TX Pin=U1-68
Added Pin To Net: NetName=TX Pin=XP?-3
Added Net: Name=TX
Added Member To Class: ClassName=ControlPCB Member=Component C? 0.1uF
Added Member To Class: ClassName=ControlPCB Member=Component XP? UART
