Change Value of Parameter Value in Part C1 Old=10x13 220uF New=220uF
Change Value of Parameter Value in Part C9 Old=TECAP B 10u 16V New=10u 16V
Change Value of Parameter Value in Part L1 Old= New=SRR1208-6R5ML
Change Value of Parameter Value in Part VR1 Old= New=LM1117MPX-3.3
Added Parameter Package=10x13 to Part C1
Added Parameter Package=10x13 to Part C4
Added Parameter Package=0603 to Part C5
Added Parameter Package=0603 to Part C6
Added Parameter Package=0603 to Part C7
Added Parameter Package=0603 to Part C8
Added Parameter Package=0603 to Part C10
Added Parameter Package=0603 to Part C12
Added Parameter Package=0603 to Part C13
Added Parameter Package=0603 to Part C14
Added Parameter Package=0603 to Part C15
Added Parameter Package=0603 to Part C16
Added Parameter Package=0603 to Part C17
Added Parameter Package=0603 to Part C18
Added Parameter Package=0603 to Part C19
Added Parameter Package=0603 to Part C20
Added Parameter Package=0603 to Part C21
Added Parameter Package=0603 to Part C22
Added Parameter Package=0603 to Part C23
Added Parameter Package=0603 to Part C24
Added Parameter Package=0603 to Part C26
Added Parameter Package=0603 to Part C27
Added Parameter Package=0603 to Part C28
Added Parameter Package=0603 to Part C29
Added Parameter Package=0603 to Part R9
Added Parameter Package=0603 to Part R10
Added Parameter Package=0603 to Part R25
Added Parameter Package=0603 to Part R26
Added Parameter Package=0603 to Part R27
Added Parameter Package=0603 to Part R28
Added Parameter Package=0603 to Part R29
Added Parameter Package=0603 to Part R30
Added Parameter Package=0603 to Part R31
Added Parameter Package=0603 to Part R32
Added Parameter Package=0603 to Part R33
Added Parameter Package=0603 to Part R34
Added Parameter Package=0603 to Part R35
Added Parameter Package=0603 to Part R36
Added Parameter Package=0603 to Part R37
Added Parameter Package=0603 to Part R38
Added Parameter Package=0805 to Part C11
Added Parameter Package=0805 to Part C30
Added Parameter Package=NC to Part X1
Added Parameter Package=NC to Part XP1
Added Parameter Package=NC to Part XP2
Added Parameter Package=NC to Part XP3
Added Parameter Package=SW-DIP8 to Part S1
Added Parameter Package=SW-DIP8 to Part S2
Added Parameter Package=TECAP B  to Part C9
Added Parameter Package=TECAP B  to Part C25
Added Parameter Package= to Part DD1
Added Parameter Package= to Part IC1
Added Parameter Package= to Part IC2
Added Parameter Package= to Part X2
Added Parameter Package= to Part X3
Added Parameter Package= to Part X4
Added Parameter Package= to Part X5
