Removed Pin From Net: NetName=V_24pwr Pin=C1-1
Removed Pin From Net: NetName=V_24pwr Pin=DD1-1
Removed Pin From Net: NetName=V_24pwr Pin=R19-2
Added Component: Designator=C3(CAP_EEEFK1V471SV)
Add component (AddParameter): Name = "Availability"; Value = "In Stock"; VariantName = "[No Variations]"
Add component (AddParameter): Name = "Check_prices"; Value = "https://www.snapeda.com/parts/EEE-FK1V471SV/Panasonic/view-part/?ref=eda"; VariantName = "[No Variations]"
Add component (AddParameter): Name = "MF"; Value = "Panasonic Electronic Components"; VariantName = "[No Variations]"
Add component (AddParameter): Name = "MP"; Value = "EEE-FK1V471SV"; VariantName = "[No Variations]"
Add component (AddParameter): Name = "Package"; Value = "RADIAL-2 Panasonic"; VariantName = "[No Variations]"
Add component (AddParameter): Name = "Price"; Value = "None"; VariantName = "[No Variations]"
Add component (AddParameter): Name = "Purchase-URL"; Value = "https://pricing.snapeda.com/search/part/EEE-FK1V471SV/?ref=eda"; VariantName = "[No Variations]"
Add component (AddParameter): Name = "SnapEDA_Link"; Value = "https://www.snapeda.com/parts/EEE-FK1V471SV/Panasonic/view-part/?ref=snap"; VariantName = "[No Variations]"
Add component (AddParameter): Name = "Value"; Value = ""; VariantName = "[No Variations]"
Added Component: Designator=C31(CAP_EEEFK1V471SV)
Add component (AddParameter): Name = "Availability"; Value = "In Stock"; VariantName = "[No Variations]"
Add component (AddParameter): Name = "Check_prices"; Value = "https://www.snapeda.com/parts/EEE-FK1V471SV/Panasonic/view-part/?ref=eda"; VariantName = "[No Variations]"
Add component (AddParameter): Name = "MF"; Value = "Panasonic Electronic Components"; VariantName = "[No Variations]"
Add component (AddParameter): Name = "MP"; Value = "EEE-FK1V471SV"; VariantName = "[No Variations]"
Add component (AddParameter): Name = "Package"; Value = "RADIAL-2 Panasonic"; VariantName = "[No Variations]"
Add component (AddParameter): Name = "Price"; Value = "None"; VariantName = "[No Variations]"
Add component (AddParameter): Name = "Purchase-URL"; Value = "https://pricing.snapeda.com/search/part/EEE-FK1V471SV/?ref=eda"; VariantName = "[No Variations]"
Add component (AddParameter): Name = "SnapEDA_Link"; Value = "https://www.snapeda.com/parts/EEE-FK1V471SV/Panasonic/view-part/?ref=snap"; VariantName = "[No Variations]"
Add component (AddParameter): Name = "Value"; Value = ""; VariantName = "[No Variations]"
Added Component: Designator=DG1(15EDGVC-3.5-16P)
Added Component: Designator=R13(Resistor 1206)
Add component (AddParameter): Name = "Package"; Value = "1206"; VariantName = "[No Variations]"
Add component (AddParameter): Name = "Value"; Value = "NC"; VariantName = "[No Variations]"
Added Pin To Net: NetName=GND Pin=C3-2
Added Pin To Net: NetName=+5v Pin=C31-1
Added Pin To Net: NetName=GND Pin=C31-2
Added Pin To Net: NetName=GND Pin=DG1-2
Added Pin To Net: NetName=V_24pwr Pin=R13-1
Change Net Name : Old Net Name=V_24pwr New Net Name=NetR13_1
Added Pin To Net: NetName=V_24pwr Pin=C1-1
Added Pin To Net: NetName=V_24pwr Pin=C3-1
Added Pin To Net: NetName=V_24pwr Pin=DD1-1
Added Pin To Net: NetName=V_24pwr Pin=DG1-1
Added Pin To Net: NetName=V_24pwr Pin=R13-2
Added Pin To Net: NetName=V_24pwr Pin=R19-2
Added Net: Name=V_24pwr
Added Member To Class: ClassName=ControlPCB Member=Component C3 EEEFK1V471SV
Added Member To Class: ClassName=ControlPCB Member=Component C31 EEEFK1V471SV
Added Member To Class: ClassName=ControlPCB Member=Component DG1 15EDGVC-3.5-2P
Added Member To Class: ClassName=ControlPCB Member=Component R13 NC
