Removed Pin From Net: NetName=+5v Pin=X2-1
Removed Pin From Net: NetName=+5v Pin=X2-2
Removed Pin From Net: NetName=I2C_DATA Pin=X2-5
Removed Pin From Net: NetName=I2C_CLK Pin=X2-6
Removed Pin From Net: NetName=+24v Pin=X2-9
Removed Pin From Net: NetName=+24v Pin=X2-10
Change component parameters: Designator = "C2" ("C2"); Footprint = "ECR 10x13mm"; UniqueID = "\DXSRMMFS" ("\DXSRMMFS")
Change component parameters (AddParameter): Name = ""; Value = "220uF"; VariantName = "[No Variations]"
Change component parameters (AddParameter): Name = "Comments"; Value = ""; VariantName = "[No Variations]"
Change component parameters (AddParameter): Name = "CompType"; Value = "Cappactor"; VariantName = "[No Variations]"
Change component parameters (AddParameter): Name = "Note"; Value = ""; VariantName = "[No Variations]"
Change component parameters (AddParameter): Name = "Package"; Value = "ECR 10x13mm"; VariantName = "[No Variations]"
Change component parameters (AddParameter): Name = "PartNumber"; Value = "ECR221M50BA"; VariantName = "[No Variations]"
Change component parameters (AddParameter): Name = "Pins"; Value = "2"; VariantName = "[No Variations]"
Change component parameters (AddParameter): Name = "SnapEDA_Link"; Value = ""; VariantName = "[No Variations]"
Change component parameters (AddParameter): Name = "Tolerance_Percent"; Value = "±20%"; VariantName = "[No Variations]"
Change component parameters (AddParameter): Name = "Value"; Value = "220uF"; VariantName = "[No Variations]"
Change component parameters (AddParameter): Name = "Voltage"; Value = "50"; VariantName = "[No Variations]"
Change component parameters: Designator = "C3" ("C3"); Footprint = "ECR 10x13mm"; UniqueID = "\CBIAMBJC" ("\CBIAMBJC")
Change component parameters (AddParameter): Name = ""; Value = "220uF"; VariantName = "[No Variations]"
Change component parameters (AddParameter): Name = "Comments"; Value = ""; VariantName = "[No Variations]"
Change component parameters (AddParameter): Name = "CompType"; Value = "Cappactor"; VariantName = "[No Variations]"
Change component parameters (AddParameter): Name = "Note"; Value = ""; VariantName = "[No Variations]"
Change component parameters (AddParameter): Name = "Package"; Value = "ECR 10x13mm"; VariantName = "[No Variations]"
Change component parameters (AddParameter): Name = "PartNumber"; Value = "ECR221M50BA"; VariantName = "[No Variations]"
Change component parameters (AddParameter): Name = "Pins"; Value = "2"; VariantName = "[No Variations]"
Change component parameters (AddParameter): Name = "SnapEDA_Link"; Value = ""; VariantName = "[No Variations]"
Change component parameters (AddParameter): Name = "Tolerance_Percent"; Value = "±20%"; VariantName = "[No Variations]"
Change component parameters (AddParameter): Name = "Value"; Value = "220uF"; VariantName = "[No Variations]"
Change component parameters (AddParameter): Name = "Voltage"; Value = "50"; VariantName = "[No Variations]"
Change component parameters: Designator = "C4" ("C4"); Footprint = "CAPACITOR 0603"; UniqueID = "\CTODZIZH" ("\CTODZIZH")
Change component parameters (AddParameter): Name = ""; Value = "0.1uF"; VariantName = "[No Variations]"
Change component parameters (AddParameter): Name = "Comments"; Value = ""; VariantName = "[No Variations]"
Change component parameters (AddParameter): Name = "CompType"; Value = "Cappactor"; VariantName = "[No Variations]"
Change component parameters (AddParameter): Name = "Note"; Value = ""; VariantName = "[No Variations]"
Change component parameters (AddParameter): Name = "Package"; Value = "0603"; VariantName = "[No Variations]"
Change component parameters (AddParameter): Name = "PartNumber"; Value = ""; VariantName = "[No Variations]"
Change component parameters (AddParameter): Name = "Pins"; Value = "2"; VariantName = "[No Variations]"
Change component parameters (AddParameter): Name = "SnapEDA_Link"; Value = ""; VariantName = "[No Variations]"
Change component parameters (AddParameter): Name = "Tolerance_Percent"; Value = ""; VariantName = "[No Variations]"
Change component parameters (AddParameter): Name = "Value"; Value = "0.1uF"; VariantName = "[No Variations]"
Change component parameters (AddParameter): Name = "Voltage"; Value = ""; VariantName = "[No Variations]"
Change component parameters: Designator = "C5" ("C5"); Footprint = "CAPACITOR 0603"; UniqueID = "\QOKEBLSP" ("\QOKEBLSP")
Change component parameters (AddParameter): Name = ""; Value = "0.1uF"; VariantName = "[No Variations]"
Change component parameters (AddParameter): Name = "Comments"; Value = ""; VariantName = "[No Variations]"
Change component parameters (AddParameter): Name = "CompType"; Value = "Cappactor"; VariantName = "[No Variations]"
Change component parameters (AddParameter): Name = "Note"; Value = ""; VariantName = "[No Variations]"
Change component parameters (AddParameter): Name = "Package"; Value = "0603"; VariantName = "[No Variations]"
Change component parameters (AddParameter): Name = "PartNumber"; Value = ""; VariantName = "[No Variations]"
Change component parameters (AddParameter): Name = "Pins"; Value = "2"; VariantName = "[No Variations]"
Change component parameters (AddParameter): Name = "SnapEDA_Link"; Value = ""; VariantName = "[No Variations]"
Change component parameters (AddParameter): Name = "Tolerance_Percent"; Value = ""; VariantName = "[No Variations]"
Change component parameters (AddParameter): Name = "Value"; Value = "0.1uF"; VariantName = "[No Variations]"
Change component parameters (AddParameter): Name = "Voltage"; Value = ""; VariantName = "[No Variations]"
Change component parameters: Designator = "C6" ("C6"); Footprint = "CAPACITOR 0603"; UniqueID = "\FQQCYJPU" ("\FQQCYJPU")
Change component parameters (AddParameter): Name = ""; Value = "0.1uF"; VariantName = "[No Variations]"
Change component parameters (AddParameter): Name = "Comments"; Value = ""; VariantName = "[No Variations]"
Change component parameters (AddParameter): Name = "CompType"; Value = "Cappactor"; VariantName = "[No Variations]"
Change component parameters (AddParameter): Name = "Note"; Value = ""; VariantName = "[No Variations]"
Change component parameters (AddParameter): Name = "Package"; Value = "0603"; VariantName = "[No Variations]"
Change component parameters (AddParameter): Name = "PartNumber"; Value = ""; VariantName = "[No Variations]"
Change component parameters (AddParameter): Name = "Pins"; Value = "2"; VariantName = "[No Variations]"
Change component parameters (AddParameter): Name = "SnapEDA_Link"; Value = ""; VariantName = "[No Variations]"
Change component parameters (AddParameter): Name = "Tolerance_Percent"; Value = ""; VariantName = "[No Variations]"
Change component parameters (AddParameter): Name = "Value"; Value = "0.1uF"; VariantName = "[No Variations]"
Change component parameters (AddParameter): Name = "Voltage"; Value = ""; VariantName = "[No Variations]"
Change component parameters: Designator = "C7" ("C7"); Footprint = "CAPACITOR 0603"; UniqueID = "\MBYDESHZ" ("\MBYDESHZ")
Change component parameters (AddParameter): Name = ""; Value = "0.1uF"; VariantName = "[No Variations]"
Change component parameters (AddParameter): Name = "Comments"; Value = ""; VariantName = "[No Variations]"
Change component parameters (AddParameter): Name = "CompType"; Value = "Cappactor"; VariantName = "[No Variations]"
Change component parameters (AddParameter): Name = "Note"; Value = ""; VariantName = "[No Variations]"
Change component parameters (AddParameter): Name = "Package"; Value = "0603"; VariantName = "[No Variations]"
Change component parameters (AddParameter): Name = "PartNumber"; Value = ""; VariantName = "[No Variations]"
Change component parameters (AddParameter): Name = "Pins"; Value = "2"; VariantName = "[No Variations]"
Change component parameters (AddParameter): Name = "SnapEDA_Link"; Value = ""; VariantName = "[No Variations]"
Change component parameters (AddParameter): Name = "Tolerance_Percent"; Value = ""; VariantName = "[No Variations]"
Change component parameters (AddParameter): Name = "Value"; Value = "0.1uF"; VariantName = "[No Variations]"
Change component parameters (AddParameter): Name = "Voltage"; Value = ""; VariantName = "[No Variations]"
Change component parameters: Designator = "C8" ("C8"); Footprint = "CAPACITOR 0603"; UniqueID = "\ZOGUAYCF" ("\ZOGUAYCF")
Change component parameters (AddParameter): Name = ""; Value = "0.1uF"; VariantName = "[No Variations]"
Change component parameters (AddParameter): Name = "Comments"; Value = ""; VariantName = "[No Variations]"
Change component parameters (AddParameter): Name = "CompType"; Value = "Cappactor"; VariantName = "[No Variations]"
Change component parameters (AddParameter): Name = "Note"; Value = ""; VariantName = "[No Variations]"
Change component parameters (AddParameter): Name = "Package"; Value = "0603"; VariantName = "[No Variations]"
Change component parameters (AddParameter): Name = "PartNumber"; Value = ""; VariantName = "[No Variations]"
Change component parameters (AddParameter): Name = "Pins"; Value = "2"; VariantName = "[No Variations]"
Change component parameters (AddParameter): Name = "SnapEDA_Link"; Value = ""; VariantName = "[No Variations]"
Change component parameters (AddParameter): Name = "Tolerance_Percent"; Value = ""; VariantName = "[No Variations]"
Change component parameters (AddParameter): Name = "Value"; Value = "0.1uF"; VariantName = "[No Variations]"
Change component parameters (AddParameter): Name = "Voltage"; Value = ""; VariantName = "[No Variations]"
Change component parameters: Designator = "C9" ("C9"); Footprint = "CAPACITOR 0805"; UniqueID = "\HHMZBWMV" ("\HHMZBWMV")
Change component parameters (AddParameter): Name = ""; Value = "2.2uF"; VariantName = "[No Variations]"
Change component parameters (AddParameter): Name = "Comments"; Value = ""; VariantName = "[No Variations]"
Change component parameters (AddParameter): Name = "CompType"; Value = "Cappactor"; VariantName = "[No Variations]"
Change component parameters (AddParameter): Name = "Note"; Value = ""; VariantName = "[No Variations]"
Change component parameters (AddParameter): Name = "Package"; Value = "0805"; VariantName = "[No Variations]"
Change component parameters (AddParameter): Name = "PartNumber"; Value = ""; VariantName = "[No Variations]"
Change component parameters (AddParameter): Name = "Pins"; Value = "2"; VariantName = "[No Variations]"
Change component parameters (AddParameter): Name = "SnapEDA_Link"; Value = ""; VariantName = "[No Variations]"
Change component parameters (AddParameter): Name = "Tolerance_Percent"; Value = ""; VariantName = "[No Variations]"
Change component parameters (AddParameter): Name = "Value"; Value = "2.2uF"; VariantName = "[No Variations]"
Change component parameters (AddParameter): Name = "Voltage"; Value = ""; VariantName = "[No Variations]"
Change component parameters: Designator = "C10" ("C10"); Footprint = "CAPACITOR 0603"; UniqueID = "\YWCIEUTW" ("\YWCIEUTW")
Change component parameters (AddParameter): Name = ""; Value = "0.1uF"; VariantName = "[No Variations]"
Change component parameters (AddParameter): Name = "Comments"; Value = ""; VariantName = "[No Variations]"
Change component parameters (AddParameter): Name = "CompType"; Value = "Cappactor"; VariantName = "[No Variations]"
Change component parameters (AddParameter): Name = "Note"; Value = ""; VariantName = "[No Variations]"
Change component parameters (AddParameter): Name = "Package"; Value = "0603"; VariantName = "[No Variations]"
Change component parameters (AddParameter): Name = "PartNumber"; Value = ""; VariantName = "[No Variations]"
Change component parameters (AddParameter): Name = "Pins"; Value = "2"; VariantName = "[No Variations]"
Change component parameters (AddParameter): Name = "SnapEDA_Link"; Value = ""; VariantName = "[No Variations]"
Change component parameters (AddParameter): Name = "Tolerance_Percent"; Value = ""; VariantName = "[No Variations]"
Change component parameters (AddParameter): Name = "Value"; Value = "0.1uF"; VariantName = "[No Variations]"
Change component parameters (AddParameter): Name = "Voltage"; Value = ""; VariantName = "[No Variations]"
Change component parameters: Designator = "C11" ("C11"); Footprint = "CAPACITOR 0603"; UniqueID = "\XSXLPUKI" ("\XSXLPUKI")
Change component parameters (AddParameter): Name = ""; Value = "0.1uF"; VariantName = "[No Variations]"
Change component parameters (AddParameter): Name = "Comments"; Value = ""; VariantName = "[No Variations]"
Change component parameters (AddParameter): Name = "CompType"; Value = "Cappactor"; VariantName = "[No Variations]"
Change component parameters (AddParameter): Name = "Note"; Value = ""; VariantName = "[No Variations]"
Change component parameters (AddParameter): Name = "Package"; Value = "0603"; VariantName = "[No Variations]"
Change component parameters (AddParameter): Name = "PartNumber"; Value = ""; VariantName = "[No Variations]"
Change component parameters (AddParameter): Name = "Pins"; Value = "2"; VariantName = "[No Variations]"
Change component parameters (AddParameter): Name = "SnapEDA_Link"; Value = ""; VariantName = "[No Variations]"
Change component parameters (AddParameter): Name = "Tolerance_Percent"; Value = ""; VariantName = "[No Variations]"
Change component parameters (AddParameter): Name = "Value"; Value = "0.1uF"; VariantName = "[No Variations]"
Change component parameters (AddParameter): Name = "Voltage"; Value = ""; VariantName = "[No Variations]"
Change component parameters: Designator = "C13" ("C13"); Footprint = "CAPACITOR 0603"; UniqueID = "\EYQCENBJ" ("\EYQCENBJ")
Change component parameters (AddParameter): Name = ""; Value = "0.1uF"; VariantName = "[No Variations]"
Change component parameters (AddParameter): Name = "Comments"; Value = ""; VariantName = "[No Variations]"
Change component parameters (AddParameter): Name = "CompType"; Value = "Cappactor"; VariantName = "[No Variations]"
Change component parameters (AddParameter): Name = "Note"; Value = ""; VariantName = "[No Variations]"
Change component parameters (AddParameter): Name = "Package"; Value = "0603"; VariantName = "[No Variations]"
Change component parameters (AddParameter): Name = "PartNumber"; Value = ""; VariantName = "[No Variations]"
Change component parameters (AddParameter): Name = "Pins"; Value = "2"; VariantName = "[No Variations]"
Change component parameters (AddParameter): Name = "SnapEDA_Link"; Value = ""; VariantName = "[No Variations]"
Change component parameters (AddParameter): Name = "Tolerance_Percent"; Value = ""; VariantName = "[No Variations]"
Change component parameters (AddParameter): Name = "Value"; Value = "0.1uF"; VariantName = "[No Variations]"
Change component parameters (AddParameter): Name = "Voltage"; Value = ""; VariantName = "[No Variations]"
Change component parameters: Designator = "C18" ("C18"); Footprint = "CAPACITOR 0603"; UniqueID = "\AMBZLGCO" ("\AMBZLGCO")
Change component parameters (AddParameter): Name = ""; Value = "0.1uF"; VariantName = "[No Variations]"
Change component parameters (AddParameter): Name = "Comments"; Value = ""; VariantName = "[No Variations]"
Change component parameters (AddParameter): Name = "CompType"; Value = "Cappactor"; VariantName = "[No Variations]"
Change component parameters (AddParameter): Name = "Note"; Value = ""; VariantName = "[No Variations]"
Change component parameters (AddParameter): Name = "Package"; Value = "0603"; VariantName = "[No Variations]"
Change component parameters (AddParameter): Name = "PartNumber"; Value = ""; VariantName = "[No Variations]"
Change component parameters (AddParameter): Name = "Pins"; Value = "2"; VariantName = "[No Variations]"
Change component parameters (AddParameter): Name = "SnapEDA_Link"; Value = ""; VariantName = "[No Variations]"
Change component parameters (AddParameter): Name = "Tolerance_Percent"; Value = ""; VariantName = "[No Variations]"
Change component parameters (AddParameter): Name = "Value"; Value = "0.1uF"; VariantName = "[No Variations]"
Change component parameters (AddParameter): Name = "Voltage"; Value = ""; VariantName = "[No Variations]"
Change component parameters: Designator = "C19" ("C19"); Footprint = "CAPACITOR 0603"; UniqueID = "\YZMIJBKF" ("\YZMIJBKF")
Change component parameters (AddParameter): Name = ""; Value = "0.1uF"; VariantName = "[No Variations]"
Change component parameters (AddParameter): Name = "Comments"; Value = ""; VariantName = "[No Variations]"
Change component parameters (AddParameter): Name = "CompType"; Value = "Cappactor"; VariantName = "[No Variations]"
Change component parameters (AddParameter): Name = "Note"; Value = ""; VariantName = "[No Variations]"
Change component parameters (AddParameter): Name = "Package"; Value = "0603"; VariantName = "[No Variations]"
Change component parameters (AddParameter): Name = "PartNumber"; Value = ""; VariantName = "[No Variations]"
Change component parameters (AddParameter): Name = "Pins"; Value = "2"; VariantName = "[No Variations]"
Change component parameters (AddParameter): Name = "SnapEDA_Link"; Value = ""; VariantName = "[No Variations]"
Change component parameters (AddParameter): Name = "Tolerance_Percent"; Value = ""; VariantName = "[No Variations]"
Change component parameters (AddParameter): Name = "Value"; Value = "0.1uF"; VariantName = "[No Variations]"
Change component parameters (AddParameter): Name = "Voltage"; Value = ""; VariantName = "[No Variations]"
Change component parameters: Designator = "C20" ("C20"); Footprint = "CAPACITOR 0603"; UniqueID = "\FIZYVBPS" ("\FIZYVBPS")
Change component parameters (AddParameter): Name = ""; Value = "0.1uF"; VariantName = "[No Variations]"
Change component parameters (AddParameter): Name = "Comments"; Value = ""; VariantName = "[No Variations]"
Change component parameters (AddParameter): Name = "CompType"; Value = "Cappactor"; VariantName = "[No Variations]"
Change component parameters (AddParameter): Name = "Note"; Value = ""; VariantName = "[No Variations]"
Change component parameters (AddParameter): Name = "Package"; Value = "0603"; VariantName = "[No Variations]"
Change component parameters (AddParameter): Name = "PartNumber"; Value = ""; VariantName = "[No Variations]"
Change component parameters (AddParameter): Name = "Pins"; Value = "2"; VariantName = "[No Variations]"
Change component parameters (AddParameter): Name = "SnapEDA_Link"; Value = ""; VariantName = "[No Variations]"
Change component parameters (AddParameter): Name = "Tolerance_Percent"; Value = ""; VariantName = "[No Variations]"
Change component parameters (AddParameter): Name = "Value"; Value = "0.1uF"; VariantName = "[No Variations]"
Change component parameters (AddParameter): Name = "Voltage"; Value = ""; VariantName = "[No Variations]"
Change component parameters: Designator = "C21" ("C21"); Footprint = "CAPACITOR 0603"; UniqueID = "\SQDHZFIV" ("\SQDHZFIV")
Change component parameters (AddParameter): Name = ""; Value = "0.1uF"; VariantName = "[No Variations]"
Change component parameters (AddParameter): Name = "Comments"; Value = ""; VariantName = "[No Variations]"
Change component parameters (AddParameter): Name = "CompType"; Value = "Cappactor"; VariantName = "[No Variations]"
Change component parameters (AddParameter): Name = "Note"; Value = ""; VariantName = "[No Variations]"
Change component parameters (AddParameter): Name = "Package"; Value = "0603"; VariantName = "[No Variations]"
Change component parameters (AddParameter): Name = "PartNumber"; Value = ""; VariantName = "[No Variations]"
Change component parameters (AddParameter): Name = "Pins"; Value = "2"; VariantName = "[No Variations]"
Change component parameters (AddParameter): Name = "SnapEDA_Link"; Value = ""; VariantName = "[No Variations]"
Change component parameters (AddParameter): Name = "Tolerance_Percent"; Value = ""; VariantName = "[No Variations]"
Change component parameters (AddParameter): Name = "Value"; Value = "0.1uF"; VariantName = "[No Variations]"
Change component parameters (AddParameter): Name = "Voltage"; Value = ""; VariantName = "[No Variations]"
Change component parameters: Designator = "C23" ("C23"); Footprint = "CAPACITOR 0603"; UniqueID = "\YWUZQTIM" ("\YWUZQTIM")
Change component parameters (AddParameter): Name = ""; Value = "0.1uF"; VariantName = "[No Variations]"
Change component parameters (AddParameter): Name = "Comments"; Value = ""; VariantName = "[No Variations]"
Change component parameters (AddParameter): Name = "CompType"; Value = "Cappactor"; VariantName = "[No Variations]"
Change component parameters (AddParameter): Name = "Note"; Value = ""; VariantName = "[No Variations]"
Change component parameters (AddParameter): Name = "Package"; Value = "0603"; VariantName = "[No Variations]"
Change component parameters (AddParameter): Name = "PartNumber"; Value = ""; VariantName = "[No Variations]"
Change component parameters (AddParameter): Name = "Pins"; Value = "2"; VariantName = "[No Variations]"
Change component parameters (AddParameter): Name = "SnapEDA_Link"; Value = ""; VariantName = "[No Variations]"
Change component parameters (AddParameter): Name = "Tolerance_Percent"; Value = ""; VariantName = "[No Variations]"
Change component parameters (AddParameter): Name = "Value"; Value = "0.1uF"; VariantName = "[No Variations]"
Change component parameters (AddParameter): Name = "Voltage"; Value = ""; VariantName = "[No Variations]"
Change component parameters: Designator = "C24" ("C24"); Footprint = "CAPACITOR 0603"; UniqueID = "\GVMOZTJK" ("\GVMOZTJK")
Change component parameters (AddParameter): Name = ""; Value = "1uF"; VariantName = "[No Variations]"
Change component parameters (AddParameter): Name = "Comments"; Value = ""; VariantName = "[No Variations]"
Change component parameters (AddParameter): Name = "CompType"; Value = "Cappactor"; VariantName = "[No Variations]"
Change component parameters (AddParameter): Name = "Note"; Value = ""; VariantName = "[No Variations]"
Change component parameters (AddParameter): Name = "Package"; Value = "0603"; VariantName = "[No Variations]"
Change component parameters (AddParameter): Name = "PartNumber"; Value = ""; VariantName = "[No Variations]"
Change component parameters (AddParameter): Name = "Pins"; Value = "2"; VariantName = "[No Variations]"
Change component parameters (AddParameter): Name = "SnapEDA_Link"; Value = ""; VariantName = "[No Variations]"
Change component parameters (AddParameter): Name = "Tolerance_Percent"; Value = ""; VariantName = "[No Variations]"
Change component parameters (AddParameter): Name = "Value"; Value = "1uF"; VariantName = "[No Variations]"
Change component parameters (AddParameter): Name = "Voltage"; Value = ""; VariantName = "[No Variations]"
Change component parameters: Designator = "C25" ("C25"); Footprint = "CAPACITOR 0603"; UniqueID = "\HMNEOTNG" ("\HMNEOTNG")
Change component parameters (AddParameter): Name = ""; Value = "0.1uF"; VariantName = "[No Variations]"
Change component parameters (AddParameter): Name = "Comments"; Value = ""; VariantName = "[No Variations]"
Change component parameters (AddParameter): Name = "CompType"; Value = "Cappactor"; VariantName = "[No Variations]"
Change component parameters (AddParameter): Name = "Note"; Value = ""; VariantName = "[No Variations]"
Change component parameters (AddParameter): Name = "Package"; Value = "0603"; VariantName = "[No Variations]"
Change component parameters (AddParameter): Name = "PartNumber"; Value = ""; VariantName = "[No Variations]"
Change component parameters (AddParameter): Name = "Pins"; Value = "2"; VariantName = "[No Variations]"
Change component parameters (AddParameter): Name = "SnapEDA_Link"; Value = ""; VariantName = "[No Variations]"
Change component parameters (AddParameter): Name = "Tolerance_Percent"; Value = ""; VariantName = "[No Variations]"
Change component parameters (AddParameter): Name = "Value"; Value = "0.1uF"; VariantName = "[No Variations]"
Change component parameters (AddParameter): Name = "Voltage"; Value = ""; VariantName = "[No Variations]"
Change component parameters: Designator = "C26" ("C26"); Footprint = "CAPACITOR 0603"; UniqueID = "\NAQFWCMH" ("\NAQFWCMH")
Change component parameters (AddParameter): Name = ""; Value = "0.1uF"; VariantName = "[No Variations]"
Change component parameters (AddParameter): Name = "Comments"; Value = ""; VariantName = "[No Variations]"
Change component parameters (AddParameter): Name = "CompType"; Value = "Cappactor"; VariantName = "[No Variations]"
Change component parameters (AddParameter): Name = "Note"; Value = ""; VariantName = "[No Variations]"
Change component parameters (AddParameter): Name = "Package"; Value = "0603"; VariantName = "[No Variations]"
Change component parameters (AddParameter): Name = "PartNumber"; Value = ""; VariantName = "[No Variations]"
Change component parameters (AddParameter): Name = "Pins"; Value = "2"; VariantName = "[No Variations]"
Change component parameters (AddParameter): Name = "SnapEDA_Link"; Value = ""; VariantName = "[No Variations]"
Change component parameters (AddParameter): Name = "Tolerance_Percent"; Value = ""; VariantName = "[No Variations]"
Change component parameters (AddParameter): Name = "Value"; Value = "0.1uF"; VariantName = "[No Variations]"
Change component parameters (AddParameter): Name = "Voltage"; Value = ""; VariantName = "[No Variations]"
Change component parameters: Designator = "C27" ("C27"); Footprint = "CAPACITOR 0603"; UniqueID = "\LOFLVBVR" ("\LOFLVBVR")
Change component parameters (AddParameter): Name = ""; Value = "0.1uF"; VariantName = "[No Variations]"
Change component parameters (AddParameter): Name = "Comments"; Value = ""; VariantName = "[No Variations]"
Change component parameters (AddParameter): Name = "CompType"; Value = "Cappactor"; VariantName = "[No Variations]"
Change component parameters (AddParameter): Name = "Note"; Value = ""; VariantName = "[No Variations]"
Change component parameters (AddParameter): Name = "Package"; Value = "0603"; VariantName = "[No Variations]"
Change component parameters (AddParameter): Name = "PartNumber"; Value = ""; VariantName = "[No Variations]"
Change component parameters (AddParameter): Name = "Pins"; Value = "2"; VariantName = "[No Variations]"
Change component parameters (AddParameter): Name = "SnapEDA_Link"; Value = ""; VariantName = "[No Variations]"
Change component parameters (AddParameter): Name = "Tolerance_Percent"; Value = ""; VariantName = "[No Variations]"
Change component parameters (AddParameter): Name = "Value"; Value = "0.1uF"; VariantName = "[No Variations]"
Change component parameters (AddParameter): Name = "Voltage"; Value = ""; VariantName = "[No Variations]"
Change component parameters: Designator = "C28" ("C28"); Footprint = "CAPACITOR 0603"; UniqueID = "\VFTSPMOJ" ("\VFTSPMOJ")
Change component parameters (AddParameter): Name = ""; Value = "18pF"; VariantName = "[No Variations]"
Change component parameters (AddParameter): Name = "Comments"; Value = ""; VariantName = "[No Variations]"
Change component parameters (AddParameter): Name = "CompType"; Value = "Cappactor"; VariantName = "[No Variations]"
Change component parameters (AddParameter): Name = "Note"; Value = ""; VariantName = "[No Variations]"
Change component parameters (AddParameter): Name = "Package"; Value = "0603"; VariantName = "[No Variations]"
Change component parameters (AddParameter): Name = "PartNumber"; Value = ""; VariantName = "[No Variations]"
Change component parameters (AddParameter): Name = "Pins"; Value = "2"; VariantName = "[No Variations]"
Change component parameters (AddParameter): Name = "SnapEDA_Link"; Value = ""; VariantName = "[No Variations]"
Change component parameters (AddParameter): Name = "Tolerance_Percent"; Value = ""; VariantName = "[No Variations]"
Change component parameters (AddParameter): Name = "Value"; Value = "18pF"; VariantName = "[No Variations]"
Change component parameters (AddParameter): Name = "Voltage"; Value = ""; VariantName = "[No Variations]"
Change component parameters: Designator = "C29" ("C29"); Footprint = "CAPACITOR 0805"; UniqueID = "\JUOXEMZD" ("\JUOXEMZD")
Change component parameters (AddParameter): Name = ""; Value = "2.2uF"; VariantName = "[No Variations]"
Change component parameters (AddParameter): Name = "Comments"; Value = ""; VariantName = "[No Variations]"
Change component parameters (AddParameter): Name = "CompType"; Value = "Cappactor"; VariantName = "[No Variations]"
Change component parameters (AddParameter): Name = "Note"; Value = ""; VariantName = "[No Variations]"
Change component parameters (AddParameter): Name = "Package"; Value = "0805"; VariantName = "[No Variations]"
Change component parameters (AddParameter): Name = "PartNumber"; Value = ""; VariantName = "[No Variations]"
Change component parameters (AddParameter): Name = "Pins"; Value = "2"; VariantName = "[No Variations]"
Change component parameters (AddParameter): Name = "SnapEDA_Link"; Value = ""; VariantName = "[No Variations]"
Change component parameters (AddParameter): Name = "Tolerance_Percent"; Value = ""; VariantName = "[No Variations]"
Change component parameters (AddParameter): Name = "Value"; Value = "2.2uF"; VariantName = "[No Variations]"
Change component parameters (AddParameter): Name = "Voltage"; Value = ""; VariantName = "[No Variations]"
Change component parameters: Designator = "C30" ("C30"); Footprint = "CAPACITOR 0603"; UniqueID = "\DGYTUUWO" ("\DGYTUUWO")
Change component parameters (AddParameter): Name = ""; Value = "18pF"; VariantName = "[No Variations]"
Change component parameters (AddParameter): Name = "CompType"; Value = "Cappactor"; VariantName = "[No Variations]"
Change component parameters (AddParameter): Name = "Note"; Value = ""; VariantName = "[No Variations]"
Change component parameters (AddParameter): Name = "Package"; Value = "0603"; VariantName = "[No Variations]"
Change component parameters (AddParameter): Name = "PartNumber"; Value = ""; VariantName = "[No Variations]"
Change component parameters (AddParameter): Name = "Pins"; Value = "2"; VariantName = "[No Variations]"
Change component parameters (AddParameter): Name = "SnapEDA_Link"; Value = ""; VariantName = "[No Variations]"
Change component parameters (AddParameter): Name = "Tolerance_Percent"; Value = ""; VariantName = "[No Variations]"
Change component parameters (AddParameter): Name = "Value"; Value = "18pF"; VariantName = "[No Variations]"
Change component parameters (AddParameter): Name = "Voltage"; Value = ""; VariantName = "[No Variations]"
Change component parameters: Designator = "DD1" ("DD1"); Footprint = "TO-263"; UniqueID = "\OLUYDUBY" ("\OLUYDUBY")
Change component parameters (AddParameter): Name = ""; Value = "LM2596S-ADJ"; VariantName = "[No Variations]"
Change component parameters (AddParameter): Name = "Comments"; Value = ""; VariantName = "[No Variations]"
Change component parameters (AddParameter): Name = "CompType"; Value = "DC-DC stepdown"; VariantName = "[No Variations]"
Change component parameters (AddParameter): Name = "Note"; Value = ""; VariantName = "[No Variations]"
Change component parameters (AddParameter): Name = "Package"; Value = "D2PAK"; VariantName = "[No Variations]"
Change component parameters (AddParameter): Name = "PartNumber"; Value = "LM2596S-ADJ"; VariantName = "[No Variations]"
Change component parameters (AddParameter): Name = "Pins"; Value = "6"; VariantName = "[No Variations]"
Change component parameters (AddParameter): Name = "SnapEDA_Link"; Value = ""; VariantName = "[No Variations]"
Change component parameters (AddParameter): Name = "Tolerance_Percent"; Value = ""; VariantName = "[No Variations]"
Change component parameters (AddParameter): Name = "Value"; Value = "LM2596S-ADJ"; VariantName = "[No Variations]"
Change component parameters (AddParameter): Name = "Voltage"; Value = ""; VariantName = "[No Variations]"
Change component parameters: Designator = "IC2" ("IC2"); Footprint = "LAN8742A"; UniqueID = "\BAPUTQHW" ("\BAPUTQHW")
Change component parameters (AddParameter): Name = ""; Value = "LAN8742A-CZ-TR"; VariantName = "[No Variations]"
Change component parameters (AddParameter): Name = "Comments"; Value = ""; VariantName = "[No Variations]"
Change component parameters (AddParameter): Name = "CompType"; Value = "IC"; VariantName = "[No Variations]"
Change component parameters (AddParameter): Name = "Note"; Value = ""; VariantName = "[No Variations]"
Change component parameters (AddParameter): Name = "Package"; Value = "SQFN 24"; VariantName = "[No Variations]"
Change component parameters (AddParameter): Name = "PartNumber"; Value = ""; VariantName = "[No Variations]"
Change component parameters (AddParameter): Name = "Pins"; Value = "25"; VariantName = "[No Variations]"
Change component parameters (AddParameter): Name = "SnapEDA_Link"; Value = ""; VariantName = "[No Variations]"
Change component parameters (AddParameter): Name = "Tolerance_Percent"; Value = ""; VariantName = "[No Variations]"
Change component parameters (AddParameter): Name = "Value"; Value = "LAN8742A-CZ-TR"; VariantName = "[No Variations]"
Change component parameters (AddParameter): Name = "Voltage"; Value = ""; VariantName = "[No Variations]"
Change component parameters: Designator = "J1" ("J1"); Footprint = "HANRUN_HR911105A"; UniqueID = "\ZBIVOHFX" ("\ZBIVOHFX")
Change component parameters (AddParameter): Name = ""; Value = "HR911105A"; VariantName = "[No Variations]"
Change component parameters (AddParameter): Name = "Comments"; Value = ""; VariantName = "[No Variations]"
Change component parameters (AddParameter): Name = "CompType"; Value = "connector"; VariantName = "[No Variations]"
Change component parameters (AddParameter): Name = "Note"; Value = ""; VariantName = "[No Variations]"
Change component parameters (AddParameter): Name = "Package"; Value = "Rj45"; VariantName = "[No Variations]"
Change component parameters (AddParameter): Name = "PartNumber"; Value = "HR911105A"; VariantName = "[No Variations]"
Change component parameters (AddParameter): Name = "Pins"; Value = "10"; VariantName = "[No Variations]"
Change component parameters (AddParameter): Name = "SnapEDA_Link"; Value = "https://www.snapeda.com/parts/HR911105A/DFRobot/view-part/214807/?ref=snap"; VariantName = "[No Variations]"
Change component parameters (AddParameter): Name = "Tolerance_Percent"; Value = ""; VariantName = "[No Variations]"
Change component parameters (AddParameter): Name = "Value"; Value = ""; VariantName = "[No Variations]"
Change component parameters (AddParameter): Name = "Voltage"; Value = ""; VariantName = "[No Variations]"
Change component parameters: Designator = "L1" ("L1"); Footprint = "SRR1208"; UniqueID = "\ZGLYKCLU" ("\ZGLYKCLU")
Change component parameters (AddParameter): Name = ""; Value = "47 uH"; VariantName = "[No Variations]"
Change component parameters (AddParameter): Name = "Comments"; Value = ""; VariantName = "[No Variations]"
Change component parameters (AddParameter): Name = "CompType"; Value = "Inductor"; VariantName = "[No Variations]"
Change component parameters (AddParameter): Name = "Note"; Value = "inductor 47uH ~3A or 100uH ~1.5A"; VariantName = "[No Variations]"
Change component parameters (AddParameter): Name = "Package"; Value = "SMD 2-Pin"; VariantName = "[No Variations]"
Change component parameters (AddParameter): Name = "PartNumber"; Value = "B82477G4104M000, SRR1208-101YL, CDRH127/LDNP-101MC"; VariantName = "[No Variations]"
Change component parameters (AddParameter): Name = "Pins"; Value = "2"; VariantName = "[No Variations]"
Change component parameters (AddParameter): Name = "SnapEDA_Link"; Value = "https://www.snapeda.com/parts/SRR1208-6R5ML/Bourns/view-part/353452/?ref=snap"; VariantName = "[No Variations]"
Change component parameters (AddParameter): Name = "Tolerance_Percent"; Value = "+100%"; VariantName = "[No Variations]"
Change component parameters (AddParameter): Name = "Value"; Value = "47 uH"; VariantName = "[No Variations]"
Change component parameters (AddParameter): Name = "Voltage"; Value = ""; VariantName = "[No Variations]"
Change component parameters: Designator = "QX1" ("QX1"); Footprint = "XTAL_3.2_2.5"; UniqueID = "\RIVSRVLZ" ("\RIVSRVLZ")
Change component parameters (AddParameter): Name = ""; Value = "12 MHz"; VariantName = "[No Variations]"
Change component parameters (AddParameter): Name = "Comments"; Value = ""; VariantName = "[No Variations]"
Change component parameters (AddParameter): Name = "CompType"; Value = "xtal"; VariantName = "[No Variations]"
Change component parameters (AddParameter): Name = "Note"; Value = "XTAL 3.2mm x 2.5mm"; VariantName = "[No Variations]"
Change component parameters (AddParameter): Name = "Package"; Value = "SMD 4-Pin"; VariantName = "[No Variations]"
Change component parameters (AddParameter): Name = "PartNumber"; Value = ""; VariantName = "[No Variations]"
Change component parameters (AddParameter): Name = "Pins"; Value = ""; VariantName = "[No Variations]"
Change component parameters (AddParameter): Name = "SnapEDA_Link"; Value = ""; VariantName = "[No Variations]"
Change component parameters (AddParameter): Name = "Tolerance_Percent"; Value = ""; VariantName = "[No Variations]"
Change component parameters (AddParameter): Name = "Value"; Value = "12 MHz"; VariantName = "[No Variations]"
Change component parameters (AddParameter): Name = "Voltage"; Value = ""; VariantName = "[No Variations]"
Change component parameters: Designator = "QX2" ("QX2"); Footprint = "XTAL_3.2_2.5"; UniqueID = "\PCIFRIAE" ("\PCIFRIAE")
Change component parameters (AddParameter): Name = ""; Value = "25 MHz"; VariantName = "[No Variations]"
Change component parameters (AddParameter): Name = "Comments"; Value = ""; VariantName = "[No Variations]"
Change component parameters (AddParameter): Name = "CompType"; Value = "xtal"; VariantName = "[No Variations]"
Change component parameters (AddParameter): Name = "Note"; Value = "XTAL 3.2mm x 2.5mm"; VariantName = "[No Variations]"
Change component parameters (AddParameter): Name = "Package"; Value = "SMD 4-Pin"; VariantName = "[No Variations]"
Change component parameters (AddParameter): Name = "PartNumber"; Value = ""; VariantName = "[No Variations]"
Change component parameters (AddParameter): Name = "Pins"; Value = ""; VariantName = "[No Variations]"
Change component parameters (AddParameter): Name = "SnapEDA_Link"; Value = ""; VariantName = "[No Variations]"
Change component parameters (AddParameter): Name = "Tolerance_Percent"; Value = ""; VariantName = "[No Variations]"
Change component parameters (AddParameter): Name = "Value"; Value = "25 MHz"; VariantName = "[No Variations]"
Change component parameters (AddParameter): Name = "Voltage"; Value = ""; VariantName = "[No Variations]"
Change component parameters: Designator = "U1" ("U1"); Footprint = "QFP50P1600X1600X160-100N"; UniqueID = "\XHXFYEDS" ("\XHXFYEDS")
Change component parameters (AddParameter): Name = ""; Value = "STM32F407VE"; VariantName = "[No Variations]"
Change component parameters (AddParameter): Name = "Comments"; Value = ""; VariantName = "[No Variations]"
Change component parameters (AddParameter): Name = "CompType"; Value = "IC"; VariantName = "[No Variations]"
Change component parameters (AddParameter): Name = "Note"; Value = ""; VariantName = "[No Variations]"
Change component parameters (AddParameter): Name = "Package"; Value = "LQFP-100 STMicroelectronics"; VariantName = "[No Variations]"
Change component parameters (AddParameter): Name = "PartNumber"; Value = "Stm32f407VE"; VariantName = "[No Variations]"
Change component parameters (AddParameter): Name = "Pins"; Value = "100"; VariantName = "[No Variations]"
Change component parameters (AddParameter): Name = "SnapEDA_Link"; Value = ""; VariantName = "[No Variations]"
Change component parameters (AddParameter): Name = "Tolerance_Percent"; Value = ""; VariantName = "[No Variations]"
Change component parameters (AddParameter): Name = "Value"; Value = "STM32F407VE"; VariantName = "[No Variations]"
Change component parameters (AddParameter): Name = "Voltage"; Value = ""; VariantName = "[No Variations]"
Change component parameters: Designator = "XP1" ("XP1"); Footprint = "ZL201-3"; UniqueID = "\RHETCVFJ" ("\RHETCVFJ")
Change component parameters (AddParameter): Name = ""; Value = "Battery"; VariantName = "[No Variations]"
Change component parameters (AddParameter): Name = "Comments"; Value = ""; VariantName = "[No Variations]"
Change component parameters (AddParameter): Name = "CompType"; Value = "connector"; VariantName = "[No Variations]"
Change component parameters (AddParameter): Name = "Note"; Value = "header pins 2.54mm x 3"; VariantName = "[No Variations]"
Change component parameters (AddParameter): Name = "Package"; Value = "2.54 x 3"; VariantName = "[No Variations]"
Change component parameters (AddParameter): Name = "PartNumber"; Value = "PLS-3"; VariantName = "[No Variations]"
Change component parameters (AddParameter): Name = "Pins"; Value = "3"; VariantName = "[No Variations]"
Change component parameters (AddParameter): Name = "SnapEDA_Link"; Value = ""; VariantName = "[No Variations]"
Change component parameters (AddParameter): Name = "Tolerance_Percent"; Value = ""; VariantName = "[No Variations]"
Change component parameters (AddParameter): Name = "Value"; Value = "Battery"; VariantName = "[No Variations]"
Change component parameters (AddParameter): Name = "Voltage"; Value = ""; VariantName = "[No Variations]"
Change component parameters: Designator = "XP2" ("XP2"); Footprint = "ZL201-3"; UniqueID = "\NZBOLHVN" ("\NZBOLHVN")
Change component parameters (AddParameter): Name = ""; Value = "reset setings"; VariantName = "[No Variations]"
Change component parameters (AddParameter): Name = "Comments"; Value = ""; VariantName = "[No Variations]"
Change component parameters (AddParameter): Name = "CompType"; Value = "connector"; VariantName = "[No Variations]"
Change component parameters (AddParameter): Name = "Note"; Value = "header pins 2.54mm x 3"; VariantName = "[No Variations]"
Change component parameters (AddParameter): Name = "Package"; Value = "2.54 x 3"; VariantName = "[No Variations]"
Change component parameters (AddParameter): Name = "PartNumber"; Value = "PLS-3"; VariantName = "[No Variations]"
Change component parameters (AddParameter): Name = "Pins"; Value = "3"; VariantName = "[No Variations]"
Change component parameters (AddParameter): Name = "SnapEDA_Link"; Value = ""; VariantName = "[No Variations]"
Change component parameters (AddParameter): Name = "Tolerance_Percent"; Value = ""; VariantName = "[No Variations]"
Change component parameters (AddParameter): Name = "Value"; Value = "reset setings"; VariantName = "[No Variations]"
Change component parameters (AddParameter): Name = "Voltage"; Value = ""; VariantName = "[No Variations]"
Added Component: Designator=X3(PLD-10RR1)
Added Pin To Net: NetName=+24v Pin=X2-1
Added Pin To Net: NetName=+24v Pin=X2-2
Added Pin To Net: NetName=I2C_CLK Pin=X2-5
Added Pin To Net: NetName=I2C_DATA Pin=X2-6
Added Pin To Net: NetName=+5v Pin=X2-9
Added Pin To Net: NetName=+5v Pin=X2-10
Added Pin To Net: NetName=+5v Pin=X3-1
Added Pin To Net: NetName=+5v Pin=X3-2
Added Pin To Net: NetName=GND Pin=X3-3
Added Pin To Net: NetName=GND Pin=X3-4
Added Pin To Net: NetName=I2C_CLK Pin=X3-5
Added Pin To Net: NetName=I2C_DATA Pin=X3-6
Added Pin To Net: NetName=GND Pin=X3-7
Added Pin To Net: NetName=GND Pin=X3-8
Added Pin To Net: NetName=+24v Pin=X3-9
Added Pin To Net: NetName=+24v Pin=X3-10
Added Member To Class: ClassName=ControlPCB Member=Component X3 PLD-10R
