Removed Pin From Net: NetName=+3.3v Pin=R1-1
Removed Pin From Net: NetName=+3.3v Pin=R2-1
Removed Pin From Net: NetName=+3.3v Pin=R3-1
Removed Pin From Net: NetName=+3.3v Pin=R4-1
Removed Pin From Net: NetName=+3.3v Pin=R5-1
Removed Pin From Net: NetName=+3.3v Pin=R6-1
Removed Pin From Net: NetName=+3.3v Pin=R7-1
Removed Pin From Net: NetName=+3.3v Pin=R8-1
Removed Pin From Net: NetName=MAC_b0 Pin=R11-1
Removed Pin From Net: NetName=GND Pin=R11-2
Removed Pin From Net: NetName=MAC_b1 Pin=R12-1
Removed Pin From Net: NetName=GND Pin=R12-2
Removed Pin From Net: NetName=MAC_b2 Pin=R13-1
Removed Pin From Net: NetName=GND Pin=R13-2
Removed Pin From Net: NetName=MAC_b3 Pin=R14-1
Removed Pin From Net: NetName=GND Pin=R14-2
Removed Pin From Net: NetName=MAC_b4 Pin=R15-1
Removed Pin From Net: NetName=GND Pin=R15-2
Removed Pin From Net: NetName=MAC_b5 Pin=R16-1
Removed Pin From Net: NetName=GND Pin=R16-2
Removed Pin From Net: NetName=MAC_b6 Pin=R17-1
Removed Pin From Net: NetName=GND Pin=R17-2
Removed Pin From Net: NetName=MAC_b7 Pin=R18-1
Removed Pin From Net: NetName=GND Pin=R18-2
Removed Member From Class: ClassName=ControlPCB Member=R11
Removed Member From Class: ClassName=ControlPCB Member=R12
Removed Member From Class: ClassName=ControlPCB Member=R13
Removed Member From Class: ClassName=ControlPCB Member=R14
Removed Member From Class: ClassName=ControlPCB Member=R15
Removed Member From Class: ClassName=ControlPCB Member=R16
Removed Member From Class: ClassName=ControlPCB Member=R17
Removed Member From Class: ClassName=ControlPCB Member=R18
Added Pin To Net: NetName=GND Pin=R1-1
Added Pin To Net: NetName=GND Pin=R2-1
Added Pin To Net: NetName=GND Pin=R3-1
Added Pin To Net: NetName=GND Pin=R4-1
Added Pin To Net: NetName=GND Pin=R5-1
Added Pin To Net: NetName=GND Pin=R6-1
Added Pin To Net: NetName=GND Pin=R7-1
Added Pin To Net: NetName=GND Pin=R8-1
