Change Component Designator: Old Designator=C1_U_chanel1 New Designator=C?
Change Component Designator: Old Designator=C2_U_chanel1 New Designator=C?
Change Component Designator: Old Designator=C5 New Designator=C?
Change Component Designator: Old Designator=C7 New Designator=C?
Change Component Designator: Old Designator=C8_U_chanel1 New Designator=C?
Change Component Designator: Old Designator=C11 New Designator=C?
Change Component Designator: Old Designator=C12 New Designator=C?
Change Component Designator: Old Designator=D1_U_chanel1 New Designator=D?
Change Component Designator: Old Designator=D2_U_chanel1 New Designator=D?
Change Component Designator: Old Designator=L1_U_chanel1 New Designator=L?
Change Component Designator: Old Designator=Q1 New Designator=Q?
Change Component Designator: Old Designator=R1_U_chanel1 New Designator=R?
Change Component Designator: Old Designator=R2_U_chanel1 New Designator=R?
Change Component Designator: Old Designator=R3_U_chanel1 New Designator=R?
Change Component Designator: Old Designator=R4 New Designator=R?
Change Component Designator: Old Designator=R5_U_chanel1 New Designator=R?
Change Component Designator: Old Designator=R6_U_chanel1 New Designator=R?
Change Component Designator: Old Designator=R7_U_chanel1 New Designator=R?
Change Component Designator: Old Designator=R8_U_chanel1 New Designator=R?
Change Component Designator: Old Designator=R9_U_chanel1 New Designator=R?
Change Component Designator: Old Designator=R10 New Designator=R?
Change Component Designator: Old Designator=R11_U_chanel1 New Designator=R?
Change Component Designator: Old Designator=R12_U_chanel1 New Designator=R?
Change Component Designator: Old Designator=R13_U_chanel1 New Designator=R?
Change Component Designator: Old Designator=R21 New Designator=R?
Change Component Designator: Old Designator=R22 New Designator=R?
Change Component Designator: Old Designator=R23 New Designator=R?
Change Component Designator: Old Designator=R24 New Designator=R?
Change Component Designator: Old Designator=U1_U_chanel1 New Designator=U?
Change Component Designator: Old Designator=U2_U_chanel1 New Designator=U?
Change Component Designator: Old Designator=VT1 New Designator=VT?
