Change Component Designator: OldDesignator=C? NewDesignator=C9
Change Component Designator: OldDesignator=C? NewDesignator=C10
Change Component Designator: OldDesignator=DG? NewDesignator=DG1
Change Component Designator: OldDesignator=DG? NewDesignator=DG2
Change Component Designator: OldDesignator=DG? NewDesignator=DG3
Change Component Designator: OldDesignator=DG? NewDesignator=DG4
Change Component Designator: OldDesignator=R? NewDesignator=R14
Change Component Designator: OldDesignator=R? NewDesignator=R15
Change Component Designator: OldDesignator=R? NewDesignator=R16
Change Component Designator: OldDesignator=R? NewDesignator=R17
Change Component Designator: OldDesignator=R? NewDesignator=R18
Change Component Designator: OldDesignator=R? NewDesignator=R19
Change Component Designator: OldDesignator=R? NewDesignator=R20
Change Component Designator: OldDesignator=VD? NewDesignator=VD1
Change component parameters: Designator = "H1" ("H1"); Footprint = "Hole 3.5"; UniqueID = "\EYIZALBG" ("\EYIZALBG")
Change component parameters (AddParameter): Name = ""; Value = "H*"; VariantName = "[No Variations]"
Change component parameters (AddParameter): Name = "Comments"; Value = ""; VariantName = "[No Variations]"
Change component parameters (AddParameter): Name = "CompType"; Value = "Hole"; VariantName = "[No Variations]"
Change component parameters (AddParameter): Name = "Note"; Value = ""; VariantName = "[No Variations]"
Change component parameters (AddParameter): Name = "Package"; Value = "Hole"; VariantName = "[No Variations]"
Change component parameters (AddParameter): Name = "PartNumber"; Value = ""; VariantName = "[No Variations]"
Change component parameters (AddParameter): Name = "Pins"; Value = "1"; VariantName = "[No Variations]"
Change component parameters (AddParameter): Name = "SnapEDA_Link"; Value = ""; VariantName = "[No Variations]"
Change component parameters (AddParameter): Name = "Tolerance_Percent"; Value = ""; VariantName = "[No Variations]"
Change component parameters (AddParameter): Name = "Value"; Value = ""; VariantName = "[No Variations]"
Change component parameters (AddParameter): Name = "Voltage"; Value = ""; VariantName = "[No Variations]"
Change component parameters: Designator = "H2" ("H2"); Footprint = "Hole 3.5"; UniqueID = "\DUSKPDNJ" ("\DUSKPDNJ")
Change component parameters (AddParameter): Name = ""; Value = "H*"; VariantName = "[No Variations]"
Change component parameters (AddParameter): Name = "Comments"; Value = ""; VariantName = "[No Variations]"
Change component parameters (AddParameter): Name = "CompType"; Value = "Hole"; VariantName = "[No Variations]"
Change component parameters (AddParameter): Name = "Note"; Value = ""; VariantName = "[No Variations]"
Change component parameters (AddParameter): Name = "Package"; Value = "Hole"; VariantName = "[No Variations]"
Change component parameters (AddParameter): Name = "PartNumber"; Value = ""; VariantName = "[No Variations]"
Change component parameters (AddParameter): Name = "Pins"; Value = "1"; VariantName = "[No Variations]"
Change component parameters (AddParameter): Name = "SnapEDA_Link"; Value = ""; VariantName = "[No Variations]"
Change component parameters (AddParameter): Name = "Tolerance_Percent"; Value = ""; VariantName = "[No Variations]"
Change component parameters (AddParameter): Name = "Value"; Value = ""; VariantName = "[No Variations]"
Change component parameters (AddParameter): Name = "Voltage"; Value = ""; VariantName = "[No Variations]"
Change component parameters: Designator = "H3" ("H3"); Footprint = "Hole 3.5"; UniqueID = "\KTXTCHRU" ("\KTXTCHRU")
Change component parameters (AddParameter): Name = ""; Value = "H*"; VariantName = "[No Variations]"
Change component parameters (AddParameter): Name = "Comments"; Value = ""; VariantName = "[No Variations]"
Change component parameters (AddParameter): Name = "CompType"; Value = "Hole"; VariantName = "[No Variations]"
Change component parameters (AddParameter): Name = "Note"; Value = ""; VariantName = "[No Variations]"
Change component parameters (AddParameter): Name = "Package"; Value = "Hole"; VariantName = "[No Variations]"
Change component parameters (AddParameter): Name = "PartNumber"; Value = ""; VariantName = "[No Variations]"
Change component parameters (AddParameter): Name = "Pins"; Value = "1"; VariantName = "[No Variations]"
Change component parameters (AddParameter): Name = "SnapEDA_Link"; Value = ""; VariantName = "[No Variations]"
Change component parameters (AddParameter): Name = "Tolerance_Percent"; Value = ""; VariantName = "[No Variations]"
Change component parameters (AddParameter): Name = "Value"; Value = ""; VariantName = "[No Variations]"
Change component parameters (AddParameter): Name = "Voltage"; Value = ""; VariantName = "[No Variations]"
Change component parameters: Designator = "H4" ("H4"); Footprint = "Hole 3.5"; UniqueID = "\NGBHQCQY" ("\NGBHQCQY")
Change component parameters (AddParameter): Name = ""; Value = "H*"; VariantName = "[No Variations]"
Change component parameters (AddParameter): Name = "Comments"; Value = ""; VariantName = "[No Variations]"
Change component parameters (AddParameter): Name = "CompType"; Value = "Hole"; VariantName = "[No Variations]"
Change component parameters (AddParameter): Name = "Note"; Value = ""; VariantName = "[No Variations]"
Change component parameters (AddParameter): Name = "Package"; Value = "Hole"; VariantName = "[No Variations]"
Change component parameters (AddParameter): Name = "PartNumber"; Value = ""; VariantName = "[No Variations]"
Change component parameters (AddParameter): Name = "Pins"; Value = "1"; VariantName = "[No Variations]"
Change component parameters (AddParameter): Name = "SnapEDA_Link"; Value = ""; VariantName = "[No Variations]"
Change component parameters (AddParameter): Name = "Tolerance_Percent"; Value = ""; VariantName = "[No Variations]"
Change component parameters (AddParameter): Name = "Value"; Value = ""; VariantName = "[No Variations]"
Change component parameters (AddParameter): Name = "Voltage"; Value = ""; VariantName = "[No Variations]"
Change Net Name : Old Net Name=NetR?_1 New Net Name=NetR15_1
Change Net Name : Old Net Name=NetR?_2 New Net Name=NetR16_2
Added Pin To Net: NetName=NetR18_2 Pin=R18-2
Added Pin To Net: NetName=NetR18_2 Pin=VD1-A
Added Net: Name=NetR18_2
Added Member To Class: ClassName=DriverPCB Member=Component C9  0.1 uF
Added Member To Class: ClassName=DriverPCB Member=Component DG1 прижимной контакт
Added Member To Class: ClassName=DriverPCB Member=Component DG3 прижимной контакт
Added Member To Class: ClassName=DriverPCB Member=Component DG4 прижимной контакт
Added Member To Class: ClassName=DriverPCB Member=Component R14 100K
Added Member To Class: ClassName=DriverPCB Member=Component R15 1K
Added Member To Class: ClassName=DriverPCB Member=Component R17 3K
Added Member To Class: ClassName=DriverPCB Member=Component R18 10K
Added Member To Class: ClassName=DriverPCB Member=Component R19 10K
Added Member To Class: ClassName=DriverPCB Member=Component R20 10K
Added Room: Name=DriverPCB
Added Room: Name=U_chanel1
Added Room: Name=U_chanel2
Added Room: Name=U_chanel3
Added Room: Name=U_chanel4
Added Room: Name=U_chanel5
Added Room: Name=U_chanel6
