Removed Pin From Net: NetName=+24v Pin=C3_U_chanel1-1
Removed Pin From Net: NetName=GND Pin=C3_U_chanel1-2
Removed Pin From Net: NetName=+24v Pin=C3_U_chanel2-1
Removed Pin From Net: NetName=GND Pin=C3_U_chanel2-2
Removed Pin From Net: NetName=+24v Pin=C3_U_chanel3-1
Removed Pin From Net: NetName=GND Pin=C3_U_chanel3-2
Removed Pin From Net: NetName=+24v Pin=C3_U_chanel4-1
Removed Pin From Net: NetName=GND Pin=C3_U_chanel4-2
Removed Pin From Net: NetName=+24v Pin=C3_U_chanel5-1
Removed Pin From Net: NetName=GND Pin=C3_U_chanel5-2
Removed Pin From Net: NetName=+24v Pin=C3_U_chanel6-1
Removed Pin From Net: NetName=GND Pin=C3_U_chanel6-2
Removed Pin From Net: NetName=+24v Pin=C4_U_chanel1-1
Removed Pin From Net: NetName=GND Pin=C4_U_chanel1-2
Removed Pin From Net: NetName=+24v Pin=C4_U_chanel2-1
Removed Pin From Net: NetName=GND Pin=C4_U_chanel2-2
Removed Pin From Net: NetName=+24v Pin=C4_U_chanel3-1
Removed Pin From Net: NetName=GND Pin=C4_U_chanel3-2
Removed Pin From Net: NetName=+24v Pin=C4_U_chanel4-1
Removed Pin From Net: NetName=GND Pin=C4_U_chanel4-2
Removed Pin From Net: NetName=+24v Pin=C4_U_chanel5-1
Removed Pin From Net: NetName=GND Pin=C4_U_chanel5-2
Removed Pin From Net: NetName=+24v Pin=C4_U_chanel6-1
Removed Pin From Net: NetName=GND Pin=C4_U_chanel6-2
Removed Pin From Net: NetName=NetC6_U_chanel1_1 Pin=C6_U_chanel1-1
Removed Pin From Net: NetName=NetC6_U_chanel1_2 Pin=C6_U_chanel1-2
Removed Pin From Net: NetName=NetC6_U_chanel2_1 Pin=C6_U_chanel2-1
Removed Pin From Net: NetName=NetC6_U_chanel2_2 Pin=C6_U_chanel2-2
Removed Pin From Net: NetName=NetC6_U_chanel3_1 Pin=C6_U_chanel3-1
Removed Pin From Net: NetName=NetC6_U_chanel3_2 Pin=C6_U_chanel3-2
Removed Pin From Net: NetName=NetC6_U_chanel4_1 Pin=C6_U_chanel4-1
Removed Pin From Net: NetName=NetC6_U_chanel4_2 Pin=C6_U_chanel4-2
Removed Pin From Net: NetName=NetC6_U_chanel5_1 Pin=C6_U_chanel5-1
Removed Pin From Net: NetName=NetC6_U_chanel5_2 Pin=C6_U_chanel5-2
Removed Pin From Net: NetName=NetC6_U_chanel6_1 Pin=C6_U_chanel6-1
Removed Pin From Net: NetName=NetC6_U_chanel6_2 Pin=C6_U_chanel6-2
Removed Member From Class: ClassName=U_chanel1 Member=C3_U_chanel1
Removed Member From Class: ClassName=U_chanel2 Member=C3_U_chanel2
Removed Member From Class: ClassName=U_chanel3 Member=C3_U_chanel3
Removed Member From Class: ClassName=U_chanel4 Member=C3_U_chanel4
Removed Member From Class: ClassName=U_chanel5 Member=C3_U_chanel5
Removed Member From Class: ClassName=U_chanel6 Member=C3_U_chanel6
Removed Member From Class: ClassName=U_chanel1 Member=C4_U_chanel1
Removed Member From Class: ClassName=U_chanel2 Member=C4_U_chanel2
Removed Member From Class: ClassName=U_chanel3 Member=C4_U_chanel3
Removed Member From Class: ClassName=U_chanel4 Member=C4_U_chanel4
Removed Member From Class: ClassName=U_chanel5 Member=C4_U_chanel5
Removed Member From Class: ClassName=U_chanel6 Member=C4_U_chanel6
Removed Member From Class: ClassName=U_chanel1 Member=C6_U_chanel1
Removed Member From Class: ClassName=U_chanel2 Member=C6_U_chanel2
Removed Member From Class: ClassName=U_chanel3 Member=C6_U_chanel3
Removed Member From Class: ClassName=U_chanel4 Member=C6_U_chanel4
Removed Member From Class: ClassName=U_chanel5 Member=C6_U_chanel5
Removed Member From Class: ClassName=U_chanel6 Member=C6_U_chanel6
Change component parameters: Designator = "H1" ("H1"); Footprint = "Hole 3.5"; UniqueID = "\EYIZALBG" ("\EYIZALBG")
Change component parameters (AddParameter): Name = ""; Value = "H*"; VariantName = "[No Variations]"
Change component parameters (AddParameter): Name = "Comments"; Value = ""; VariantName = "[No Variations]"
Change component parameters (AddParameter): Name = "CompType"; Value = "Hole"; VariantName = "[No Variations]"
Change component parameters (AddParameter): Name = "Note"; Value = ""; VariantName = "[No Variations]"
Change component parameters (AddParameter): Name = "Package"; Value = "Hole"; VariantName = "[No Variations]"
Change component parameters (AddParameter): Name = "PartNumber"; Value = ""; VariantName = "[No Variations]"
Change component parameters (AddParameter): Name = "Pins"; Value = "1"; VariantName = "[No Variations]"
Change component parameters (AddParameter): Name = "SnapEDA_Link"; Value = ""; VariantName = "[No Variations]"
Change component parameters (AddParameter): Name = "Tolerance_Percent"; Value = ""; VariantName = "[No Variations]"
Change component parameters (AddParameter): Name = "Value"; Value = ""; VariantName = "[No Variations]"
Change component parameters (AddParameter): Name = "Voltage"; Value = ""; VariantName = "[No Variations]"
Change component parameters: Designator = "H2" ("H2"); Footprint = "Hole 3.5"; UniqueID = "\DUSKPDNJ" ("\DUSKPDNJ")
Change component parameters (AddParameter): Name = ""; Value = "H*"; VariantName = "[No Variations]"
Change component parameters (AddParameter): Name = "Comments"; Value = ""; VariantName = "[No Variations]"
Change component parameters (AddParameter): Name = "CompType"; Value = "Hole"; VariantName = "[No Variations]"
Change component parameters (AddParameter): Name = "Note"; Value = ""; VariantName = "[No Variations]"
Change component parameters (AddParameter): Name = "Package"; Value = "Hole"; VariantName = "[No Variations]"
Change component parameters (AddParameter): Name = "PartNumber"; Value = ""; VariantName = "[No Variations]"
Change component parameters (AddParameter): Name = "Pins"; Value = "1"; VariantName = "[No Variations]"
Change component parameters (AddParameter): Name = "SnapEDA_Link"; Value = ""; VariantName = "[No Variations]"
Change component parameters (AddParameter): Name = "Tolerance_Percent"; Value = ""; VariantName = "[No Variations]"
Change component parameters (AddParameter): Name = "Value"; Value = ""; VariantName = "[No Variations]"
Change component parameters (AddParameter): Name = "Voltage"; Value = ""; VariantName = "[No Variations]"
Change component parameters: Designator = "H3" ("H3"); Footprint = "Hole 3.5"; UniqueID = "\KTXTCHRU" ("\KTXTCHRU")
Change component parameters (AddParameter): Name = ""; Value = "H*"; VariantName = "[No Variations]"
Change component parameters (AddParameter): Name = "Comments"; Value = ""; VariantName = "[No Variations]"
Change component parameters (AddParameter): Name = "CompType"; Value = "Hole"; VariantName = "[No Variations]"
Change component parameters (AddParameter): Name = "Note"; Value = ""; VariantName = "[No Variations]"
Change component parameters (AddParameter): Name = "Package"; Value = "Hole"; VariantName = "[No Variations]"
Change component parameters (AddParameter): Name = "PartNumber"; Value = ""; VariantName = "[No Variations]"
Change component parameters (AddParameter): Name = "Pins"; Value = "1"; VariantName = "[No Variations]"
Change component parameters (AddParameter): Name = "SnapEDA_Link"; Value = ""; VariantName = "[No Variations]"
Change component parameters (AddParameter): Name = "Tolerance_Percent"; Value = ""; VariantName = "[No Variations]"
Change component parameters (AddParameter): Name = "Value"; Value = ""; VariantName = "[No Variations]"
Change component parameters (AddParameter): Name = "Voltage"; Value = ""; VariantName = "[No Variations]"
Change component parameters: Designator = "H4" ("H4"); Footprint = "Hole 3.5"; UniqueID = "\NGBHQCQY" ("\NGBHQCQY")
Change component parameters (AddParameter): Name = ""; Value = "H*"; VariantName = "[No Variations]"
Change component parameters (AddParameter): Name = "Comments"; Value = ""; VariantName = "[No Variations]"
Change component parameters (AddParameter): Name = "CompType"; Value = "Hole"; VariantName = "[No Variations]"
Change component parameters (AddParameter): Name = "Note"; Value = ""; VariantName = "[No Variations]"
Change component parameters (AddParameter): Name = "Package"; Value = "Hole"; VariantName = "[No Variations]"
Change component parameters (AddParameter): Name = "PartNumber"; Value = ""; VariantName = "[No Variations]"
Change component parameters (AddParameter): Name = "Pins"; Value = "1"; VariantName = "[No Variations]"
Change component parameters (AddParameter): Name = "SnapEDA_Link"; Value = ""; VariantName = "[No Variations]"
Change component parameters (AddParameter): Name = "Tolerance_Percent"; Value = ""; VariantName = "[No Variations]"
Change component parameters (AddParameter): Name = "Value"; Value = ""; VariantName = "[No Variations]"
Change component parameters (AddParameter): Name = "Voltage"; Value = ""; VariantName = "[No Variations]"
Change Net Name : Old Net Name=NetC6_U_chanel1_1 New Net Name=NetC11_U_chanel1_1
Change Net Name : Old Net Name=NetC6_U_chanel1_2 New Net Name=NetC11_U_chanel1_2
Change Net Name : Old Net Name=NetC6_U_chanel2_1 New Net Name=NetC11_U_chanel2_1
Change Net Name : Old Net Name=NetC6_U_chanel2_2 New Net Name=NetC11_U_chanel2_2
Change Net Name : Old Net Name=NetC6_U_chanel3_1 New Net Name=NetC11_U_chanel3_1
Change Net Name : Old Net Name=NetC6_U_chanel3_2 New Net Name=NetC11_U_chanel3_2
Change Net Name : Old Net Name=NetC6_U_chanel4_1 New Net Name=NetC11_U_chanel4_1
Change Net Name : Old Net Name=NetC6_U_chanel4_2 New Net Name=NetC11_U_chanel4_2
Change Net Name : Old Net Name=NetC6_U_chanel5_1 New Net Name=NetC11_U_chanel5_1
Change Net Name : Old Net Name=NetC6_U_chanel5_2 New Net Name=NetC11_U_chanel5_2
Change Net Name : Old Net Name=NetC6_U_chanel6_1 New Net Name=NetC11_U_chanel6_1
Change Net Name : Old Net Name=NetC6_U_chanel6_2 New Net Name=NetC11_U_chanel6_2
