Removed Pin From Net: NetName=+24v Pin=C5_U_chanel1-1
Removed Pin From Net: NetName=GND Pin=C5_U_chanel1-2
Removed Pin From Net: NetName=NetC3_U_chanel2_1 Pin=C5_U_chanel2-1
Removed Pin From Net: NetName=GND Pin=C5_U_chanel2-2
Removed Pin From Net: NetName=+24v Pin=C5_U_chanel3-1
Removed Pin From Net: NetName=GND Pin=C5_U_chanel3-2
Removed Pin From Net: NetName=+24v Pin=C5_U_chanel4-1
Removed Pin From Net: NetName=GND Pin=C5_U_chanel4-2
Removed Pin From Net: NetName=+24v Pin=C5_U_chanel5-1
Removed Pin From Net: NetName=GND Pin=C5_U_chanel5-2
Removed Pin From Net: NetName=+24v Pin=C5_U_chanel6-1
Removed Pin From Net: NetName=GND Pin=C5_U_chanel6-2
Removed Pin From Net: NetName=NetC6_U_chanel1_2 Pin=C7_U_chanel1-1
Removed Pin From Net: NetName=NetC6_U_chanel1_1 Pin=C7_U_chanel1-2
Removed Pin From Net: NetName=NetC6_U_chanel2_2 Pin=C7_U_chanel2-1
Removed Pin From Net: NetName=NetC6_U_chanel2_1 Pin=C7_U_chanel2-2
Removed Pin From Net: NetName=NetC6_U_chanel3_2 Pin=C7_U_chanel3-1
Removed Pin From Net: NetName=NetC6_U_chanel3_1 Pin=C7_U_chanel3-2
Removed Pin From Net: NetName=NetC6_U_chanel4_2 Pin=C7_U_chanel4-1
Removed Pin From Net: NetName=NetC6_U_chanel4_1 Pin=C7_U_chanel4-2
Removed Pin From Net: NetName=NetC6_U_chanel5_2 Pin=C7_U_chanel5-1
Removed Pin From Net: NetName=NetC6_U_chanel5_1 Pin=C7_U_chanel5-2
Removed Pin From Net: NetName=NetC6_U_chanel6_2 Pin=C7_U_chanel6-1
Removed Pin From Net: NetName=NetC6_U_chanel6_1 Pin=C7_U_chanel6-2
Change Component Footprint: Designator=C5_U_chanel1 Old Footprint=ECR 10x20mm New Footprint=CAPCHIP1812
Change Component Footprint: Designator=C5_U_chanel2 Old Footprint=ECR 10x20mm New Footprint=CAPCHIP1812
Change Component Footprint: Designator=C5_U_chanel3 Old Footprint=ECR 10x20mm New Footprint=CAPCHIP1812
Change Component Footprint: Designator=C5_U_chanel4 Old Footprint=ECR 10x20mm New Footprint=CAPCHIP1812
Change Component Footprint: Designator=C5_U_chanel5 Old Footprint=ECR 10x20mm New Footprint=CAPCHIP1812
Change Component Footprint: Designator=C5_U_chanel6 Old Footprint=ECR 10x20mm New Footprint=CAPCHIP1812
Change Component Footprint: Designator=C7_U_chanel1 Old Footprint=ECR 10x20mm New Footprint=CAPCHIP1812
Change Component Footprint: Designator=C7_U_chanel2 Old Footprint=ECR 10x20mm New Footprint=CAPCHIP1812
Change Component Footprint: Designator=C7_U_chanel3 Old Footprint=ECR 10x20mm New Footprint=CAPCHIP1812
Change Component Footprint: Designator=C7_U_chanel4 Old Footprint=ECR 10x20mm New Footprint=CAPCHIP1812
Change Component Footprint: Designator=C7_U_chanel5 Old Footprint=ECR 10x20mm New Footprint=CAPCHIP1812
Change Component Footprint: Designator=C7_U_chanel6 Old Footprint=ECR 10x20mm New Footprint=CAPCHIP1812
Change Component Comment : Designator=C5_U_chanel1 Old Comment=Cap Pol New Comment=Cap C
Change Component Comment : Designator=C5_U_chanel2 Old Comment=Cap Pol New Comment=Cap C
Change Component Comment : Designator=C5_U_chanel3 Old Comment=Cap Pol New Comment=Cap C
Change Component Comment : Designator=C5_U_chanel4 Old Comment=Cap Pol New Comment=Cap C
Change Component Comment : Designator=C5_U_chanel5 Old Comment=Cap Pol New Comment=Cap C
Change Component Comment : Designator=C5_U_chanel6 Old Comment=Cap Pol New Comment=Cap C
Change Component Comment : Designator=C7_U_chanel1 Old Comment=Cap Pol New Comment=Cap C
Change Component Comment : Designator=C7_U_chanel2 Old Comment=Cap Pol New Comment=Cap C
Change Component Comment : Designator=C7_U_chanel3 Old Comment=Cap Pol New Comment=Cap C
Change Component Comment : Designator=C7_U_chanel4 Old Comment=Cap Pol New Comment=Cap C
Change Component Comment : Designator=C7_U_chanel5 Old Comment=Cap Pol New Comment=Cap C
Change Component Comment : Designator=C7_U_chanel6 Old Comment=Cap Pol New Comment=Cap C
Change component parameters: Designator = "H1" ("H1"); Footprint = "Hole 3.5"; UniqueID = "\EYIZALBG" ("\EYIZALBG")
Change component parameters (AddParameter): Name = ""; Value = "H*"; VariantName = "[No Variations]"
Change component parameters (AddParameter): Name = "Comments"; Value = ""; VariantName = "[No Variations]"
Change component parameters (AddParameter): Name = "CompType"; Value = "Hole"; VariantName = "[No Variations]"
Change component parameters (AddParameter): Name = "Note"; Value = ""; VariantName = "[No Variations]"
Change component parameters (AddParameter): Name = "Package"; Value = "Hole"; VariantName = "[No Variations]"
Change component parameters (AddParameter): Name = "PartNumber"; Value = ""; VariantName = "[No Variations]"
Change component parameters (AddParameter): Name = "Pins"; Value = "1"; VariantName = "[No Variations]"
Change component parameters (AddParameter): Name = "SnapEDA_Link"; Value = ""; VariantName = "[No Variations]"
Change component parameters (AddParameter): Name = "Tolerance_Percent"; Value = ""; VariantName = "[No Variations]"
Change component parameters (AddParameter): Name = "Value"; Value = ""; VariantName = "[No Variations]"
Change component parameters (AddParameter): Name = "Voltage"; Value = ""; VariantName = "[No Variations]"
Change component parameters: Designator = "H2" ("H2"); Footprint = "Hole 3.5"; UniqueID = "\DUSKPDNJ" ("\DUSKPDNJ")
Change component parameters (AddParameter): Name = ""; Value = "H*"; VariantName = "[No Variations]"
Change component parameters (AddParameter): Name = "Comments"; Value = ""; VariantName = "[No Variations]"
Change component parameters (AddParameter): Name = "CompType"; Value = "Hole"; VariantName = "[No Variations]"
Change component parameters (AddParameter): Name = "Note"; Value = ""; VariantName = "[No Variations]"
Change component parameters (AddParameter): Name = "Package"; Value = "Hole"; VariantName = "[No Variations]"
Change component parameters (AddParameter): Name = "PartNumber"; Value = ""; VariantName = "[No Variations]"
Change component parameters (AddParameter): Name = "Pins"; Value = "1"; VariantName = "[No Variations]"
Change component parameters (AddParameter): Name = "SnapEDA_Link"; Value = ""; VariantName = "[No Variations]"
Change component parameters (AddParameter): Name = "Tolerance_Percent"; Value = ""; VariantName = "[No Variations]"
Change component parameters (AddParameter): Name = "Value"; Value = ""; VariantName = "[No Variations]"
Change component parameters (AddParameter): Name = "Voltage"; Value = ""; VariantName = "[No Variations]"
Change component parameters: Designator = "H3" ("H3"); Footprint = "Hole 3.5"; UniqueID = "\KTXTCHRU" ("\KTXTCHRU")
Change component parameters (AddParameter): Name = ""; Value = "H*"; VariantName = "[No Variations]"
Change component parameters (AddParameter): Name = "Comments"; Value = ""; VariantName = "[No Variations]"
Change component parameters (AddParameter): Name = "CompType"; Value = "Hole"; VariantName = "[No Variations]"
Change component parameters (AddParameter): Name = "Note"; Value = ""; VariantName = "[No Variations]"
Change component parameters (AddParameter): Name = "Package"; Value = "Hole"; VariantName = "[No Variations]"
Change component parameters (AddParameter): Name = "PartNumber"; Value = ""; VariantName = "[No Variations]"
Change component parameters (AddParameter): Name = "Pins"; Value = "1"; VariantName = "[No Variations]"
Change component parameters (AddParameter): Name = "SnapEDA_Link"; Value = ""; VariantName = "[No Variations]"
Change component parameters (AddParameter): Name = "Tolerance_Percent"; Value = ""; VariantName = "[No Variations]"
Change component parameters (AddParameter): Name = "Value"; Value = ""; VariantName = "[No Variations]"
Change component parameters (AddParameter): Name = "Voltage"; Value = ""; VariantName = "[No Variations]"
Change component parameters: Designator = "H4" ("H4"); Footprint = "Hole 3.5"; UniqueID = "\NGBHQCQY" ("\NGBHQCQY")
Change component parameters (AddParameter): Name = ""; Value = "H*"; VariantName = "[No Variations]"
Change component parameters (AddParameter): Name = "Comments"; Value = ""; VariantName = "[No Variations]"
Change component parameters (AddParameter): Name = "CompType"; Value = "Hole"; VariantName = "[No Variations]"
Change component parameters (AddParameter): Name = "Note"; Value = ""; VariantName = "[No Variations]"
Change component parameters (AddParameter): Name = "Package"; Value = "Hole"; VariantName = "[No Variations]"
Change component parameters (AddParameter): Name = "PartNumber"; Value = ""; VariantName = "[No Variations]"
Change component parameters (AddParameter): Name = "Pins"; Value = "1"; VariantName = "[No Variations]"
Change component parameters (AddParameter): Name = "SnapEDA_Link"; Value = ""; VariantName = "[No Variations]"
Change component parameters (AddParameter): Name = "Tolerance_Percent"; Value = ""; VariantName = "[No Variations]"
Change component parameters (AddParameter): Name = "Value"; Value = ""; VariantName = "[No Variations]"
Change component parameters (AddParameter): Name = "Voltage"; Value = ""; VariantName = "[No Variations]"
Change component parameters: Designator = "C5_U_chanel1" ("C5"); Footprint = "ECR 10x20mm"; UniqueID = "\PNRTKVRS\TPOMTXQS" ("\PNRTKVRS\TPOMTXQS")
Change component parameters (AddParameter): Name = "Body"; Value = "{Body}"; VariantName = "[No Variations]"
Change component parameters (AddParameter): Name = "Class"; Value = "Электронные компоненты"; VariantName = "[No Variations]"
Change component parameters (AddParameter): Name = "Installation"; Value = "{Installation}"; VariantName = "[No Variations]"
Change component parameters (AddParameter): Name = "Nominal_voltage_V"; Value = "{Nominal_voltage_V}"; VariantName = "[No Variations]"
Change component parameters (AddParameter): Name = "Ordering_Information"; Value = "{Ordering_Information}"; VariantName = "[No Variations]"
Change component parameters (AddParameter): Name = "Package"; Value = "1812"; VariantName = "[No Variations]"
Change component parameters (AddParameter): Name = "Pins"; Value = "{Pins}"; VariantName = "[No Variations]"
Change component parameters (AddParameter): Name = "SubClass"; Value = "Конденсаторы"; VariantName = "[No Variations]"
Change component parameters (AddParameter): Name = "TKE"; Value = "{TKE}"; VariantName = "[No Variations]"
Change component parameters (AddParameter): Name = "Tolerance_Percent"; Value = "{Tolerance_Percent}"; VariantName = "[No Variations]"
Change component parameters (AddParameter): Name = "Value"; Value = "4.7 uF"; VariantName = "[No Variations]"
Change component parameters: Designator = "C5_U_chanel2" ("C5"); Footprint = "ECR 10x20mm"; UniqueID = "\LLXUXYEH\TPOMTXQS" ("\LLXUXYEH\TPOMTXQS")
Change component parameters (AddParameter): Name = "Body"; Value = "{Body}"; VariantName = "[No Variations]"
Change component parameters (AddParameter): Name = "Class"; Value = "Электронные компоненты"; VariantName = "[No Variations]"
Change component parameters (AddParameter): Name = "Installation"; Value = "{Installation}"; VariantName = "[No Variations]"
Change component parameters (AddParameter): Name = "Nominal_voltage_V"; Value = "{Nominal_voltage_V}"; VariantName = "[No Variations]"
Change component parameters (AddParameter): Name = "Ordering_Information"; Value = "{Ordering_Information}"; VariantName = "[No Variations]"
Change component parameters (AddParameter): Name = "Package"; Value = "1812"; VariantName = "[No Variations]"
Change component parameters (AddParameter): Name = "Pins"; Value = "{Pins}"; VariantName = "[No Variations]"
Change component parameters (AddParameter): Name = "SubClass"; Value = "Конденсаторы"; VariantName = "[No Variations]"
Change component parameters (AddParameter): Name = "TKE"; Value = "{TKE}"; VariantName = "[No Variations]"
Change component parameters (AddParameter): Name = "Tolerance_Percent"; Value = "{Tolerance_Percent}"; VariantName = "[No Variations]"
Change component parameters (AddParameter): Name = "Value"; Value = "4.7 uF"; VariantName = "[No Variations]"
Change component parameters: Designator = "C5_U_chanel3" ("C5"); Footprint = "ECR 10x20mm"; UniqueID = "\SKNDOLQQ\TPOMTXQS" ("\SKNDOLQQ\TPOMTXQS")
Change component parameters (AddParameter): Name = "Body"; Value = "{Body}"; VariantName = "[No Variations]"
Change component parameters (AddParameter): Name = "Class"; Value = "Электронные компоненты"; VariantName = "[No Variations]"
Change component parameters (AddParameter): Name = "Installation"; Value = "{Installation}"; VariantName = "[No Variations]"
Change component parameters (AddParameter): Name = "Nominal_voltage_V"; Value = "{Nominal_voltage_V}"; VariantName = "[No Variations]"
Change component parameters (AddParameter): Name = "Ordering_Information"; Value = "{Ordering_Information}"; VariantName = "[No Variations]"
Change component parameters (AddParameter): Name = "Package"; Value = "1812"; VariantName = "[No Variations]"
Change component parameters (AddParameter): Name = "Pins"; Value = "{Pins}"; VariantName = "[No Variations]"
Change component parameters (AddParameter): Name = "SubClass"; Value = "Конденсаторы"; VariantName = "[No Variations]"
Change component parameters (AddParameter): Name = "TKE"; Value = "{TKE}"; VariantName = "[No Variations]"
Change component parameters (AddParameter): Name = "Tolerance_Percent"; Value = "{Tolerance_Percent}"; VariantName = "[No Variations]"
Change component parameters (AddParameter): Name = "Value"; Value = "4.7 uF"; VariantName = "[No Variations]"
Change component parameters: Designator = "C5_U_chanel4" ("C5"); Footprint = "ECR 10x20mm"; UniqueID = "\ZPDDUSWC\TPOMTXQS" ("\ZPDDUSWC\TPOMTXQS")
Change component parameters (AddParameter): Name = "Body"; Value = "{Body}"; VariantName = "[No Variations]"
Change component parameters (AddParameter): Name = "Class"; Value = "Электронные компоненты"; VariantName = "[No Variations]"
Change component parameters (AddParameter): Name = "Installation"; Value = "{Installation}"; VariantName = "[No Variations]"
Change component parameters (AddParameter): Name = "Nominal_voltage_V"; Value = "{Nominal_voltage_V}"; VariantName = "[No Variations]"
Change component parameters (AddParameter): Name = "Ordering_Information"; Value = "{Ordering_Information}"; VariantName = "[No Variations]"
Change component parameters (AddParameter): Name = "Package"; Value = "1812"; VariantName = "[No Variations]"
Change component parameters (AddParameter): Name = "Pins"; Value = "{Pins}"; VariantName = "[No Variations]"
Change component parameters (AddParameter): Name = "SubClass"; Value = "Конденсаторы"; VariantName = "[No Variations]"
Change component parameters (AddParameter): Name = "TKE"; Value = "{TKE}"; VariantName = "[No Variations]"
Change component parameters (AddParameter): Name = "Tolerance_Percent"; Value = "{Tolerance_Percent}"; VariantName = "[No Variations]"
Change component parameters (AddParameter): Name = "Value"; Value = "4.7 uF"; VariantName = "[No Variations]"
Change component parameters: Designator = "C5_U_chanel5" ("C5"); Footprint = "ECR 10x20mm"; UniqueID = "\SPXHXCVY\TPOMTXQS" ("\SPXHXCVY\TPOMTXQS")
Change component parameters (AddParameter): Name = "Body"; Value = "{Body}"; VariantName = "[No Variations]"
Change component parameters (AddParameter): Name = "Class"; Value = "Электронные компоненты"; VariantName = "[No Variations]"
Change component parameters (AddParameter): Name = "Installation"; Value = "{Installation}"; VariantName = "[No Variations]"
Change component parameters (AddParameter): Name = "Nominal_voltage_V"; Value = "{Nominal_voltage_V}"; VariantName = "[No Variations]"
Change component parameters (AddParameter): Name = "Ordering_Information"; Value = "{Ordering_Information}"; VariantName = "[No Variations]"
Change component parameters (AddParameter): Name = "Package"; Value = "1812"; VariantName = "[No Variations]"
Change component parameters (AddParameter): Name = "Pins"; Value = "{Pins}"; VariantName = "[No Variations]"
Change component parameters (AddParameter): Name = "SubClass"; Value = "Конденсаторы"; VariantName = "[No Variations]"
Change component parameters (AddParameter): Name = "TKE"; Value = "{TKE}"; VariantName = "[No Variations]"
Change component parameters (AddParameter): Name = "Tolerance_Percent"; Value = "{Tolerance_Percent}"; VariantName = "[No Variations]"
Change component parameters (AddParameter): Name = "Value"; Value = "4.7 uF"; VariantName = "[No Variations]"
Change component parameters: Designator = "C5_U_chanel6" ("C5"); Footprint = "ECR 10x20mm"; UniqueID = "\ZEHSHGFD\TPOMTXQS" ("\ZEHSHGFD\TPOMTXQS")
Change component parameters (AddParameter): Name = "Body"; Value = "{Body}"; VariantName = "[No Variations]"
Change component parameters (AddParameter): Name = "Class"; Value = "Электронные компоненты"; VariantName = "[No Variations]"
Change component parameters (AddParameter): Name = "Installation"; Value = "{Installation}"; VariantName = "[No Variations]"
Change component parameters (AddParameter): Name = "Nominal_voltage_V"; Value = "{Nominal_voltage_V}"; VariantName = "[No Variations]"
Change component parameters (AddParameter): Name = "Ordering_Information"; Value = "{Ordering_Information}"; VariantName = "[No Variations]"
Change component parameters (AddParameter): Name = "Package"; Value = "1812"; VariantName = "[No Variations]"
Change component parameters (AddParameter): Name = "Pins"; Value = "{Pins}"; VariantName = "[No Variations]"
Change component parameters (AddParameter): Name = "SubClass"; Value = "Конденсаторы"; VariantName = "[No Variations]"
Change component parameters (AddParameter): Name = "TKE"; Value = "{TKE}"; VariantName = "[No Variations]"
Change component parameters (AddParameter): Name = "Tolerance_Percent"; Value = "{Tolerance_Percent}"; VariantName = "[No Variations]"
Change component parameters (AddParameter): Name = "Value"; Value = "4.7 uF"; VariantName = "[No Variations]"
Change component parameters: Designator = "C7_U_chanel1" ("C7"); Footprint = "ECR 10x20mm"; UniqueID = "\PNRTKVRS\XBOOWTKL" ("\PNRTKVRS\XBOOWTKL")
Change component parameters (AddParameter): Name = "Body"; Value = "{Body}"; VariantName = "[No Variations]"
Change component parameters (AddParameter): Name = "Class"; Value = "Электронные компоненты"; VariantName = "[No Variations]"
Change component parameters (AddParameter): Name = "Installation"; Value = "{Installation}"; VariantName = "[No Variations]"
Change component parameters (AddParameter): Name = "Nominal_voltage_V"; Value = "{Nominal_voltage_V}"; VariantName = "[No Variations]"
Change component parameters (AddParameter): Name = "Ordering_Information"; Value = "{Ordering_Information}"; VariantName = "[No Variations]"
Change component parameters (AddParameter): Name = "Package"; Value = "1812"; VariantName = "[No Variations]"
Change component parameters (AddParameter): Name = "Pins"; Value = "{Pins}"; VariantName = "[No Variations]"
Change component parameters (AddParameter): Name = "SubClass"; Value = "Конденсаторы"; VariantName = "[No Variations]"
Change component parameters (AddParameter): Name = "TKE"; Value = "{TKE}"; VariantName = "[No Variations]"
Change component parameters (AddParameter): Name = "Tolerance_Percent"; Value = "{Tolerance_Percent}"; VariantName = "[No Variations]"
Change component parameters (AddParameter): Name = "Value"; Value = "4.7 uF"; VariantName = "[No Variations]"
Change component parameters: Designator = "C7_U_chanel2" ("C7"); Footprint = "ECR 10x20mm"; UniqueID = "\LLXUXYEH\XBOOWTKL" ("\LLXUXYEH\XBOOWTKL")
Change component parameters (AddParameter): Name = "Body"; Value = "{Body}"; VariantName = "[No Variations]"
Change component parameters (AddParameter): Name = "Class"; Value = "Электронные компоненты"; VariantName = "[No Variations]"
Change component parameters (AddParameter): Name = "Installation"; Value = "{Installation}"; VariantName = "[No Variations]"
Change component parameters (AddParameter): Name = "Nominal_voltage_V"; Value = "{Nominal_voltage_V}"; VariantName = "[No Variations]"
Change component parameters (AddParameter): Name = "Ordering_Information"; Value = "{Ordering_Information}"; VariantName = "[No Variations]"
Change component parameters (AddParameter): Name = "Package"; Value = "1812"; VariantName = "[No Variations]"
Change component parameters (AddParameter): Name = "Pins"; Value = "{Pins}"; VariantName = "[No Variations]"
Change component parameters (AddParameter): Name = "SubClass"; Value = "Конденсаторы"; VariantName = "[No Variations]"
Change component parameters (AddParameter): Name = "TKE"; Value = "{TKE}"; VariantName = "[No Variations]"
Change component parameters (AddParameter): Name = "Tolerance_Percent"; Value = "{Tolerance_Percent}"; VariantName = "[No Variations]"
Change component parameters (AddParameter): Name = "Value"; Value = "4.7 uF"; VariantName = "[No Variations]"
Change component parameters: Designator = "C7_U_chanel3" ("C7"); Footprint = "ECR 10x20mm"; UniqueID = "\SKNDOLQQ\XBOOWTKL" ("\SKNDOLQQ\XBOOWTKL")
Change component parameters (AddParameter): Name = "Body"; Value = "{Body}"; VariantName = "[No Variations]"
Change component parameters (AddParameter): Name = "Class"; Value = "Электронные компоненты"; VariantName = "[No Variations]"
Change component parameters (AddParameter): Name = "Installation"; Value = "{Installation}"; VariantName = "[No Variations]"
Change component parameters (AddParameter): Name = "Nominal_voltage_V"; Value = "{Nominal_voltage_V}"; VariantName = "[No Variations]"
Change component parameters (AddParameter): Name = "Ordering_Information"; Value = "{Ordering_Information}"; VariantName = "[No Variations]"
Change component parameters (AddParameter): Name = "Package"; Value = "1812"; VariantName = "[No Variations]"
Change component parameters (AddParameter): Name = "Pins"; Value = "{Pins}"; VariantName = "[No Variations]"
Change component parameters (AddParameter): Name = "SubClass"; Value = "Конденсаторы"; VariantName = "[No Variations]"
Change component parameters (AddParameter): Name = "TKE"; Value = "{TKE}"; VariantName = "[No Variations]"
Change component parameters (AddParameter): Name = "Tolerance_Percent"; Value = "{Tolerance_Percent}"; VariantName = "[No Variations]"
Change component parameters (AddParameter): Name = "Value"; Value = "4.7 uF"; VariantName = "[No Variations]"
Change component parameters: Designator = "C7_U_chanel4" ("C7"); Footprint = "ECR 10x20mm"; UniqueID = "\ZPDDUSWC\XBOOWTKL" ("\ZPDDUSWC\XBOOWTKL")
Change component parameters (AddParameter): Name = "Body"; Value = "{Body}"; VariantName = "[No Variations]"
Change component parameters (AddParameter): Name = "Class"; Value = "Электронные компоненты"; VariantName = "[No Variations]"
Change component parameters (AddParameter): Name = "Installation"; Value = "{Installation}"; VariantName = "[No Variations]"
Change component parameters (AddParameter): Name = "Nominal_voltage_V"; Value = "{Nominal_voltage_V}"; VariantName = "[No Variations]"
Change component parameters (AddParameter): Name = "Ordering_Information"; Value = "{Ordering_Information}"; VariantName = "[No Variations]"
Change component parameters (AddParameter): Name = "Package"; Value = "1812"; VariantName = "[No Variations]"
Change component parameters (AddParameter): Name = "Pins"; Value = "{Pins}"; VariantName = "[No Variations]"
Change component parameters (AddParameter): Name = "SubClass"; Value = "Конденсаторы"; VariantName = "[No Variations]"
Change component parameters (AddParameter): Name = "TKE"; Value = "{TKE}"; VariantName = "[No Variations]"
Change component parameters (AddParameter): Name = "Tolerance_Percent"; Value = "{Tolerance_Percent}"; VariantName = "[No Variations]"
Change component parameters (AddParameter): Name = "Value"; Value = "4.7 uF"; VariantName = "[No Variations]"
Change component parameters: Designator = "C7_U_chanel5" ("C7"); Footprint = "ECR 10x20mm"; UniqueID = "\SPXHXCVY\XBOOWTKL" ("\SPXHXCVY\XBOOWTKL")
Change component parameters (AddParameter): Name = "Body"; Value = "{Body}"; VariantName = "[No Variations]"
Change component parameters (AddParameter): Name = "Class"; Value = "Электронные компоненты"; VariantName = "[No Variations]"
Change component parameters (AddParameter): Name = "Installation"; Value = "{Installation}"; VariantName = "[No Variations]"
Change component parameters (AddParameter): Name = "Nominal_voltage_V"; Value = "{Nominal_voltage_V}"; VariantName = "[No Variations]"
Change component parameters (AddParameter): Name = "Ordering_Information"; Value = "{Ordering_Information}"; VariantName = "[No Variations]"
Change component parameters (AddParameter): Name = "Package"; Value = "1812"; VariantName = "[No Variations]"
Change component parameters (AddParameter): Name = "Pins"; Value = "{Pins}"; VariantName = "[No Variations]"
Change component parameters (AddParameter): Name = "SubClass"; Value = "Конденсаторы"; VariantName = "[No Variations]"
Change component parameters (AddParameter): Name = "TKE"; Value = "{TKE}"; VariantName = "[No Variations]"
Change component parameters (AddParameter): Name = "Tolerance_Percent"; Value = "{Tolerance_Percent}"; VariantName = "[No Variations]"
Change component parameters (AddParameter): Name = "Value"; Value = "4.7 uF"; VariantName = "[No Variations]"
Change component parameters: Designator = "C7_U_chanel6" ("C7"); Footprint = "ECR 10x20mm"; UniqueID = "\ZEHSHGFD\XBOOWTKL" ("\ZEHSHGFD\XBOOWTKL")
Change component parameters (AddParameter): Name = "Body"; Value = "{Body}"; VariantName = "[No Variations]"
Change component parameters (AddParameter): Name = "Class"; Value = "Электронные компоненты"; VariantName = "[No Variations]"
Change component parameters (AddParameter): Name = "Installation"; Value = "{Installation}"; VariantName = "[No Variations]"
Change component parameters (AddParameter): Name = "Nominal_voltage_V"; Value = "{Nominal_voltage_V}"; VariantName = "[No Variations]"
Change component parameters (AddParameter): Name = "Ordering_Information"; Value = "{Ordering_Information}"; VariantName = "[No Variations]"
Change component parameters (AddParameter): Name = "Package"; Value = "1812"; VariantName = "[No Variations]"
Change component parameters (AddParameter): Name = "Pins"; Value = "{Pins}"; VariantName = "[No Variations]"
Change component parameters (AddParameter): Name = "SubClass"; Value = "Конденсаторы"; VariantName = "[No Variations]"
Change component parameters (AddParameter): Name = "TKE"; Value = "{TKE}"; VariantName = "[No Variations]"
Change component parameters (AddParameter): Name = "Tolerance_Percent"; Value = "{Tolerance_Percent}"; VariantName = "[No Variations]"
Change component parameters (AddParameter): Name = "Value"; Value = "4.7 uF"; VariantName = "[No Variations]"
Added Component: Designator=C11_U_chanel1(CAPCHIP1812)
Add component (AddParameter): Name = "Body"; Value = "{Body}"; VariantName = "[No Variations]"
Add component (AddParameter): Name = "Class"; Value = "Электронные компоненты"; VariantName = "[No Variations]"
Add component (AddParameter): Name = "Installation"; Value = "{Installation}"; VariantName = "[No Variations]"
Add component (AddParameter): Name = "Nominal_voltage_V"; Value = "{Nominal_voltage_V}"; VariantName = "[No Variations]"
Add component (AddParameter): Name = "Ordering_Information"; Value = "{Ordering_Information}"; VariantName = "[No Variations]"
Add component (AddParameter): Name = "Package"; Value = "1812"; VariantName = "[No Variations]"
Add component (AddParameter): Name = "Pins"; Value = "{Pins}"; VariantName = "[No Variations]"
Add component (AddParameter): Name = "SubClass"; Value = "Конденсаторы"; VariantName = "[No Variations]"
Add component (AddParameter): Name = "TKE"; Value = "{TKE}"; VariantName = "[No Variations]"
Add component (AddParameter): Name = "Tolerance_Percent"; Value = "{Tolerance_Percent}"; VariantName = "[No Variations]"
Add component (AddParameter): Name = "Value"; Value = "4.7 uF"; VariantName = "[No Variations]"
Added Component: Designator=C11_U_chanel2(CAPCHIP1812)
Add component (AddParameter): Name = "Body"; Value = "{Body}"; VariantName = "[No Variations]"
Add component (AddParameter): Name = "Class"; Value = "Электронные компоненты"; VariantName = "[No Variations]"
Add component (AddParameter): Name = "Installation"; Value = "{Installation}"; VariantName = "[No Variations]"
Add component (AddParameter): Name = "Nominal_voltage_V"; Value = "{Nominal_voltage_V}"; VariantName = "[No Variations]"
Add component (AddParameter): Name = "Ordering_Information"; Value = "{Ordering_Information}"; VariantName = "[No Variations]"
Add component (AddParameter): Name = "Package"; Value = "1812"; VariantName = "[No Variations]"
Add component (AddParameter): Name = "Pins"; Value = "{Pins}"; VariantName = "[No Variations]"
Add component (AddParameter): Name = "SubClass"; Value = "Конденсаторы"; VariantName = "[No Variations]"
Add component (AddParameter): Name = "TKE"; Value = "{TKE}"; VariantName = "[No Variations]"
Add component (AddParameter): Name = "Tolerance_Percent"; Value = "{Tolerance_Percent}"; VariantName = "[No Variations]"
Add component (AddParameter): Name = "Value"; Value = "4.7 uF"; VariantName = "[No Variations]"
Added Component: Designator=C11_U_chanel3(CAPCHIP1812)
Add component (AddParameter): Name = "Body"; Value = "{Body}"; VariantName = "[No Variations]"
Add component (AddParameter): Name = "Class"; Value = "Электронные компоненты"; VariantName = "[No Variations]"
Add component (AddParameter): Name = "Installation"; Value = "{Installation}"; VariantName = "[No Variations]"
Add component (AddParameter): Name = "Nominal_voltage_V"; Value = "{Nominal_voltage_V}"; VariantName = "[No Variations]"
Add component (AddParameter): Name = "Ordering_Information"; Value = "{Ordering_Information}"; VariantName = "[No Variations]"
Add component (AddParameter): Name = "Package"; Value = "1812"; VariantName = "[No Variations]"
Add component (AddParameter): Name = "Pins"; Value = "{Pins}"; VariantName = "[No Variations]"
Add component (AddParameter): Name = "SubClass"; Value = "Конденсаторы"; VariantName = "[No Variations]"
Add component (AddParameter): Name = "TKE"; Value = "{TKE}"; VariantName = "[No Variations]"
Add component (AddParameter): Name = "Tolerance_Percent"; Value = "{Tolerance_Percent}"; VariantName = "[No Variations]"
Add component (AddParameter): Name = "Value"; Value = "4.7 uF"; VariantName = "[No Variations]"
Added Component: Designator=C11_U_chanel4(CAPCHIP1812)
Add component (AddParameter): Name = "Body"; Value = "{Body}"; VariantName = "[No Variations]"
Add component (AddParameter): Name = "Class"; Value = "Электронные компоненты"; VariantName = "[No Variations]"
Add component (AddParameter): Name = "Installation"; Value = "{Installation}"; VariantName = "[No Variations]"
Add component (AddParameter): Name = "Nominal_voltage_V"; Value = "{Nominal_voltage_V}"; VariantName = "[No Variations]"
Add component (AddParameter): Name = "Ordering_Information"; Value = "{Ordering_Information}"; VariantName = "[No Variations]"
Add component (AddParameter): Name = "Package"; Value = "1812"; VariantName = "[No Variations]"
Add component (AddParameter): Name = "Pins"; Value = "{Pins}"; VariantName = "[No Variations]"
Add component (AddParameter): Name = "SubClass"; Value = "Конденсаторы"; VariantName = "[No Variations]"
Add component (AddParameter): Name = "TKE"; Value = "{TKE}"; VariantName = "[No Variations]"
Add component (AddParameter): Name = "Tolerance_Percent"; Value = "{Tolerance_Percent}"; VariantName = "[No Variations]"
Add component (AddParameter): Name = "Value"; Value = "4.7 uF"; VariantName = "[No Variations]"
Added Component: Designator=C11_U_chanel5(CAPCHIP1812)
Add component (AddParameter): Name = "Body"; Value = "{Body}"; VariantName = "[No Variations]"
Add component (AddParameter): Name = "Class"; Value = "Электронные компоненты"; VariantName = "[No Variations]"
Add component (AddParameter): Name = "Installation"; Value = "{Installation}"; VariantName = "[No Variations]"
Add component (AddParameter): Name = "Nominal_voltage_V"; Value = "{Nominal_voltage_V}"; VariantName = "[No Variations]"
Add component (AddParameter): Name = "Ordering_Information"; Value = "{Ordering_Information}"; VariantName = "[No Variations]"
Add component (AddParameter): Name = "Package"; Value = "1812"; VariantName = "[No Variations]"
Add component (AddParameter): Name = "Pins"; Value = "{Pins}"; VariantName = "[No Variations]"
Add component (AddParameter): Name = "SubClass"; Value = "Конденсаторы"; VariantName = "[No Variations]"
Add component (AddParameter): Name = "TKE"; Value = "{TKE}"; VariantName = "[No Variations]"
Add component (AddParameter): Name = "Tolerance_Percent"; Value = "{Tolerance_Percent}"; VariantName = "[No Variations]"
Add component (AddParameter): Name = "Value"; Value = "4.7 uF"; VariantName = "[No Variations]"
Added Component: Designator=C11_U_chanel6(CAPCHIP1812)
Add component (AddParameter): Name = "Body"; Value = "{Body}"; VariantName = "[No Variations]"
Add component (AddParameter): Name = "Class"; Value = "Электронные компоненты"; VariantName = "[No Variations]"
Add component (AddParameter): Name = "Installation"; Value = "{Installation}"; VariantName = "[No Variations]"
Add component (AddParameter): Name = "Nominal_voltage_V"; Value = "{Nominal_voltage_V}"; VariantName = "[No Variations]"
Add component (AddParameter): Name = "Ordering_Information"; Value = "{Ordering_Information}"; VariantName = "[No Variations]"
Add component (AddParameter): Name = "Package"; Value = "1812"; VariantName = "[No Variations]"
Add component (AddParameter): Name = "Pins"; Value = "{Pins}"; VariantName = "[No Variations]"
Add component (AddParameter): Name = "SubClass"; Value = "Конденсаторы"; VariantName = "[No Variations]"
Add component (AddParameter): Name = "TKE"; Value = "{TKE}"; VariantName = "[No Variations]"
Add component (AddParameter): Name = "Tolerance_Percent"; Value = "{Tolerance_Percent}"; VariantName = "[No Variations]"
Add component (AddParameter): Name = "Value"; Value = "4.7 uF"; VariantName = "[No Variations]"
Added Component: Designator=C12_U_chanel1(CAPCHIP1812)
Add component (AddParameter): Name = "Body"; Value = "{Body}"; VariantName = "[No Variations]"
Add component (AddParameter): Name = "Class"; Value = "Электронные компоненты"; VariantName = "[No Variations]"
Add component (AddParameter): Name = "Installation"; Value = "{Installation}"; VariantName = "[No Variations]"
Add component (AddParameter): Name = "Nominal_voltage_V"; Value = "{Nominal_voltage_V}"; VariantName = "[No Variations]"
Add component (AddParameter): Name = "Ordering_Information"; Value = "{Ordering_Information}"; VariantName = "[No Variations]"
Add component (AddParameter): Name = "Package"; Value = "1812"; VariantName = "[No Variations]"
Add component (AddParameter): Name = "Pins"; Value = "{Pins}"; VariantName = "[No Variations]"
Add component (AddParameter): Name = "SubClass"; Value = "Конденсаторы"; VariantName = "[No Variations]"
Add component (AddParameter): Name = "TKE"; Value = "{TKE}"; VariantName = "[No Variations]"
Add component (AddParameter): Name = "Tolerance_Percent"; Value = "{Tolerance_Percent}"; VariantName = "[No Variations]"
Add component (AddParameter): Name = "Value"; Value = "4.7 uF"; VariantName = "[No Variations]"
Added Component: Designator=C12_U_chanel2(CAPCHIP1812)
Add component (AddParameter): Name = "Body"; Value = "{Body}"; VariantName = "[No Variations]"
Add component (AddParameter): Name = "Class"; Value = "Электронные компоненты"; VariantName = "[No Variations]"
Add component (AddParameter): Name = "Installation"; Value = "{Installation}"; VariantName = "[No Variations]"
Add component (AddParameter): Name = "Nominal_voltage_V"; Value = "{Nominal_voltage_V}"; VariantName = "[No Variations]"
Add component (AddParameter): Name = "Ordering_Information"; Value = "{Ordering_Information}"; VariantName = "[No Variations]"
Add component (AddParameter): Name = "Package"; Value = "1812"; VariantName = "[No Variations]"
Add component (AddParameter): Name = "Pins"; Value = "{Pins}"; VariantName = "[No Variations]"
Add component (AddParameter): Name = "SubClass"; Value = "Конденсаторы"; VariantName = "[No Variations]"
Add component (AddParameter): Name = "TKE"; Value = "{TKE}"; VariantName = "[No Variations]"
Add component (AddParameter): Name = "Tolerance_Percent"; Value = "{Tolerance_Percent}"; VariantName = "[No Variations]"
Add component (AddParameter): Name = "Value"; Value = "4.7 uF"; VariantName = "[No Variations]"
Added Component: Designator=C12_U_chanel3(CAPCHIP1812)
Add component (AddParameter): Name = "Body"; Value = "{Body}"; VariantName = "[No Variations]"
Add component (AddParameter): Name = "Class"; Value = "Электронные компоненты"; VariantName = "[No Variations]"
Add component (AddParameter): Name = "Installation"; Value = "{Installation}"; VariantName = "[No Variations]"
Add component (AddParameter): Name = "Nominal_voltage_V"; Value = "{Nominal_voltage_V}"; VariantName = "[No Variations]"
Add component (AddParameter): Name = "Ordering_Information"; Value = "{Ordering_Information}"; VariantName = "[No Variations]"
Add component (AddParameter): Name = "Package"; Value = "1812"; VariantName = "[No Variations]"
Add component (AddParameter): Name = "Pins"; Value = "{Pins}"; VariantName = "[No Variations]"
Add component (AddParameter): Name = "SubClass"; Value = "Конденсаторы"; VariantName = "[No Variations]"
Add component (AddParameter): Name = "TKE"; Value = "{TKE}"; VariantName = "[No Variations]"
Add component (AddParameter): Name = "Tolerance_Percent"; Value = "{Tolerance_Percent}"; VariantName = "[No Variations]"
Add component (AddParameter): Name = "Value"; Value = "4.7 uF"; VariantName = "[No Variations]"
Added Component: Designator=C12_U_chanel4(CAPCHIP1812)
Add component (AddParameter): Name = "Body"; Value = "{Body}"; VariantName = "[No Variations]"
Add component (AddParameter): Name = "Class"; Value = "Электронные компоненты"; VariantName = "[No Variations]"
Add component (AddParameter): Name = "Installation"; Value = "{Installation}"; VariantName = "[No Variations]"
Add component (AddParameter): Name = "Nominal_voltage_V"; Value = "{Nominal_voltage_V}"; VariantName = "[No Variations]"
Add component (AddParameter): Name = "Ordering_Information"; Value = "{Ordering_Information}"; VariantName = "[No Variations]"
Add component (AddParameter): Name = "Package"; Value = "1812"; VariantName = "[No Variations]"
Add component (AddParameter): Name = "Pins"; Value = "{Pins}"; VariantName = "[No Variations]"
Add component (AddParameter): Name = "SubClass"; Value = "Конденсаторы"; VariantName = "[No Variations]"
Add component (AddParameter): Name = "TKE"; Value = "{TKE}"; VariantName = "[No Variations]"
Add component (AddParameter): Name = "Tolerance_Percent"; Value = "{Tolerance_Percent}"; VariantName = "[No Variations]"
Add component (AddParameter): Name = "Value"; Value = "4.7 uF"; VariantName = "[No Variations]"
Added Component: Designator=C12_U_chanel5(CAPCHIP1812)
Add component (AddParameter): Name = "Body"; Value = "{Body}"; VariantName = "[No Variations]"
Add component (AddParameter): Name = "Class"; Value = "Электронные компоненты"; VariantName = "[No Variations]"
Add component (AddParameter): Name = "Installation"; Value = "{Installation}"; VariantName = "[No Variations]"
Add component (AddParameter): Name = "Nominal_voltage_V"; Value = "{Nominal_voltage_V}"; VariantName = "[No Variations]"
Add component (AddParameter): Name = "Ordering_Information"; Value = "{Ordering_Information}"; VariantName = "[No Variations]"
Add component (AddParameter): Name = "Package"; Value = "1812"; VariantName = "[No Variations]"
Add component (AddParameter): Name = "Pins"; Value = "{Pins}"; VariantName = "[No Variations]"
Add component (AddParameter): Name = "SubClass"; Value = "Конденсаторы"; VariantName = "[No Variations]"
Add component (AddParameter): Name = "TKE"; Value = "{TKE}"; VariantName = "[No Variations]"
Add component (AddParameter): Name = "Tolerance_Percent"; Value = "{Tolerance_Percent}"; VariantName = "[No Variations]"
Add component (AddParameter): Name = "Value"; Value = "4.7 uF"; VariantName = "[No Variations]"
Added Component: Designator=C12_U_chanel6(CAPCHIP1812)
Add component (AddParameter): Name = "Body"; Value = "{Body}"; VariantName = "[No Variations]"
Add component (AddParameter): Name = "Class"; Value = "Электронные компоненты"; VariantName = "[No Variations]"
Add component (AddParameter): Name = "Installation"; Value = "{Installation}"; VariantName = "[No Variations]"
Add component (AddParameter): Name = "Nominal_voltage_V"; Value = "{Nominal_voltage_V}"; VariantName = "[No Variations]"
Add component (AddParameter): Name = "Ordering_Information"; Value = "{Ordering_Information}"; VariantName = "[No Variations]"
Add component (AddParameter): Name = "Package"; Value = "1812"; VariantName = "[No Variations]"
Add component (AddParameter): Name = "Pins"; Value = "{Pins}"; VariantName = "[No Variations]"
Add component (AddParameter): Name = "SubClass"; Value = "Конденсаторы"; VariantName = "[No Variations]"
Add component (AddParameter): Name = "TKE"; Value = "{TKE}"; VariantName = "[No Variations]"
Add component (AddParameter): Name = "Tolerance_Percent"; Value = "{Tolerance_Percent}"; VariantName = "[No Variations]"
Add component (AddParameter): Name = "Value"; Value = "4.7 uF"; VariantName = "[No Variations]"
Added Pin To Net: NetName=GND Pin=C5_U_chanel1-1
Added Pin To Net: NetName=+24v Pin=C5_U_chanel1-2
Added Pin To Net: NetName=GND Pin=C5_U_chanel2-1
Added Pin To Net: NetName=NetC3_U_chanel2_1 Pin=C5_U_chanel2-2
Added Pin To Net: NetName=GND Pin=C5_U_chanel3-1
Added Pin To Net: NetName=+24v Pin=C5_U_chanel3-2
Added Pin To Net: NetName=GND Pin=C5_U_chanel4-1
Added Pin To Net: NetName=+24v Pin=C5_U_chanel4-2
Added Pin To Net: NetName=GND Pin=C5_U_chanel5-1
Added Pin To Net: NetName=+24v Pin=C5_U_chanel5-2
Added Pin To Net: NetName=GND Pin=C5_U_chanel6-1
Added Pin To Net: NetName=+24v Pin=C5_U_chanel6-2
Added Pin To Net: NetName=GND Pin=C7_U_chanel1-1
Added Pin To Net: NetName=+24v Pin=C7_U_chanel1-2
Added Pin To Net: NetName=GND Pin=C7_U_chanel2-1
Added Pin To Net: NetName=NetC3_U_chanel2_1 Pin=C7_U_chanel2-2
Added Pin To Net: NetName=GND Pin=C7_U_chanel3-1
Added Pin To Net: NetName=+24v Pin=C7_U_chanel3-2
Added Pin To Net: NetName=GND Pin=C7_U_chanel4-1
Added Pin To Net: NetName=+24v Pin=C7_U_chanel4-2
Added Pin To Net: NetName=GND Pin=C7_U_chanel5-1
Added Pin To Net: NetName=+24v Pin=C7_U_chanel5-2
Added Pin To Net: NetName=GND Pin=C7_U_chanel6-1
Added Pin To Net: NetName=+24v Pin=C7_U_chanel6-2
Added Pin To Net: NetName=NetC6_U_chanel1_1 Pin=C11_U_chanel1-1
Added Pin To Net: NetName=NetC6_U_chanel1_2 Pin=C11_U_chanel1-2
Added Pin To Net: NetName=NetC6_U_chanel2_1 Pin=C11_U_chanel2-1
Added Pin To Net: NetName=NetC6_U_chanel2_2 Pin=C11_U_chanel2-2
Added Pin To Net: NetName=NetC6_U_chanel3_1 Pin=C11_U_chanel3-1
Added Pin To Net: NetName=NetC6_U_chanel3_2 Pin=C11_U_chanel3-2
Added Pin To Net: NetName=NetC6_U_chanel4_1 Pin=C11_U_chanel4-1
Added Pin To Net: NetName=NetC6_U_chanel4_2 Pin=C11_U_chanel4-2
Added Pin To Net: NetName=NetC6_U_chanel5_1 Pin=C11_U_chanel5-1
Added Pin To Net: NetName=NetC6_U_chanel5_2 Pin=C11_U_chanel5-2
Added Pin To Net: NetName=NetC6_U_chanel6_1 Pin=C11_U_chanel6-1
Added Pin To Net: NetName=NetC6_U_chanel6_2 Pin=C11_U_chanel6-2
Added Pin To Net: NetName=NetC6_U_chanel1_1 Pin=C12_U_chanel1-1
Added Pin To Net: NetName=NetC6_U_chanel1_2 Pin=C12_U_chanel1-2
Added Pin To Net: NetName=NetC6_U_chanel2_1 Pin=C12_U_chanel2-1
Added Pin To Net: NetName=NetC6_U_chanel2_2 Pin=C12_U_chanel2-2
Added Pin To Net: NetName=NetC6_U_chanel3_1 Pin=C12_U_chanel3-1
Added Pin To Net: NetName=NetC6_U_chanel3_2 Pin=C12_U_chanel3-2
Added Pin To Net: NetName=NetC6_U_chanel4_1 Pin=C12_U_chanel4-1
Added Pin To Net: NetName=NetC6_U_chanel4_2 Pin=C12_U_chanel4-2
Added Pin To Net: NetName=NetC6_U_chanel5_1 Pin=C12_U_chanel5-1
Added Pin To Net: NetName=NetC6_U_chanel5_2 Pin=C12_U_chanel5-2
Added Pin To Net: NetName=NetC6_U_chanel6_1 Pin=C12_U_chanel6-1
Added Pin To Net: NetName=NetC6_U_chanel6_2 Pin=C12_U_chanel6-2
Added Member To Class: ClassName=DriverPCB Member=Component C10  0.1 uF
Added Member To Class: ClassName=U_chanel1 Member=Component C11_U_chanel1 (C11) Cap C
Added Member To Class: ClassName=U_chanel2 Member=Component C11_U_chanel2 (C11) Cap C
Added Member To Class: ClassName=U_chanel3 Member=Component C11_U_chanel3 (C11) Cap C
Added Member To Class: ClassName=U_chanel4 Member=Component C11_U_chanel4 (C11) Cap C
Added Member To Class: ClassName=U_chanel5 Member=Component C11_U_chanel5 (C11) Cap C
Added Member To Class: ClassName=U_chanel6 Member=Component C11_U_chanel6 (C11) Cap C
Added Member To Class: ClassName=U_chanel1 Member=Component C12_U_chanel1 (C12) Cap C
Added Member To Class: ClassName=U_chanel2 Member=Component C12_U_chanel2 (C12) Cap C
Added Member To Class: ClassName=U_chanel3 Member=Component C12_U_chanel3 (C12) Cap C
Added Member To Class: ClassName=U_chanel4 Member=Component C12_U_chanel4 (C12) Cap C
Added Member To Class: ClassName=U_chanel5 Member=Component C12_U_chanel5 (C12) Cap C
Added Member To Class: ClassName=U_chanel6 Member=Component C12_U_chanel6 (C12) Cap C
Added Member To Class: ClassName=DriverPCB Member=Component DG2 прижимной контакт
Added Member To Class: ClassName=DriverPCB Member=Component R16 3K
