Change Component Designator: OldDesignator=C1_U_chanel1 NewDesignator=C1_U_chanel6
Change Component Designator: OldDesignator=C1_U_chanel2 NewDesignator=C1_U_chanel5
Change Component Designator: OldDesignator=C1_U_chanel3 NewDesignator=C1_U_chanel4
Change Component Designator: OldDesignator=C1_U_chanel4 NewDesignator=C1_U_chanel3
Change Component Designator: OldDesignator=C1_U_chanel5 NewDesignator=C1_U_chanel2
Change Component Designator: OldDesignator=C1_U_chanel6 NewDesignator=C1_U_chanel1
Change Component Designator: OldDesignator=C2_U_chanel1 NewDesignator=C2_U_chanel6
Change Component Designator: OldDesignator=C2_U_chanel2 NewDesignator=C2_U_chanel5
Change Component Designator: OldDesignator=C2_U_chanel3 NewDesignator=C2_U_chanel4
Change Component Designator: OldDesignator=C2_U_chanel4 NewDesignator=C2_U_chanel3
Change Component Designator: OldDesignator=C2_U_chanel5 NewDesignator=C2_U_chanel2
Change Component Designator: OldDesignator=C2_U_chanel6 NewDesignator=C2_U_chanel1
Change Component Designator: OldDesignator=C5_U_chanel1 NewDesignator=C5_U_chanel6
Change Component Designator: OldDesignator=C5_U_chanel2 NewDesignator=C5_U_chanel5
Change Component Designator: OldDesignator=C5_U_chanel3 NewDesignator=C5_U_chanel4
Change Component Designator: OldDesignator=C5_U_chanel4 NewDesignator=C5_U_chanel3
Change Component Designator: OldDesignator=C5_U_chanel5 NewDesignator=C5_U_chanel2
Change Component Designator: OldDesignator=C5_U_chanel6 NewDesignator=C5_U_chanel1
Change Component Designator: OldDesignator=C7_U_chanel1 NewDesignator=C7_U_chanel6
Change Component Designator: OldDesignator=C7_U_chanel2 NewDesignator=C7_U_chanel5
Change Component Designator: OldDesignator=C7_U_chanel3 NewDesignator=C7_U_chanel4
Change Component Designator: OldDesignator=C7_U_chanel4 NewDesignator=C7_U_chanel3
Change Component Designator: OldDesignator=C7_U_chanel5 NewDesignator=C7_U_chanel2
Change Component Designator: OldDesignator=C7_U_chanel6 NewDesignator=C7_U_chanel1
Change Component Designator: OldDesignator=C8_U_chanel1 NewDesignator=C8_U_chanel6
Change Component Designator: OldDesignator=C8_U_chanel2 NewDesignator=C8_U_chanel5
Change Component Designator: OldDesignator=C8_U_chanel3 NewDesignator=C8_U_chanel4
Change Component Designator: OldDesignator=C8_U_chanel4 NewDesignator=C8_U_chanel3
Change Component Designator: OldDesignator=C8_U_chanel5 NewDesignator=C8_U_chanel2
Change Component Designator: OldDesignator=C8_U_chanel6 NewDesignator=C8_U_chanel1
Change Component Designator: OldDesignator=C11_U_chanel1 NewDesignator=C11_U_chanel6
Change Component Designator: OldDesignator=C11_U_chanel2 NewDesignator=C11_U_chanel5
Change Component Designator: OldDesignator=C11_U_chanel3 NewDesignator=C11_U_chanel4
Change Component Designator: OldDesignator=C11_U_chanel4 NewDesignator=C11_U_chanel3
Change Component Designator: OldDesignator=C11_U_chanel5 NewDesignator=C11_U_chanel2
Change Component Designator: OldDesignator=C11_U_chanel6 NewDesignator=C11_U_chanel1
Change Component Designator: OldDesignator=C12_U_chanel1 NewDesignator=C12_U_chanel6
Change Component Designator: OldDesignator=C12_U_chanel2 NewDesignator=C12_U_chanel5
Change Component Designator: OldDesignator=C12_U_chanel3 NewDesignator=C12_U_chanel4
Change Component Designator: OldDesignator=C12_U_chanel4 NewDesignator=C12_U_chanel3
Change Component Designator: OldDesignator=C12_U_chanel5 NewDesignator=C12_U_chanel2
Change Component Designator: OldDesignator=C12_U_chanel6 NewDesignator=C12_U_chanel1
Change Component Designator: OldDesignator=D1_U_chanel1 NewDesignator=D1_U_chanel6
Change Component Designator: OldDesignator=D1_U_chanel2 NewDesignator=D1_U_chanel5
Change Component Designator: OldDesignator=D1_U_chanel3 NewDesignator=D1_U_chanel4
Change Component Designator: OldDesignator=D1_U_chanel4 NewDesignator=D1_U_chanel3
Change Component Designator: OldDesignator=D1_U_chanel5 NewDesignator=D1_U_chanel2
Change Component Designator: OldDesignator=D1_U_chanel6 NewDesignator=D1_U_chanel1
Change Component Designator: OldDesignator=D2_U_chanel1 NewDesignator=D2_U_chanel6
Change Component Designator: OldDesignator=D2_U_chanel2 NewDesignator=D2_U_chanel5
Change Component Designator: OldDesignator=D2_U_chanel3 NewDesignator=D2_U_chanel4
Change Component Designator: OldDesignator=D2_U_chanel4 NewDesignator=D2_U_chanel3
Change Component Designator: OldDesignator=D2_U_chanel5 NewDesignator=D2_U_chanel2
Change Component Designator: OldDesignator=D2_U_chanel6 NewDesignator=D2_U_chanel1
Change Component Designator: OldDesignator=L1_U_chanel1 NewDesignator=L1_U_chanel6
Change Component Designator: OldDesignator=L1_U_chanel2 NewDesignator=L1_U_chanel5
Change Component Designator: OldDesignator=L1_U_chanel3 NewDesignator=L1_U_chanel4
Change Component Designator: OldDesignator=L1_U_chanel4 NewDesignator=L1_U_chanel3
Change Component Designator: OldDesignator=L1_U_chanel5 NewDesignator=L1_U_chanel2
Change Component Designator: OldDesignator=L1_U_chanel6 NewDesignator=L1_U_chanel1
Change Component Designator: OldDesignator=Q1_U_chanel1 NewDesignator=Q1_U_chanel6
Change Component Designator: OldDesignator=Q1_U_chanel2 NewDesignator=Q1_U_chanel5
Change Component Designator: OldDesignator=Q1_U_chanel3 NewDesignator=Q1_U_chanel4
Change Component Designator: OldDesignator=Q1_U_chanel4 NewDesignator=Q1_U_chanel3
Change Component Designator: OldDesignator=Q1_U_chanel5 NewDesignator=Q1_U_chanel2
Change Component Designator: OldDesignator=Q1_U_chanel6 NewDesignator=Q1_U_chanel1
Change Component Designator: OldDesignator=R1_U_chanel1 NewDesignator=R1_U_chanel6
Change Component Designator: OldDesignator=R1_U_chanel2 NewDesignator=R1_U_chanel5
Change Component Designator: OldDesignator=R1_U_chanel3 NewDesignator=R1_U_chanel4
Change Component Designator: OldDesignator=R1_U_chanel4 NewDesignator=R1_U_chanel3
Change Component Designator: OldDesignator=R1_U_chanel5 NewDesignator=R1_U_chanel2
Change Component Designator: OldDesignator=R1_U_chanel6 NewDesignator=R1_U_chanel1
Change Component Designator: OldDesignator=R2_U_chanel1 NewDesignator=R2_U_chanel6
Change Component Designator: OldDesignator=R2_U_chanel2 NewDesignator=R2_U_chanel5
Change Component Designator: OldDesignator=R2_U_chanel3 NewDesignator=R2_U_chanel4
Change Component Designator: OldDesignator=R2_U_chanel4 NewDesignator=R2_U_chanel3
Change Component Designator: OldDesignator=R2_U_chanel5 NewDesignator=R2_U_chanel2
Change Component Designator: OldDesignator=R2_U_chanel6 NewDesignator=R2_U_chanel1
Change Component Designator: OldDesignator=R3_U_chanel1 NewDesignator=R3_U_chanel6
Change Component Designator: OldDesignator=R3_U_chanel2 NewDesignator=R3_U_chanel5
Change Component Designator: OldDesignator=R3_U_chanel3 NewDesignator=R3_U_chanel4
Change Component Designator: OldDesignator=R3_U_chanel4 NewDesignator=R3_U_chanel3
Change Component Designator: OldDesignator=R3_U_chanel5 NewDesignator=R3_U_chanel2
Change Component Designator: OldDesignator=R3_U_chanel6 NewDesignator=R3_U_chanel1
Change Component Designator: OldDesignator=R4_U_chanel1 NewDesignator=R4_U_chanel6
Change Component Designator: OldDesignator=R4_U_chanel2 NewDesignator=R4_U_chanel5
Change Component Designator: OldDesignator=R4_U_chanel3 NewDesignator=R4_U_chanel4
Change Component Designator: OldDesignator=R4_U_chanel4 NewDesignator=R4_U_chanel3
Change Component Designator: OldDesignator=R4_U_chanel5 NewDesignator=R4_U_chanel2
Change Component Designator: OldDesignator=R4_U_chanel6 NewDesignator=R4_U_chanel1
Change Component Designator: OldDesignator=R5_U_chanel1 NewDesignator=R5_U_chanel6
Change Component Designator: OldDesignator=R5_U_chanel2 NewDesignator=R5_U_chanel5
Change Component Designator: OldDesignator=R5_U_chanel3 NewDesignator=R5_U_chanel4
Change Component Designator: OldDesignator=R5_U_chanel4 NewDesignator=R5_U_chanel3
Change Component Designator: OldDesignator=R5_U_chanel5 NewDesignator=R5_U_chanel2
Change Component Designator: OldDesignator=R5_U_chanel6 NewDesignator=R5_U_chanel1
Change Component Designator: OldDesignator=R6_U_chanel1 NewDesignator=R6_U_chanel6
Change Component Designator: OldDesignator=R6_U_chanel2 NewDesignator=R6_U_chanel5
Change Component Designator: OldDesignator=R6_U_chanel3 NewDesignator=R6_U_chanel4
Change Component Designator: OldDesignator=R6_U_chanel4 NewDesignator=R6_U_chanel3
Change Component Designator: OldDesignator=R6_U_chanel5 NewDesignator=R6_U_chanel2
Change Component Designator: OldDesignator=R6_U_chanel6 NewDesignator=R6_U_chanel1
Change Component Designator: OldDesignator=R7_U_chanel1 NewDesignator=R7_U_chanel6
Change Component Designator: OldDesignator=R7_U_chanel2 NewDesignator=R7_U_chanel5
Change Component Designator: OldDesignator=R7_U_chanel3 NewDesignator=R7_U_chanel4
Change Component Designator: OldDesignator=R7_U_chanel4 NewDesignator=R7_U_chanel3
Change Component Designator: OldDesignator=R7_U_chanel5 NewDesignator=R7_U_chanel2
Change Component Designator: OldDesignator=R7_U_chanel6 NewDesignator=R7_U_chanel1
Change Component Designator: OldDesignator=R8_U_chanel1 NewDesignator=R8_U_chanel6
Change Component Designator: OldDesignator=R8_U_chanel2 NewDesignator=R8_U_chanel5
Change Component Designator: OldDesignator=R8_U_chanel3 NewDesignator=R8_U_chanel4
Change Component Designator: OldDesignator=R8_U_chanel4 NewDesignator=R8_U_chanel3
Change Component Designator: OldDesignator=R8_U_chanel5 NewDesignator=R8_U_chanel2
Change Component Designator: OldDesignator=R8_U_chanel6 NewDesignator=R8_U_chanel1
Change Component Designator: OldDesignator=R9_U_chanel1 NewDesignator=R9_U_chanel6
Change Component Designator: OldDesignator=R9_U_chanel2 NewDesignator=R9_U_chanel5
Change Component Designator: OldDesignator=R9_U_chanel3 NewDesignator=R9_U_chanel4
Change Component Designator: OldDesignator=R9_U_chanel4 NewDesignator=R9_U_chanel3
Change Component Designator: OldDesignator=R9_U_chanel5 NewDesignator=R9_U_chanel2
Change Component Designator: OldDesignator=R9_U_chanel6 NewDesignator=R9_U_chanel1
Change Component Designator: OldDesignator=R10_U_chanel1 NewDesignator=R10_U_chanel6
Change Component Designator: OldDesignator=R10_U_chanel2 NewDesignator=R10_U_chanel5
Change Component Designator: OldDesignator=R10_U_chanel3 NewDesignator=R10_U_chanel4
Change Component Designator: OldDesignator=R10_U_chanel4 NewDesignator=R10_U_chanel3
Change Component Designator: OldDesignator=R10_U_chanel5 NewDesignator=R10_U_chanel2
Change Component Designator: OldDesignator=R10_U_chanel6 NewDesignator=R10_U_chanel1
Change Component Designator: OldDesignator=R11_U_chanel1 NewDesignator=R11_U_chanel6
Change Component Designator: OldDesignator=R11_U_chanel2 NewDesignator=R11_U_chanel5
Change Component Designator: OldDesignator=R11_U_chanel3 NewDesignator=R11_U_chanel4
Change Component Designator: OldDesignator=R11_U_chanel4 NewDesignator=R11_U_chanel3
Change Component Designator: OldDesignator=R11_U_chanel5 NewDesignator=R11_U_chanel2
Change Component Designator: OldDesignator=R11_U_chanel6 NewDesignator=R11_U_chanel1
Change Component Designator: OldDesignator=R12_U_chanel1 NewDesignator=R12_U_chanel6
Change Component Designator: OldDesignator=R12_U_chanel2 NewDesignator=R12_U_chanel5
Change Component Designator: OldDesignator=R12_U_chanel3 NewDesignator=R12_U_chanel4
Change Component Designator: OldDesignator=R12_U_chanel4 NewDesignator=R12_U_chanel3
Change Component Designator: OldDesignator=R12_U_chanel5 NewDesignator=R12_U_chanel2
Change Component Designator: OldDesignator=R12_U_chanel6 NewDesignator=R12_U_chanel1
Change Component Designator: OldDesignator=R13_U_chanel1 NewDesignator=R13_U_chanel6
Change Component Designator: OldDesignator=R13_U_chanel2 NewDesignator=R13_U_chanel5
Change Component Designator: OldDesignator=R13_U_chanel3 NewDesignator=R13_U_chanel4
Change Component Designator: OldDesignator=R13_U_chanel4 NewDesignator=R13_U_chanel3
Change Component Designator: OldDesignator=R13_U_chanel5 NewDesignator=R13_U_chanel2
Change Component Designator: OldDesignator=R13_U_chanel6 NewDesignator=R13_U_chanel1
Change Component Designator: OldDesignator=R21_U_chanel1 NewDesignator=R21_U_chanel6
Change Component Designator: OldDesignator=R21_U_chanel2 NewDesignator=R21_U_chanel5
Change Component Designator: OldDesignator=R21_U_chanel3 NewDesignator=R21_U_chanel4
Change Component Designator: OldDesignator=R21_U_chanel4 NewDesignator=R21_U_chanel3
Change Component Designator: OldDesignator=R21_U_chanel5 NewDesignator=R21_U_chanel2
Change Component Designator: OldDesignator=R21_U_chanel6 NewDesignator=R21_U_chanel1
Change Component Designator: OldDesignator=R22_U_chanel1 NewDesignator=R22_U_chanel6
Change Component Designator: OldDesignator=R22_U_chanel2 NewDesignator=R22_U_chanel5
Change Component Designator: OldDesignator=R22_U_chanel3 NewDesignator=R22_U_chanel4
Change Component Designator: OldDesignator=R22_U_chanel4 NewDesignator=R22_U_chanel3
Change Component Designator: OldDesignator=R22_U_chanel5 NewDesignator=R22_U_chanel2
Change Component Designator: OldDesignator=R22_U_chanel6 NewDesignator=R22_U_chanel1
Change Component Designator: OldDesignator=R23_U_chanel1 NewDesignator=R23_U_chanel6
Change Component Designator: OldDesignator=R23_U_chanel2 NewDesignator=R23_U_chanel5
Change Component Designator: OldDesignator=R23_U_chanel3 NewDesignator=R23_U_chanel4
Change Component Designator: OldDesignator=R23_U_chanel4 NewDesignator=R23_U_chanel3
Change Component Designator: OldDesignator=R23_U_chanel5 NewDesignator=R23_U_chanel2
Change Component Designator: OldDesignator=R23_U_chanel6 NewDesignator=R23_U_chanel1
Change Component Designator: OldDesignator=R24_U_chanel1 NewDesignator=R24_U_chanel6
Change Component Designator: OldDesignator=R24_U_chanel2 NewDesignator=R24_U_chanel5
Change Component Designator: OldDesignator=R24_U_chanel3 NewDesignator=R24_U_chanel4
Change Component Designator: OldDesignator=R24_U_chanel4 NewDesignator=R24_U_chanel3
Change Component Designator: OldDesignator=R24_U_chanel5 NewDesignator=R24_U_chanel2
Change Component Designator: OldDesignator=R24_U_chanel6 NewDesignator=R24_U_chanel1
Change Component Designator: OldDesignator=U1_U_chanel1 NewDesignator=U1_U_chanel6
Change Component Designator: OldDesignator=U1_U_chanel2 NewDesignator=U1_U_chanel5
Change Component Designator: OldDesignator=U1_U_chanel3 NewDesignator=U1_U_chanel4
Change Component Designator: OldDesignator=U1_U_chanel4 NewDesignator=U1_U_chanel3
Change Component Designator: OldDesignator=U1_U_chanel5 NewDesignator=U1_U_chanel2
Change Component Designator: OldDesignator=U1_U_chanel6 NewDesignator=U1_U_chanel1
Change Component Designator: OldDesignator=U2_U_chanel1 NewDesignator=U2_U_chanel6
Change Component Designator: OldDesignator=U2_U_chanel2 NewDesignator=U2_U_chanel5
Change Component Designator: OldDesignator=U2_U_chanel3 NewDesignator=U2_U_chanel4
Change Component Designator: OldDesignator=U2_U_chanel4 NewDesignator=U2_U_chanel3
Change Component Designator: OldDesignator=U2_U_chanel5 NewDesignator=U2_U_chanel2
Change Component Designator: OldDesignator=U2_U_chanel6 NewDesignator=U2_U_chanel1
Change Component Designator: OldDesignator=VT1_U_chanel1 NewDesignator=VT1_U_chanel6
Change Component Designator: OldDesignator=VT1_U_chanel2 NewDesignator=VT1_U_chanel5
Change Component Designator: OldDesignator=VT1_U_chanel3 NewDesignator=VT1_U_chanel4
Change Component Designator: OldDesignator=VT1_U_chanel4 NewDesignator=VT1_U_chanel3
Change Component Designator: OldDesignator=VT1_U_chanel5 NewDesignator=VT1_U_chanel2
Change Component Designator: OldDesignator=VT1_U_chanel6 NewDesignator=VT1_U_chanel1
Change component parameters: Designator = "H1" ("H1"); Footprint = "Hole 3.5"; UniqueID = "\EYIZALBG" ("\EYIZALBG")
Change component parameters (AddParameter): Name = ""; Value = "H*"; VariantName = "[No Variations]"
Change component parameters (AddParameter): Name = "Comments"; Value = ""; VariantName = "[No Variations]"
Change component parameters (AddParameter): Name = "CompType"; Value = "Hole"; VariantName = "[No Variations]"
Change component parameters (AddParameter): Name = "Note"; Value = ""; VariantName = "[No Variations]"
Change component parameters (AddParameter): Name = "Package"; Value = "Hole"; VariantName = "[No Variations]"
Change component parameters (AddParameter): Name = "PartNumber"; Value = ""; VariantName = "[No Variations]"
Change component parameters (AddParameter): Name = "Pins"; Value = "1"; VariantName = "[No Variations]"
Change component parameters (AddParameter): Name = "SnapEDA_Link"; Value = ""; VariantName = "[No Variations]"
Change component parameters (AddParameter): Name = "Tolerance_Percent"; Value = ""; VariantName = "[No Variations]"
Change component parameters (AddParameter): Name = "Value"; Value = ""; VariantName = "[No Variations]"
Change component parameters (AddParameter): Name = "Voltage"; Value = ""; VariantName = "[No Variations]"
Change component parameters: Designator = "H2" ("H2"); Footprint = "Hole 3.5"; UniqueID = "\DUSKPDNJ" ("\DUSKPDNJ")
Change component parameters (AddParameter): Name = ""; Value = "H*"; VariantName = "[No Variations]"
Change component parameters (AddParameter): Name = "Comments"; Value = ""; VariantName = "[No Variations]"
Change component parameters (AddParameter): Name = "CompType"; Value = "Hole"; VariantName = "[No Variations]"
Change component parameters (AddParameter): Name = "Note"; Value = ""; VariantName = "[No Variations]"
Change component parameters (AddParameter): Name = "Package"; Value = "Hole"; VariantName = "[No Variations]"
Change component parameters (AddParameter): Name = "PartNumber"; Value = ""; VariantName = "[No Variations]"
Change component parameters (AddParameter): Name = "Pins"; Value = "1"; VariantName = "[No Variations]"
Change component parameters (AddParameter): Name = "SnapEDA_Link"; Value = ""; VariantName = "[No Variations]"
Change component parameters (AddParameter): Name = "Tolerance_Percent"; Value = ""; VariantName = "[No Variations]"
Change component parameters (AddParameter): Name = "Value"; Value = ""; VariantName = "[No Variations]"
Change component parameters (AddParameter): Name = "Voltage"; Value = ""; VariantName = "[No Variations]"
Change component parameters: Designator = "H3" ("H3"); Footprint = "Hole 3.5"; UniqueID = "\KTXTCHRU" ("\KTXTCHRU")
Change component parameters (AddParameter): Name = ""; Value = "H*"; VariantName = "[No Variations]"
Change component parameters (AddParameter): Name = "Comments"; Value = ""; VariantName = "[No Variations]"
Change component parameters (AddParameter): Name = "CompType"; Value = "Hole"; VariantName = "[No Variations]"
Change component parameters (AddParameter): Name = "Note"; Value = ""; VariantName = "[No Variations]"
Change component parameters (AddParameter): Name = "Package"; Value = "Hole"; VariantName = "[No Variations]"
Change component parameters (AddParameter): Name = "PartNumber"; Value = ""; VariantName = "[No Variations]"
Change component parameters (AddParameter): Name = "Pins"; Value = "1"; VariantName = "[No Variations]"
Change component parameters (AddParameter): Name = "SnapEDA_Link"; Value = ""; VariantName = "[No Variations]"
Change component parameters (AddParameter): Name = "Tolerance_Percent"; Value = ""; VariantName = "[No Variations]"
Change component parameters (AddParameter): Name = "Value"; Value = ""; VariantName = "[No Variations]"
Change component parameters (AddParameter): Name = "Voltage"; Value = ""; VariantName = "[No Variations]"
Change component parameters: Designator = "H4" ("H4"); Footprint = "Hole 3.5"; UniqueID = "\NGBHQCQY" ("\NGBHQCQY")
Change component parameters (AddParameter): Name = ""; Value = "H*"; VariantName = "[No Variations]"
Change component parameters (AddParameter): Name = "Comments"; Value = ""; VariantName = "[No Variations]"
Change component parameters (AddParameter): Name = "CompType"; Value = "Hole"; VariantName = "[No Variations]"
Change component parameters (AddParameter): Name = "Note"; Value = ""; VariantName = "[No Variations]"
Change component parameters (AddParameter): Name = "Package"; Value = "Hole"; VariantName = "[No Variations]"
Change component parameters (AddParameter): Name = "PartNumber"; Value = ""; VariantName = "[No Variations]"
Change component parameters (AddParameter): Name = "Pins"; Value = "1"; VariantName = "[No Variations]"
Change component parameters (AddParameter): Name = "SnapEDA_Link"; Value = ""; VariantName = "[No Variations]"
Change component parameters (AddParameter): Name = "Tolerance_Percent"; Value = ""; VariantName = "[No Variations]"
Change component parameters (AddParameter): Name = "Value"; Value = ""; VariantName = "[No Variations]"
Change component parameters (AddParameter): Name = "Voltage"; Value = ""; VariantName = "[No Variations]"
Change Net Name : Old Net Name=NetC1_U_chanel1_1 New Net Name=NetC1_U_chanel6_1
Change Net Name : Old Net Name=NetC1_U_chanel1_2 New Net Name=NetC1_U_chanel6_2
Change Net Name : Old Net Name=NetC1_U_chanel2_1 New Net Name=NetC1_U_chanel5_1
Change Net Name : Old Net Name=NetC1_U_chanel2_2 New Net Name=NetC1_U_chanel5_2
Change Net Name : Old Net Name=NetC1_U_chanel3_1 New Net Name=NetC1_U_chanel4_1
Change Net Name : Old Net Name=NetC1_U_chanel3_2 New Net Name=NetC1_U_chanel4_2
Change Net Name : Old Net Name=NetC1_U_chanel4_1 New Net Name=NetC1_U_chanel3_1
Change Net Name : Old Net Name=NetC1_U_chanel4_2 New Net Name=NetC1_U_chanel3_2
Change Net Name : Old Net Name=NetC1_U_chanel5_1 New Net Name=NetC1_U_chanel2_1
Change Net Name : Old Net Name=NetC1_U_chanel5_2 New Net Name=NetC1_U_chanel2_2
Change Net Name : Old Net Name=NetC1_U_chanel6_1 New Net Name=NetC1_U_chanel1_1
Change Net Name : Old Net Name=NetC1_U_chanel6_2 New Net Name=NetC1_U_chanel1_2
Change Net Name : Old Net Name=NetC2_U_chanel1_1 New Net Name=NetC2_U_chanel6_1
Change Net Name : Old Net Name=NetC2_U_chanel2_1 New Net Name=NetC2_U_chanel5_1
Change Net Name : Old Net Name=NetC2_U_chanel3_1 New Net Name=NetC2_U_chanel4_1
Change Net Name : Old Net Name=NetC2_U_chanel4_1 New Net Name=NetC2_U_chanel3_1
Change Net Name : Old Net Name=NetC2_U_chanel5_1 New Net Name=NetC2_U_chanel2_1
Change Net Name : Old Net Name=NetC2_U_chanel6_1 New Net Name=NetC2_U_chanel1_1
Change Net Name : Old Net Name=NetC8_U_chanel1_1 New Net Name=NetC8_U_chanel6_1
Change Net Name : Old Net Name=NetC8_U_chanel2_1 New Net Name=NetC8_U_chanel5_1
Change Net Name : Old Net Name=NetC8_U_chanel3_1 New Net Name=NetC8_U_chanel4_1
Change Net Name : Old Net Name=NetC8_U_chanel4_1 New Net Name=NetC8_U_chanel3_1
Change Net Name : Old Net Name=NetC8_U_chanel5_1 New Net Name=NetC8_U_chanel2_1
Change Net Name : Old Net Name=NetC8_U_chanel6_1 New Net Name=NetC8_U_chanel1_1
Change Net Name : Old Net Name=NetC11_U_chanel1_1 New Net Name=NetC11_U_chanel6_1
Change Net Name : Old Net Name=NetC11_U_chanel1_2 New Net Name=NetC11_U_chanel6_2
Change Net Name : Old Net Name=NetC11_U_chanel2_1 New Net Name=NetC11_U_chanel5_1
Change Net Name : Old Net Name=NetC11_U_chanel2_2 New Net Name=NetC11_U_chanel5_2
Change Net Name : Old Net Name=NetC11_U_chanel3_1 New Net Name=NetC11_U_chanel4_1
Change Net Name : Old Net Name=NetC11_U_chanel3_2 New Net Name=NetC11_U_chanel4_2
Change Net Name : Old Net Name=NetC11_U_chanel4_1 New Net Name=NetC11_U_chanel3_1
Change Net Name : Old Net Name=NetC11_U_chanel4_2 New Net Name=NetC11_U_chanel3_2
Change Net Name : Old Net Name=NetC11_U_chanel5_1 New Net Name=NetC11_U_chanel2_1
Change Net Name : Old Net Name=NetC11_U_chanel5_2 New Net Name=NetC11_U_chanel2_2
Change Net Name : Old Net Name=NetC11_U_chanel6_1 New Net Name=NetC11_U_chanel1_1
Change Net Name : Old Net Name=NetC11_U_chanel6_2 New Net Name=NetC11_U_chanel1_2
Change Net Name : Old Net Name=NetQ1_U_chanel1_1 New Net Name=NetQ1_U_chanel6_1
Change Net Name : Old Net Name=NetQ1_U_chanel1_3 New Net Name=NetQ1_U_chanel6_3
Change Net Name : Old Net Name=NetQ1_U_chanel2_1 New Net Name=NetQ1_U_chanel5_1
Change Net Name : Old Net Name=NetQ1_U_chanel2_3 New Net Name=NetQ1_U_chanel5_3
Change Net Name : Old Net Name=NetQ1_U_chanel3_1 New Net Name=NetQ1_U_chanel4_1
Change Net Name : Old Net Name=NetQ1_U_chanel3_3 New Net Name=NetQ1_U_chanel4_3
Change Net Name : Old Net Name=NetQ1_U_chanel4_1 New Net Name=NetQ1_U_chanel3_1
Change Net Name : Old Net Name=NetQ1_U_chanel4_3 New Net Name=NetQ1_U_chanel3_3
Change Net Name : Old Net Name=NetQ1_U_chanel5_1 New Net Name=NetQ1_U_chanel2_1
Change Net Name : Old Net Name=NetQ1_U_chanel5_3 New Net Name=NetQ1_U_chanel2_3
Change Net Name : Old Net Name=NetQ1_U_chanel6_1 New Net Name=NetQ1_U_chanel1_1
Change Net Name : Old Net Name=NetQ1_U_chanel6_3 New Net Name=NetQ1_U_chanel1_3
Change Net Name : Old Net Name=NetR1_U_chanel1_2 New Net Name=NetR1_U_chanel6_2
Change Net Name : Old Net Name=NetR1_U_chanel2_2 New Net Name=NetR1_U_chanel5_2
Change Net Name : Old Net Name=NetR1_U_chanel3_2 New Net Name=NetR1_U_chanel4_2
Change Net Name : Old Net Name=NetR1_U_chanel4_2 New Net Name=NetR1_U_chanel3_2
Change Net Name : Old Net Name=NetR1_U_chanel5_2 New Net Name=NetR1_U_chanel2_2
Change Net Name : Old Net Name=NetR1_U_chanel6_2 New Net Name=NetR1_U_chanel1_2
Change Net Name : Old Net Name=NetR3_U_chanel1_2 New Net Name=NetR3_U_chanel6_2
Change Net Name : Old Net Name=NetR3_U_chanel2_2 New Net Name=NetR3_U_chanel5_2
Change Net Name : Old Net Name=NetR3_U_chanel3_2 New Net Name=NetR3_U_chanel4_2
Change Net Name : Old Net Name=NetR3_U_chanel4_2 New Net Name=NetR3_U_chanel3_2
Change Net Name : Old Net Name=NetR3_U_chanel5_2 New Net Name=NetR3_U_chanel2_2
Change Net Name : Old Net Name=NetR3_U_chanel6_2 New Net Name=NetR3_U_chanel1_2
Change Net Name : Old Net Name=NetR4_U_chanel1_1 New Net Name=NetR4_U_chanel6_1
Change Net Name : Old Net Name=NetR4_U_chanel2_1 New Net Name=NetR4_U_chanel5_1
Change Net Name : Old Net Name=NetR4_U_chanel3_1 New Net Name=NetR4_U_chanel4_1
Change Net Name : Old Net Name=NetR4_U_chanel4_1 New Net Name=NetR4_U_chanel3_1
Change Net Name : Old Net Name=NetR4_U_chanel5_1 New Net Name=NetR4_U_chanel2_1
Change Net Name : Old Net Name=NetR4_U_chanel6_1 New Net Name=NetR4_U_chanel1_1
Change Net Name : Old Net Name=NetR11_U_chanel1_2 New Net Name=NetR11_U_chanel6_2
Change Net Name : Old Net Name=NetR11_U_chanel2_2 New Net Name=NetR11_U_chanel5_2
Change Net Name : Old Net Name=NetR11_U_chanel3_2 New Net Name=NetR11_U_chanel4_2
Change Net Name : Old Net Name=NetR11_U_chanel4_2 New Net Name=NetR11_U_chanel3_2
Change Net Name : Old Net Name=NetR11_U_chanel5_2 New Net Name=NetR11_U_chanel2_2
Change Net Name : Old Net Name=NetR11_U_chanel6_2 New Net Name=NetR11_U_chanel1_2
Change Net Name : Old Net Name=NetR12_U_chanel1_2 New Net Name=NetR12_U_chanel6_2
Change Net Name : Old Net Name=NetR12_U_chanel2_2 New Net Name=NetR12_U_chanel5_2
Change Net Name : Old Net Name=NetR12_U_chanel3_2 New Net Name=NetR12_U_chanel4_2
Change Net Name : Old Net Name=NetR12_U_chanel4_2 New Net Name=NetR12_U_chanel3_2
Change Net Name : Old Net Name=NetR12_U_chanel5_2 New Net Name=NetR12_U_chanel2_2
Change Net Name : Old Net Name=NetR12_U_chanel6_2 New Net Name=NetR12_U_chanel1_2
Change Net Name : Old Net Name=NetR21_U_chanel1_1 New Net Name=NetR21_U_chanel6_1
Change Net Name : Old Net Name=NetR21_U_chanel2_1 New Net Name=NetR21_U_chanel5_1
Change Net Name : Old Net Name=NetR21_U_chanel3_1 New Net Name=NetR21_U_chanel4_1
Change Net Name : Old Net Name=NetR21_U_chanel4_1 New Net Name=NetR21_U_chanel3_1
Change Net Name : Old Net Name=NetR21_U_chanel5_1 New Net Name=NetR21_U_chanel2_1
Change Net Name : Old Net Name=NetR21_U_chanel6_1 New Net Name=NetR21_U_chanel1_1
Change Net Name : Old Net Name=NetR23_U_chanel1_1 New Net Name=NetR23_U_chanel6_1
Change Net Name : Old Net Name=NetR23_U_chanel2_1 New Net Name=NetR23_U_chanel5_1
Change Net Name : Old Net Name=NetR23_U_chanel3_1 New Net Name=NetR23_U_chanel4_1
Change Net Name : Old Net Name=NetR23_U_chanel4_1 New Net Name=NetR23_U_chanel3_1
Change Net Name : Old Net Name=NetR23_U_chanel5_1 New Net Name=NetR23_U_chanel2_1
Change Net Name : Old Net Name=NetR23_U_chanel6_1 New Net Name=NetR23_U_chanel1_1
