Removed Pin From Net: NetName=V_24pwr Pin=C2-1
Removed Pin From Net: NetName=GND Pin=C2-2
Removed Pin From Net: NetName=+5v Pin=C3-1
Removed Pin From Net: NetName=GND Pin=C3-2
Removed Pin From Net: NetName=GND Pin=C4-1
Removed Pin From Net: NetName=+5v Pin=C4-2
Removed Pin From Net: NetName=GND Pin=C5-1
Removed Pin From Net: NetName=+3.3v Pin=C5-2
Removed Pin From Net: NetName=GND Pin=C6-1
Removed Pin From Net: NetName=RESET Pin=C6-2
Removed Pin From Net: NetName=GND Pin=C9-1
Removed Pin From Net: NetName=+3.3v Pin=C11-1
Removed Pin From Net: NetName=GND Pin=C12-1
Removed Pin From Net: NetName=GND Pin=C13-1
Removed Pin From Net: NetName=+3.3v Pin=C13-2
Removed Pin From Net: NetName=+3.3v Pin=C14-1
Removed Pin From Net: NetName=GND Pin=C14-2
Removed Pin From Net: NetName=+3.3v Pin=C16-1
Removed Pin From Net: NetName=GND Pin=C16-2
Removed Pin From Net: NetName=+3.3v Pin=C17-1
Removed Pin From Net: NetName=GND Pin=C17-2
Removed Pin From Net: NetName=+3.3v Pin=C18-1
Removed Pin From Net: NetName=GND Pin=C18-2
Removed Pin From Net: NetName=GND Pin=C20-1
Removed Pin From Net: NetName=+3.3v Pin=C20-2
Removed Pin From Net: NetName=+3.3v Pin=C21-1
Removed Pin From Net: NetName=GND Pin=C21-2
Removed Pin From Net: NetName=GND Pin=C23-1
Removed Pin From Net: NetName=+3.3v Pin=C23-2
Removed Pin From Net: NetName=GND Pin=C24-1
Removed Pin From Net: NetName=GND Pin=C25-1
Removed Pin From Net: NetName=+3.3v Pin=C26-2
Removed Pin From Net: NetName=GND Pin=C27-1
Removed Pin From Net: NetName=+3.3v Pin=C27-2
Removed Pin From Net: NetName=GND Pin=C28-1
Removed Pin From Net: NetName=NetC30_2 Pin=IC2-5
Removed Pin From Net: NetName=NetC15_2 Pin=QX1-1
Removed Pin From Net: NetName=GND Pin=QX1-2
Removed Pin From Net: NetName=GND Pin=QX1-4
Removed Pin From Net: NetName=NetC30_2 Pin=QX2-1
Removed Pin From Net: NetName=GND Pin=QX2-2
Removed Pin From Net: NetName=GND Pin=QX2-4
Removed Pin From Net: NetName=NetDD1_4 Pin=R18-1
Removed Pin From Net: NetName=+5v Pin=R18-2
Removed Pin From Net: NetName=NetDD1_4 Pin=R19-1
Removed Pin From Net: NetName=GND Pin=R19-2
Removed Pin From Net: NetName=+3.3v Pin=R20-1
Removed Pin From Net: NetName=RESET Pin=R20-2
Removed Pin From Net: NetName=GND Pin=R21-1
Removed Pin From Net: NetName=P1_RX_N Pin=R26-1
Removed Pin From Net: NetName=P1_RX_P Pin=R27-1
Removed Pin From Net: NetName=P1_TX_N Pin=R28-1
Removed Pin From Net: NetName=P1_TX_P Pin=R29-1
Removed Pin From Net: NetName=+3.3v Pin=R29-2
Removed Pin From Net: NetName=RMII_RXD0 Pin=R30-1
Removed Pin From Net: NetName=NetIC2_8 Pin=R30-2
Removed Pin From Net: NetName=RMII_RXD1 Pin=R31-1
Removed Pin From Net: NetName=NetIC2_7 Pin=R31-2
Removed Pin From Net: NetName=GND Pin=R32-1
Removed Pin From Net: NetName=NetIC2_10 Pin=R32-2
Removed Pin From Net: NetName=RMII_CRS_DV Pin=R33-1
Removed Pin From Net: NetName=NetIC2_11 Pin=R33-2
Removed Pin From Net: NetName=NetIC2_24 Pin=R34-1
Removed Pin From Net: NetName=GND Pin=R34-2
Removed Pin From Net: NetName=GND Pin=R35-1
Removed Pin From Net: NetName=NetJ1_10 Pin=R35-2
Removed Pin From Net: NetName=RMII_REF_CLK Pin=R36-1
Removed Pin From Net: NetName=NetIC2_14 Pin=R36-2
Removed Pin From Net: NetName=NetJ1_11 Pin=R37-2
Removed Pin From Net: NetName=NetIC2_3 Pin=R38-2
Removed Pin From Net: NetName=GND Pin=R39-1
Removed Pin From Net: NetName=NetIC2_2 Pin=R39-2
Removed Pin From Net: NetName=NetR24_2 Pin=U1-1
Removed Pin From Net: NetName=NetR22_1 Pin=U1-7
Removed Pin From Net: NetName=NetR23_1 Pin=U1-8
Removed Pin From Net: NetName=NetC15_2 Pin=U1-13
Removed Pin From Net: NetName=NetC29_2 Pin=U1-49
Removed Pin From Net: NetName=NetR21_2 Pin=U1-94
Removed Pin From Net: NetName=NetR22_2 Pin=VD2-K
Removed Pin From Net: NetName=NetR23_2 Pin=VD3-K
Removed Pin From Net: NetName=RESET Pin=X1-1
Removed Pin From Net: NetName=NetU1_72 Pin=X1-2
Removed Pin From Net: NetName=GND Pin=X1-3
Removed Pin From Net: NetName=NetU1_76 Pin=X1-4
Removed Pin From Net: NetName=+3.3v Pin=X1-5
Removed Pin From Net: NetName=NetR24_1 Pin=XP2-2
Removed Member From Class: ClassName=ControlPCB Member=QX1
Removed Member From Class: ClassName=ControlPCB Member=QX2
Removed Member From Class: ClassName=ControlPCB Member=R39
Change Component Footprint: Designator=C11 Old Footprint=CAPACITOR 0603 New Footprint=CAPACITOR 0805
Change Component Footprint: Designator=C30 Old Footprint=CAPACITOR 0603 New Footprint=CAPACITOR 0805
Change Component Footprint: Designator=C13 Old Footprint=CAPACITOR 0603 New Footprint=CAPCHIP0603
Change Component Footprint: Designator=C26 Old Footprint=CAPACITOR 0603 New Footprint=CAPCHIP0603
Change Component Footprint: Designator=C4 Old Footprint=CAPACITOR 0603 New Footprint=ECR 10x13mm
Change Component Footprint: Designator=C25 Old Footprint=CAPACITOR 0603 New Footprint=TECAP B
Change Component Footprint: Designator=C29 Old Footprint=CAPACITOR 0805 New Footprint=CAPCHIP0603
Change Component Footprint: Designator=C9 Old Footprint=CAPACITOR 0805 New Footprint=TECAP B
Change Component Footprint: Designator=C16 Old Footprint=CAPCHIP0603 New Footprint=CAPACITOR 0603
Change Component Footprint: Designator=C3 Old Footprint=ECR 10x13mm New Footprint=CAPACITOR 0603
Change Component Footprint: Designator=R23 Old Footprint=RESCHIP0603 New Footprint=Resistor 0805
Change Component Footprint: Designator=C14 Old Footprint=TECAP B New Footprint=CAPACITOR 0603
Change Component Footprint: Designator=C22 Old Footprint=TECAP B New Footprint=CAPACITOR 0603
Change Component Comment : Designator=IC1 Old Comment= New Comment=GD25Q16CTIGR
Change Component Comment : Designator=C4 Old Comment=0.1uF New Comment=220uF 50v
Change Component Comment : Designator=C5 Old Comment=0.1uF New Comment=0603 0.1uF
Change Component Comment : Designator=C6 Old Comment=0.1uF New Comment=0603 0.1uF
Change Component Comment : Designator=C7 Old Comment=0.1uF New Comment=0603 0.1uF
Change Component Comment : Designator=C8 Old Comment=0.1uF New Comment=0603 0.1uF
Change Component Comment : Designator=C10 Old Comment=0.1uF New Comment=0603 0.1uF
Change Component Comment : Designator=C13 Old Comment=0.1uF New Comment=0603 0.1uF
Change Component Comment : Designator=C16 Old Comment=0.1uF New Comment=0603 0.1uF
Change Component Comment : Designator=C18 Old Comment=0.1uF New Comment=0603 0.1uF
Change Component Comment : Designator=C19 Old Comment=0.1uF New Comment=0603 0.001uF
Change Component Comment : Designator=C20 Old Comment=0.1uF New Comment=0603 0.1uF
Change Component Comment : Designator=C21 Old Comment=0.1uF New Comment=0603 0.1uF
Change Component Comment : Designator=C23 Old Comment=0.1uF New Comment=0603 0.1uF
Change Component Comment : Designator=C27 Old Comment=0.1uF New Comment=0603 0.1uF
Change Component Comment : Designator=C11 Old Comment=0.1uF New Comment=0805 2.2uF
Change Component Comment : Designator=C17 Old Comment=0.1uF New Comment=0603 18 п‘
Change Component Comment : Designator=C26 Old Comment=0.1uF New Comment=0603 18 п‘
Change Component Comment : Designator=C25 Old Comment=0.1uF New Comment=TECAP B 10u 16V
Change Component Comment : Designator=R38 Old Comment=1.5K New Comment=0603 1,5k
Change Component Comment : Designator=C24 Old Comment=1uF New Comment=0603 1uF
Change Component Comment : Designator=C29 Old Comment=2.2uF New Comment=0603 18 п‘
Change Component Comment : Designator=C9 Old Comment=2.2uF New Comment=Cap T
Change Component Comment : Designator=R25 Old Comment=3K New Comment=0603 50R
Change Component Comment : Designator=R23 Old Comment=3K New Comment=0805 100R - 510R
Change Component Comment : Designator=R20 Old Comment=10K New Comment=510R
Change Component Comment : Designator=R32 Old Comment=10K New Comment=0603 33R
Change Component Comment : Designator=C14 Old Comment=10uF New Comment=0603 0.1uF
Change Component Comment : Designator=C22 Old Comment=10uF New Comment=0603 0.1uF
Change Component Comment : Designator=R34 Old Comment=12.1k New Comment=0603 220 ќм
Change Component Comment : Designator=C12 Old Comment=18pF New Comment=0603 0.1uF
Change Component Comment : Designator=C28 Old Comment=18pF New Comment=0603 0.1uF
Change Component Comment : Designator=C30 Old Comment=18pF New Comment=0805 2.2uF
Change Component Comment : Designator=C15 Old Comment=18pF New Comment=0603 18 п‘
Change Component Comment : Designator=R31 Old Comment=33R New Comment=0603 10k
Change Component Comment : Designator=R33 Old Comment=33R New Comment=0603 12.1k
Change Component Comment : Designator=R30 Old Comment=33R New Comment=0603 33R
Change Component Comment : Designator=R36 Old Comment=33R New Comment=0603 220 ќм
Change Component Comment : Designator=L1 Old Comment=47 uH New Comment=SRR1208-6R5ML
Change Component Comment : Designator=R29 Old Comment=50R New Comment=0603 33R
Change Component Comment : Designator=R26 Old Comment=50R New Comment=0603 50R
Change Component Comment : Designator=R27 Old Comment=50R New Comment=0603 50R
Change Component Comment : Designator=R28 Old Comment=50R New Comment=0603 50R
Change Component Comment : Designator=R37 Old Comment=220R New Comment=0603 1,5k
Change Component Comment : Designator=R35 Old Comment=220R New Comment=0603 33R
Change Component Comment : Designator=C3 Old Comment=220uF New Comment=0603 0.1uF
Change Component Comment : Designator=R21 Old Comment=510R New Comment=3K
Change Component Comment : Designator=R24 Old Comment=510R New Comment=3K
Change Component Comment : Designator=U1 Old Comment=STM32F407VE New Comment=STM32F407V
Change Component Designator: OldDesignator=C1 NewDesignator=C2
Change Component Designator: OldDesignator=R9 NewDesignator=R11
Change Component Designator: OldDesignator=R10 NewDesignator=R12
Change Component Designator: OldDesignator=R11 NewDesignator=R13
Change Component Designator: OldDesignator=R12 NewDesignator=R14
Change Component Designator: OldDesignator=R13 NewDesignator=R15
Change Component Designator: OldDesignator=R14 NewDesignator=R16
Change Component Designator: OldDesignator=R15 NewDesignator=R17
Change Component Designator: OldDesignator=R16 NewDesignator=R18
Change Component Designator: OldDesignator=R17 NewDesignator=R19
Change Component Designator: OldDesignator=X2 NewDesignator=X1
Change Component Designator: OldDesignator=X3 NewDesignator=X2
Change component parameters: Designator = "R20" ("R20"); Footprint = "RESCHIP0603"; UniqueID = "\BLIXDUNZ" ("\BLIXDUNZ")
Change component parameters (AddParameter): Name = "CompType"; Value = "Resistor"; VariantName = "[No Variations]"
Change component parameters (AddParameter): Name = "Note"; Value = ""; VariantName = "[No Variations]"
Change component parameters (AddParameter): Name = "Package"; Value = "0603"; VariantName = "[No Variations]"
Change component parameters (AddParameter): Name = "PartNumber"; Value = ""; VariantName = "[No Variations]"
Change component parameters (AddParameter): Name = "Pins"; Value = "2"; VariantName = "[No Variations]"
Change component parameters (AddParameter): Name = "SnapEDA_Link"; Value = ""; VariantName = "[No Variations]"
Change component parameters (AddParameter): Name = "Tolerance_Percent"; Value = "{Tolerance_Percent}"; VariantName = "[No Variations]"
Change component parameters (AddParameter): Name = "Value"; Value = "510R"; VariantName = "[No Variations]"
Change component parameters (AddParameter): Name = "Voltage"; Value = ""; VariantName = "[No Variations]"
Change component parameters: Designator = "R21" ("R21"); Footprint = "RESCHIP0603"; UniqueID = "\WRTZTBEX" ("\WRTZTBEX")
Change component parameters (AddParameter): Name = "CompType"; Value = "Resistor"; VariantName = "[No Variations]"
Change component parameters (AddParameter): Name = "Note"; Value = ""; VariantName = "[No Variations]"
Change component parameters (AddParameter): Name = "Package"; Value = "0603"; VariantName = "[No Variations]"
Change component parameters (AddParameter): Name = "PartNumber"; Value = ""; VariantName = "[No Variations]"
Change component parameters (AddParameter): Name = "Pins"; Value = "2"; VariantName = "[No Variations]"
Change component parameters (AddParameter): Name = "SnapEDA_Link"; Value = ""; VariantName = "[No Variations]"
Change component parameters (AddParameter): Name = "Tolerance_Percent"; Value = "{Tolerance_Percent}"; VariantName = "[No Variations]"
Change component parameters (AddParameter): Name = "Value"; Value = "3K"; VariantName = "[No Variations]"
Change component parameters (AddParameter): Name = "Voltage"; Value = ""; VariantName = "[No Variations]"
Change component parameters: Designator = "R24" ("R24"); Footprint = "RESCHIP0603"; UniqueID = "\JTLNAKUV" ("\JTLNAKUV")
Change component parameters (AddParameter): Name = "CompType"; Value = "Resistor"; VariantName = "[No Variations]"
Change component parameters (AddParameter): Name = "Note"; Value = ""; VariantName = "[No Variations]"
Change component parameters (AddParameter): Name = "Package"; Value = "0603"; VariantName = "[No Variations]"
Change component parameters (AddParameter): Name = "PartNumber"; Value = ""; VariantName = "[No Variations]"
Change component parameters (AddParameter): Name = "Pins"; Value = "2"; VariantName = "[No Variations]"
Change component parameters (AddParameter): Name = "SnapEDA_Link"; Value = ""; VariantName = "[No Variations]"
Change component parameters (AddParameter): Name = "Tolerance_Percent"; Value = "{Tolerance_Percent}"; VariantName = "[No Variations]"
Change component parameters (AddParameter): Name = "Value"; Value = "3K"; VariantName = "[No Variations]"
Change component parameters (AddParameter): Name = "Voltage"; Value = ""; VariantName = "[No Variations]"
Change component parameters: Designator = "IC2" ("IC2"); Footprint = "LAN8742A"; UniqueID = "\MQJNHSIT" ("\MQJNHSIT")
Change component parameters (AddParameter): Name = "Value"; Value = "LAN8742A-CZ-TR"; VariantName = "[No Variations]"
Change component parameters: Designator = "C3" ("C3"); Footprint = "ECR 10x13mm"; UniqueID = "\OXRYKSIP" ("\OXRYKSIP")
Change component parameters (AddParameter): Name = "Value"; Value = "0603 0.1uF"; VariantName = "[No Variations]"
Change component parameters: Designator = "C5" ("C5"); Footprint = "CAPACITOR 0603"; UniqueID = "\CNTSBBXI" ("\CNTSBBXI")
Change component parameters (AddParameter): Name = "Value"; Value = "0603 0.1uF"; VariantName = "[No Variations]"
Change component parameters: Designator = "C6" ("C6"); Footprint = "CAPACITOR 0603"; UniqueID = "\IFKEHHWF" ("\IFKEHHWF")
Change component parameters (AddParameter): Name = "Value"; Value = "0603 0.1uF"; VariantName = "[No Variations]"
Change component parameters: Designator = "C7" ("C7"); Footprint = "CAPACITOR 0603"; UniqueID = "\SGZSYAGK" ("\SGZSYAGK")
Change component parameters (AddParameter): Name = "Value"; Value = "0603 0.1uF"; VariantName = "[No Variations]"
Change component parameters: Designator = "C8" ("C8"); Footprint = "CAPACITOR 0603"; UniqueID = "\XAIJVYTA" ("\XAIJVYTA")
Change component parameters (AddParameter): Name = "Value"; Value = "0603 0.1uF"; VariantName = "[No Variations]"
Change component parameters: Designator = "C10" ("C10"); Footprint = "CAPACITOR 0603"; UniqueID = "\DVWPDVGA" ("\DVWPDVGA")
Change component parameters (AddParameter): Name = "Value"; Value = "0603 0.1uF"; VariantName = "[No Variations]"
Change component parameters: Designator = "C11" ("C11"); Footprint = "CAPACITOR 0603"; UniqueID = "\DIYHESKH" ("\DIYHESKH")
Change component parameters (AddParameter): Name = "Value"; Value = "0805 2.2uF"; VariantName = "[No Variations]"
Change component parameters: Designator = "C14" ("C14"); Footprint = "TECAP B"; UniqueID = "\PQIHETLV" ("\PQIHETLV")
Change component parameters (AddParameter): Name = "Value"; Value = "0603 0.1uF"; VariantName = "[No Variations]"
Change component parameters: Designator = "C16" ("C16"); Footprint = "CAPCHIP0603"; UniqueID = "\MCPGTFYR" ("\MCPGTFYR")
Change component parameters (AddParameter): Name = "Value"; Value = "0603 0.1uF"; VariantName = "[No Variations]"
Change component parameters: Designator = "C18" ("C18"); Footprint = "CAPACITOR 0603"; UniqueID = "\NGCGBPNX" ("\NGCGBPNX")
Change component parameters (AddParameter): Name = "Value"; Value = "0603 0.1uF"; VariantName = "[No Variations]"
Change component parameters: Designator = "C19" ("C19"); Footprint = "CAPACITOR 0603"; UniqueID = "\ZPEYGKQM" ("\ZPEYGKQM")
Change component parameters (AddParameter): Name = "Value"; Value = "0603 0.001uF"; VariantName = "[No Variations]"
Change component parameters: Designator = "C20" ("C20"); Footprint = "CAPACITOR 0603"; UniqueID = "\DKAFMDQF" ("\DKAFMDQF")
Change component parameters (AddParameter): Name = "Value"; Value = "0603 0.1uF"; VariantName = "[No Variations]"
Change component parameters: Designator = "C21" ("C21"); Footprint = "CAPACITOR 0603"; UniqueID = "\MLXQDIYQ" ("\MLXQDIYQ")
Change component parameters (AddParameter): Name = "Value"; Value = "0603 0.1uF"; VariantName = "[No Variations]"
Change component parameters: Designator = "C22" ("C22"); Footprint = "TECAP B"; UniqueID = "\NBAAOYQO" ("\NBAAOYQO")
Change component parameters (AddParameter): Name = "Value"; Value = "0603 0.1uF"; VariantName = "[No Variations]"
Change component parameters: Designator = "C23" ("C23"); Footprint = "CAPACITOR 0603"; UniqueID = "\IIFSKVFT" ("\IIFSKVFT")
Change component parameters (AddParameter): Name = "Value"; Value = "0603 0.1uF"; VariantName = "[No Variations]"
Change component parameters: Designator = "C24" ("C24"); Footprint = "CAPACITOR 0603"; UniqueID = "\UCJOQNYO" ("\UCJOQNYO")
Change component parameters (AddParameter): Name = "Value"; Value = "0603 1uF"; VariantName = "[No Variations]"
Change component parameters: Designator = "C27" ("C27"); Footprint = "CAPACITOR 0603"; UniqueID = "\PXAMBFAQ" ("\PXAMBFAQ")
Change component parameters (AddParameter): Name = "Value"; Value = "0603 0.1uF"; VariantName = "[No Variations]"
Change component parameters: Designator = "C28" ("C28"); Footprint = "CAPACITOR 0603"; UniqueID = "\ZWUPPHLR" ("\ZWUPPHLR")
Change component parameters (AddParameter): Name = "Value"; Value = "0603 0.1uF"; VariantName = "[No Variations]"
Change component parameters: Designator = "IC1" ("IC1"); Footprint = "NSO8"; UniqueID = "\JYMSJCFU" ("\JYMSJCFU")
Change component parameters (AddParameter): Name = "Value"; Value = "GD25Q16CT"; VariantName = "[No Variations]"
Change component parameters: Designator = "R23" ("R23"); Footprint = "RESCHIP0603"; UniqueID = "\ZAIWQTVE" ("\ZAIWQTVE")
Change component parameters (AddParameter): Name = "Value"; Value = "0805 100R - 510R"; VariantName = "[No Variations]"
Change component parameters: Designator = "C30" ("C30"); Footprint = "CAPACITOR 0603"; UniqueID = "\XAXYFFUT" ("\XAXYFFUT")
Change component parameters (AddParameter): Name = "Value"; Value = "0805 2.2uF"; VariantName = "[No Variations]"
Change component parameters: Designator = "C9" ("C9"); Footprint = "CAPACITOR 0805"; UniqueID = "\NUEVXYFL" ("\NUEVXYFL")
Change component parameters (AddParameter): Name = "Type"; Value = "Type"; VariantName = "[No Variations]"
Change component parameters (AddParameter): Name = "Value"; Value = "TECAP B 10u 16V"; VariantName = "[No Variations]"
Change component parameters (AddParameter): Name = "Voltage"; Value = "16v"; VariantName = "[No Variations]"
Change component parameters: Designator = "C12" ("C12"); Footprint = "CAPCHIP0603"; UniqueID = "\VQEHXHBA" ("\VQEHXHBA")
Change component parameters (AddParameter): Name = "Type"; Value = "0603"; VariantName = "[No Variations]"
Change component parameters (AddParameter): Name = "Value"; Value = "0603 0.1uF"; VariantName = "[No Variations]"
Change component parameters: Designator = "C13" ("C13"); Footprint = "CAPACITOR 0603"; UniqueID = "\UKVXYLMQ" ("\UKVXYLMQ")
Change component parameters (AddParameter): Name = "Type"; Value = "0603"; VariantName = "[No Variations]"
Change component parameters (AddParameter): Name = "Value"; Value = "0603 0.1uF"; VariantName = "[No Variations]"
Change component parameters: Designator = "C15" ("C15"); Footprint = "CAPCHIP0603"; UniqueID = "\WWCZSBZV" ("\WWCZSBZV")
Change component parameters (AddParameter): Name = "Type"; Value = "0603"; VariantName = "[No Variations]"
Change component parameters (AddParameter): Name = "Value"; Value = "0603 18 п‘"; VariantName = "[No Variations]"
Change component parameters: Designator = "C17" ("C17"); Footprint = "CAPCHIP0603"; UniqueID = "\UCFIBIOJ" ("\UCFIBIOJ")
Change component parameters (AddParameter): Name = "Type"; Value = "0603"; VariantName = "[No Variations]"
Change component parameters (AddParameter): Name = "Value"; Value = "0603 18 п‘"; VariantName = "[No Variations]"
Change component parameters: Designator = "C25" ("C25"); Footprint = "CAPACITOR 0603"; UniqueID = "\LDVUUZFE" ("\LDVUUZFE")
Change component parameters (AddParameter): Name = "Type"; Value = "TECAP B"; VariantName = "[No Variations]"
Change component parameters (AddParameter): Name = "Value"; Value = "TECAP B 10u 16V"; VariantName = "[No Variations]"
Change component parameters (AddParameter): Name = "Voltage"; Value = "16V"; VariantName = "[No Variations]"
Change component parameters: Designator = "C26" ("C26"); Footprint = "CAPACITOR 0603"; UniqueID = "\FZQTQKPA" ("\FZQTQKPA")
Change component parameters (AddParameter): Name = "Type"; Value = "0603"; VariantName = "[No Variations]"
Change component parameters (AddParameter): Name = "Value"; Value = "0603 18 п‘"; VariantName = "[No Variations]"
Change component parameters: Designator = "C29" ("C29"); Footprint = "CAPACITOR 0805"; UniqueID = "\CPWXVHOZ" ("\CPWXVHOZ")
Change component parameters (AddParameter): Name = "Type"; Value = "0603"; VariantName = "[No Variations]"
Change component parameters (AddParameter): Name = "Value"; Value = "0603 18 п‘"; VariantName = "[No Variations]"
Change component parameters: Designator = "J1" ("J1"); Footprint = "HANRUN_HR911105A"; UniqueID = "\OQOMAPRI" ("\OQOMAPRI")
Change component parameters (AddParameter): Name = "Availability"; Value = "Unavailable"; VariantName = "[No Variations]"
Change component parameters (AddParameter): Name = "MF"; Value = "DFRobot"; VariantName = "[No Variations]"
Change component parameters (AddParameter): Name = "MP"; Value = "HR911105A"; VariantName = "[No Variations]"
Change component parameters (AddParameter): Name = "Package"; Value = "None"; VariantName = "[No Variations]"
Change component parameters (AddParameter): Name = "Price"; Value = "None"; VariantName = "[No Variations]"
Change component parameters (AddParameter): Name = "SnapEDA_Link"; Value = "https://www.snapeda.com/parts/HR911105A/DFRobot/view-part/214807/?ref=snap"; VariantName = "[No Variations]"
Change component parameters (AddParameter): Name = "Value"; Value = "HR911105A"; VariantName = "[No Variations]"
Change component parameters: Designator = "D1" ("D1"); Footprint = "DIOM7958X213N"; UniqueID = "\LZTHLKKR" ("\LZTHLKKR")
Change component parameters (AddParameter): Name = "Availability"; Value = "Unavailable"; VariantName = "[No Variations]"
Change component parameters (AddParameter): Name = "MF"; Value = "ON Semiconductor"; VariantName = "[No Variations]"
Change component parameters (AddParameter): Name = "MP"; Value = "MBRS540T3G"; VariantName = "[No Variations]"
Change component parameters (AddParameter): Name = "Package"; Value = "DO-214 ON Semiconductor"; VariantName = "[No Variations]"
Change component parameters (AddParameter): Name = "Price"; Value = "None"; VariantName = "[No Variations]"
Change component parameters (AddParameter): Name = "SnapEDA_Link"; Value = "https://www.snapeda.com/parts/MBRS540T3G/ON%20Semiconductor/view-part/78777/?ref=snap"; VariantName = "[No Variations]"
Change component parameters (AddParameter): Name = "Value"; Value = "0603 0.1uF"; VariantName = "[No Variations]"
Change component parameters: Designator = "C4" ("C4"); Footprint = "CAPACITOR 0603"; UniqueID = "\ZVVTEYYL" ("\ZVVTEYYL")
Change component parameters (AddParameter): Name = "Type"; Value = "Type"; VariantName = "[No Variations]"
Change component parameters (AddParameter): Name = "URL"; Value = "http://www.hitano.com.tw/PDF/ECR_081225.pdf"; VariantName = "[No Variations]"
Change component parameters (AddParameter): Name = "Value"; Value = "220uF"; VariantName = "[No Variations]"
Change component parameters (AddParameter): Name = "Voltage"; Value = "50"; VariantName = "[No Variations]"
Change component parameters: Designator = "L1" ("L1"); Footprint = "SRR1208"; UniqueID = "\ZZGAMDMQ" ("\ZZGAMDMQ")
Change component parameters (AddParameter): Name = "Availability"; Value = "Unavailable"; VariantName = "[No Variations]"
Change component parameters (AddParameter): Name = "MF"; Value = "Bourns"; VariantName = "[No Variations]"
Change component parameters (AddParameter): Name = "MP"; Value = "SRR1208-6R5ML"; VariantName = "[No Variations]"
Change component parameters (AddParameter): Name = "Package"; Value = "Nonstandard Bourns"; VariantName = "[No Variations]"
Change component parameters (AddParameter): Name = "Price"; Value = "None"; VariantName = "[No Variations]"
Change component parameters (AddParameter): Name = "SnapEDA_Link"; Value = "https://www.snapeda.com/parts/SRR1208-6R5ML/Bourns/view-part/353452/?ref=snap"; VariantName = "[No Variations]"
Change component parameters (AddParameter): Name = "Value"; Value = ""; VariantName = "[No Variations]"
Change component parameters: Designator = "U1" ("U1"); Footprint = "QFP50P1600X1600X160-100N"; UniqueID = "\DLKVEKCR" ("\DLKVEKCR")
Change component parameters (AddParameter): Name = "Availability"; Value = "Unavailable"; VariantName = "[No Variations]"
Change component parameters (AddParameter): Name = "MF"; Value = "STMicroelectronics"; VariantName = "[No Variations]"
Change component parameters (AddParameter): Name = "MP"; Value = "STM32F303V"; VariantName = "[No Variations]"
Change component parameters (AddParameter): Name = "Package"; Value = "LQFP-100 STMicroelectronics"; VariantName = "[No Variations]"
Change component parameters (AddParameter): Name = "Price"; Value = "None"; VariantName = "[No Variations]"
Change component parameters (AddParameter): Name = "Value"; Value = "STM32F407V"; VariantName = "[No Variations]"
Change component parameters: Designator = "R34" ("R34"); Footprint = "RESCHIP0603"; UniqueID = "\QTKFFCYJ" ("\QTKFFCYJ")
Change component parameters (AddParameter): Name = "PWR"; Value = "Value"; VariantName = "[No Variations]"
Change component parameters (AddParameter): Name = "Tolerance"; Value = "%"; VariantName = "[No Variations]"
Change component parameters (AddParameter): Name = "Type"; Value = "0603"; VariantName = "[No Variations]"
Change component parameters (AddParameter): Name = "Value"; Value = "0603 220 ќм"; VariantName = "[No Variations]"
Change component parameters: Designator = "R36" ("R36"); Footprint = "RESCHIP0603"; UniqueID = "\OHNKJXAX" ("\OHNKJXAX")
Change component parameters (AddParameter): Name = "PWR"; Value = "Value"; VariantName = "[No Variations]"
Change component parameters (AddParameter): Name = "Tolerance"; Value = "%"; VariantName = "[No Variations]"
Change component parameters (AddParameter): Name = "Type"; Value = "0603"; VariantName = "[No Variations]"
Change component parameters (AddParameter): Name = "Value"; Value = "0603 220 ќм"; VariantName = "[No Variations]"
Change component parameters: Designator = "R25" ("R25"); Footprint = "RESCHIP0603"; UniqueID = "\KFERXVHE" ("\KFERXVHE")
Change component parameters (AddParameter): Name = "Body"; Value = "{Body}"; VariantName = "[No Variations]"
Change component parameters (AddParameter): Name = "Class"; Value = "Ёлектронные компоненты"; VariantName = "[No Variations]"
Change component parameters (AddParameter): Name = "Installation"; Value = "{Installation}"; VariantName = "[No Variations]"
Change component parameters (AddParameter): Name = "Ordering_Information"; Value = "{Ordering_Information}"; VariantName = "[No Variations]"
Change component parameters (AddParameter): Name = "Pins"; Value = "2"; VariantName = "[No Variations]"
Change component parameters (AddParameter): Name = "Power_W"; Value = "{Power_W}"; VariantName = "[No Variations]"
Change component parameters (AddParameter): Name = "SubClass"; Value = "–езисторы"; VariantName = "[No Variations]"
Change component parameters (AddParameter): Name = "Tolerance_Percent"; Value = "{Tolerance_Percent}"; VariantName = "[No Variations]"
Change component parameters (AddParameter): Name = "Value"; Value = "0603 50R"; VariantName = "[No Variations]"
Change component parameters: Designator = "R26" ("R26"); Footprint = "RESCHIP0603"; UniqueID = "\DGRETVZH" ("\DGRETVZH")
Change component parameters (AddParameter): Name = "Body"; Value = "{Body}"; VariantName = "[No Variations]"
Change component parameters (AddParameter): Name = "Class"; Value = "Ёлектронные компоненты"; VariantName = "[No Variations]"
Change component parameters (AddParameter): Name = "Installation"; Value = "{Installation}"; VariantName = "[No Variations]"
Change component parameters (AddParameter): Name = "Ordering_Information"; Value = "{Ordering_Information}"; VariantName = "[No Variations]"
Change component parameters (AddParameter): Name = "Pins"; Value = "2"; VariantName = "[No Variations]"
Change component parameters (AddParameter): Name = "Power_W"; Value = "{Power_W}"; VariantName = "[No Variations]"
Change component parameters (AddParameter): Name = "SubClass"; Value = "–езисторы"; VariantName = "[No Variations]"
Change component parameters (AddParameter): Name = "Tolerance_Percent"; Value = "{Tolerance_Percent}"; VariantName = "[No Variations]"
Change component parameters (AddParameter): Name = "Value"; Value = "0603 50R"; VariantName = "[No Variations]"
Change component parameters: Designator = "R27" ("R27"); Footprint = "RESCHIP0603"; UniqueID = "\QXYKITUD" ("\QXYKITUD")
Change component parameters (AddParameter): Name = "Body"; Value = "{Body}"; VariantName = "[No Variations]"
Change component parameters (AddParameter): Name = "Class"; Value = "Ёлектронные компоненты"; VariantName = "[No Variations]"
Change component parameters (AddParameter): Name = "Installation"; Value = "{Installation}"; VariantName = "[No Variations]"
Change component parameters (AddParameter): Name = "Ordering_Information"; Value = "{Ordering_Information}"; VariantName = "[No Variations]"
Change component parameters (AddParameter): Name = "Pins"; Value = "2"; VariantName = "[No Variations]"
Change component parameters (AddParameter): Name = "Power_W"; Value = "{Power_W}"; VariantName = "[No Variations]"
Change component parameters (AddParameter): Name = "SubClass"; Value = "–езисторы"; VariantName = "[No Variations]"
Change component parameters (AddParameter): Name = "Tolerance_Percent"; Value = "{Tolerance_Percent}"; VariantName = "[No Variations]"
Change component parameters (AddParameter): Name = "Value"; Value = "0603 50R"; VariantName = "[No Variations]"
Change component parameters: Designator = "R28" ("R28"); Footprint = "RESCHIP0603"; UniqueID = "\LQKLKGUK" ("\LQKLKGUK")
Change component parameters (AddParameter): Name = "Body"; Value = "{Body}"; VariantName = "[No Variations]"
Change component parameters (AddParameter): Name = "Class"; Value = "Ёлектронные компоненты"; VariantName = "[No Variations]"
Change component parameters (AddParameter): Name = "Installation"; Value = "{Installation}"; VariantName = "[No Variations]"
Change component parameters (AddParameter): Name = "Ordering_Information"; Value = "{Ordering_Information}"; VariantName = "[No Variations]"
Change component parameters (AddParameter): Name = "Pins"; Value = "2"; VariantName = "[No Variations]"
Change component parameters (AddParameter): Name = "Power_W"; Value = "{Power_W}"; VariantName = "[No Variations]"
Change component parameters (AddParameter): Name = "SubClass"; Value = "–езисторы"; VariantName = "[No Variations]"
Change component parameters (AddParameter): Name = "Tolerance_Percent"; Value = "{Tolerance_Percent}"; VariantName = "[No Variations]"
Change component parameters (AddParameter): Name = "Value"; Value = "0603 50R"; VariantName = "[No Variations]"
Change component parameters: Designator = "R29" ("R29"); Footprint = "RESCHIP0603"; UniqueID = "\CZBEPCCU" ("\CZBEPCCU")
Change component parameters (AddParameter): Name = "Body"; Value = "{Body}"; VariantName = "[No Variations]"
Change component parameters (AddParameter): Name = "Class"; Value = "Ёлектронные компоненты"; VariantName = "[No Variations]"
Change component parameters (AddParameter): Name = "Installation"; Value = "{Installation}"; VariantName = "[No Variations]"
Change component parameters (AddParameter): Name = "Ordering_Information"; Value = "{Ordering_Information}"; VariantName = "[No Variations]"
Change component parameters (AddParameter): Name = "Pins"; Value = "2"; VariantName = "[No Variations]"
Change component parameters (AddParameter): Name = "Power_W"; Value = "{Power_W}"; VariantName = "[No Variations]"
Change component parameters (AddParameter): Name = "SubClass"; Value = "–езисторы"; VariantName = "[No Variations]"
Change component parameters (AddParameter): Name = "Tolerance_Percent"; Value = "{Tolerance_Percent}"; VariantName = "[No Variations]"
Change component parameters (AddParameter): Name = "Value"; Value = "0603 33R"; VariantName = "[No Variations]"
Change component parameters: Designator = "R30" ("R30"); Footprint = "RESCHIP0603"; UniqueID = "\SVMXNUNR" ("\SVMXNUNR")
Change component parameters (AddParameter): Name = "Body"; Value = "{Body}"; VariantName = "[No Variations]"
Change component parameters (AddParameter): Name = "Class"; Value = "Ёлектронные компоненты"; VariantName = "[No Variations]"
Change component parameters (AddParameter): Name = "Installation"; Value = "{Installation}"; VariantName = "[No Variations]"
Change component parameters (AddParameter): Name = "Ordering_Information"; Value = "{Ordering_Information}"; VariantName = "[No Variations]"
Change component parameters (AddParameter): Name = "Pins"; Value = "2"; VariantName = "[No Variations]"
Change component parameters (AddParameter): Name = "Power_W"; Value = "{Power_W}"; VariantName = "[No Variations]"
Change component parameters (AddParameter): Name = "SubClass"; Value = "–езисторы"; VariantName = "[No Variations]"
Change component parameters (AddParameter): Name = "Tolerance_Percent"; Value = "{Tolerance_Percent}"; VariantName = "[No Variations]"
Change component parameters (AddParameter): Name = "Value"; Value = "0603 33R"; VariantName = "[No Variations]"
Change component parameters: Designator = "R31" ("R31"); Footprint = "RESCHIP0603"; UniqueID = "\DABEDFNJ" ("\DABEDFNJ")
Change component parameters (AddParameter): Name = "Body"; Value = "{Body}"; VariantName = "[No Variations]"
Change component parameters (AddParameter): Name = "Class"; Value = "Ёлектронные компоненты"; VariantName = "[No Variations]"
Change component parameters (AddParameter): Name = "Installation"; Value = "{Installation}"; VariantName = "[No Variations]"
Change component parameters (AddParameter): Name = "Ordering_Information"; Value = "{Ordering_Information}"; VariantName = "[No Variations]"
Change component parameters (AddParameter): Name = "Pins"; Value = "2"; VariantName = "[No Variations]"
Change component parameters (AddParameter): Name = "Power_W"; Value = "{Power_W}"; VariantName = "[No Variations]"
Change component parameters (AddParameter): Name = "SubClass"; Value = "–езисторы"; VariantName = "[No Variations]"
Change component parameters (AddParameter): Name = "Tolerance_Percent"; Value = "{Tolerance_Percent}"; VariantName = "[No Variations]"
Change component parameters (AddParameter): Name = "Value"; Value = "0603 10k"; VariantName = "[No Variations]"
Change component parameters: Designator = "R32" ("R32"); Footprint = "RESCHIP0603"; UniqueID = "\UPIDDLAN" ("\UPIDDLAN")
Change component parameters (AddParameter): Name = "Body"; Value = "{Body}"; VariantName = "[No Variations]"
Change component parameters (AddParameter): Name = "Class"; Value = "Ёлектронные компоненты"; VariantName = "[No Variations]"
Change component parameters (AddParameter): Name = "Installation"; Value = "{Installation}"; VariantName = "[No Variations]"
Change component parameters (AddParameter): Name = "Ordering_Information"; Value = "{Ordering_Information}"; VariantName = "[No Variations]"
Change component parameters (AddParameter): Name = "Pins"; Value = "2"; VariantName = "[No Variations]"
Change component parameters (AddParameter): Name = "Power_W"; Value = "{Power_W}"; VariantName = "[No Variations]"
Change component parameters (AddParameter): Name = "SubClass"; Value = "–езисторы"; VariantName = "[No Variations]"
Change component parameters (AddParameter): Name = "Tolerance_Percent"; Value = "{Tolerance_Percent}"; VariantName = "[No Variations]"
Change component parameters (AddParameter): Name = "Value"; Value = "0603 33R"; VariantName = "[No Variations]"
Change component parameters: Designator = "R33" ("R33"); Footprint = "RESCHIP0603"; UniqueID = "\EBBIQXEN" ("\EBBIQXEN")
Change component parameters (AddParameter): Name = "Body"; Value = "{Body}"; VariantName = "[No Variations]"
Change component parameters (AddParameter): Name = "Class"; Value = "Ёлектронные компоненты"; VariantName = "[No Variations]"
Change component parameters (AddParameter): Name = "Installation"; Value = "{Installation}"; VariantName = "[No Variations]"
Change component parameters (AddParameter): Name = "Ordering_Information"; Value = "{Ordering_Information}"; VariantName = "[No Variations]"
Change component parameters (AddParameter): Name = "Pins"; Value = "2"; VariantName = "[No Variations]"
Change component parameters (AddParameter): Name = "Power_W"; Value = "{Power_W}"; VariantName = "[No Variations]"
Change component parameters (AddParameter): Name = "SubClass"; Value = "–езисторы"; VariantName = "[No Variations]"
Change component parameters (AddParameter): Name = "Tolerance_Percent"; Value = "{Tolerance_Percent}"; VariantName = "[No Variations]"
Change component parameters (AddParameter): Name = "Value"; Value = "0603 12.1k"; VariantName = "[No Variations]"
Change component parameters: Designator = "R35" ("R35"); Footprint = "RESCHIP0603"; UniqueID = "\PNQZLHYC" ("\PNQZLHYC")
Change component parameters (AddParameter): Name = "Body"; Value = "{Body}"; VariantName = "[No Variations]"
Change component parameters (AddParameter): Name = "Class"; Value = "Ёлектронные компоненты"; VariantName = "[No Variations]"
Change component parameters (AddParameter): Name = "Installation"; Value = "{Installation}"; VariantName = "[No Variations]"
Change component parameters (AddParameter): Name = "Ordering_Information"; Value = "{Ordering_Information}"; VariantName = "[No Variations]"
Change component parameters (AddParameter): Name = "Pins"; Value = "2"; VariantName = "[No Variations]"
Change component parameters (AddParameter): Name = "Power_W"; Value = "{Power_W}"; VariantName = "[No Variations]"
Change component parameters (AddParameter): Name = "SubClass"; Value = "–езисторы"; VariantName = "[No Variations]"
Change component parameters (AddParameter): Name = "Tolerance_Percent"; Value = "{Tolerance_Percent}"; VariantName = "[No Variations]"
Change component parameters (AddParameter): Name = "Value"; Value = "0603 33R"; VariantName = "[No Variations]"
Change component parameters: Designator = "R37" ("R37"); Footprint = "RESCHIP0603"; UniqueID = "\AVZTDWOR" ("\AVZTDWOR")
Change component parameters (AddParameter): Name = "Body"; Value = "{Body}"; VariantName = "[No Variations]"
Change component parameters (AddParameter): Name = "Class"; Value = "Ёлектронные компоненты"; VariantName = "[No Variations]"
Change component parameters (AddParameter): Name = "Installation"; Value = "{Installation}"; VariantName = "[No Variations]"
Change component parameters (AddParameter): Name = "Ordering_Information"; Value = "{Ordering_Information}"; VariantName = "[No Variations]"
Change component parameters (AddParameter): Name = "Pins"; Value = "2"; VariantName = "[No Variations]"
Change component parameters (AddParameter): Name = "Power_W"; Value = "{Power_W}"; VariantName = "[No Variations]"
Change component parameters (AddParameter): Name = "SubClass"; Value = "–езисторы"; VariantName = "[No Variations]"
Change component parameters (AddParameter): Name = "Tolerance_Percent"; Value = "{Tolerance_Percent}"; VariantName = "[No Variations]"
Change component parameters (AddParameter): Name = "Value"; Value = "0603 1,5k"; VariantName = "[No Variations]"
Change component parameters: Designator = "R38" ("R38"); Footprint = "RESCHIP0603"; UniqueID = "\PYFMVYRH" ("\PYFMVYRH")
Change component parameters (AddParameter): Name = "Body"; Value = "{Body}"; VariantName = "[No Variations]"
Change component parameters (AddParameter): Name = "Class"; Value = "Ёлектронные компоненты"; VariantName = "[No Variations]"
Change component parameters (AddParameter): Name = "Installation"; Value = "{Installation}"; VariantName = "[No Variations]"
Change component parameters (AddParameter): Name = "Ordering_Information"; Value = "{Ordering_Information}"; VariantName = "[No Variations]"
Change component parameters (AddParameter): Name = "Pins"; Value = "2"; VariantName = "[No Variations]"
Change component parameters (AddParameter): Name = "Power_W"; Value = "{Power_W}"; VariantName = "[No Variations]"
Change component parameters (AddParameter): Name = "SubClass"; Value = "–езисторы"; VariantName = "[No Variations]"
Change component parameters (AddParameter): Name = "Tolerance_Percent"; Value = "{Tolerance_Percent}"; VariantName = "[No Variations]"
Change component parameters (AddParameter): Name = "Value"; Value = "0603 1,5k"; VariantName = "[No Variations]"
Change component parameters: Designator = "XP1" ("XP1"); Footprint = "ZL201-3"; UniqueID = "\BEQLSZAA" ("\BEQLSZAA")
Change component parameters (AddParameter): Name = "Class"; Value = "Ёлектронные компоненты"; VariantName = "[No Variations]"
Change component parameters (AddParameter): Name = "Installation"; Value = "DIP"; VariantName = "[No Variations]"
Change component parameters (AddParameter): Name = "Ordering_Information"; Value = "{Ordering_Information}"; VariantName = "[No Variations]"
Change component parameters (AddParameter): Name = "Pins"; Value = "3"; VariantName = "[No Variations]"
Change component parameters (AddParameter): Name = "Pitch_mm"; Value = "{Pitch_mm}"; VariantName = "[No Variations]"
Change component parameters (AddParameter): Name = "SubClass"; Value = "–азъемы"; VariantName = "[No Variations]"
Change component parameters (AddParameter): Name = "Type_of_connector"; Value = "{Type_of_connector}"; VariantName = "[No Variations]"
Change component parameters (AddParameter): Name = "Value"; Value = "Battery"; VariantName = "[No Variations]"
Change component parameters: Designator = "XP2" ("XP2"); Footprint = "ZL201-3"; UniqueID = "\JZPHESPJ" ("\JZPHESPJ")
Change component parameters (AddParameter): Name = "Class"; Value = "Ёлектронные компоненты"; VariantName = "[No Variations]"
Change component parameters (AddParameter): Name = "Installation"; Value = "DIP"; VariantName = "[No Variations]"
Change component parameters (AddParameter): Name = "Ordering_Information"; Value = "{Ordering_Information}"; VariantName = "[No Variations]"
Change component parameters (AddParameter): Name = "Pins"; Value = "3"; VariantName = "[No Variations]"
Change component parameters (AddParameter): Name = "Pitch_mm"; Value = "{Pitch_mm}"; VariantName = "[No Variations]"
Change component parameters (AddParameter): Name = "SubClass"; Value = "–азъемы"; VariantName = "[No Variations]"
Change component parameters (AddParameter): Name = "Type_of_connector"; Value = "{Type_of_connector}"; VariantName = "[No Variations]"
Change component parameters (AddParameter): Name = "Value"; Value = "reset setings"; VariantName = "[No Variations]"
Change component parameters: Designator = "DD1" ("DD1"); Footprint = "TO-263"; UniqueID = "\SGBGYXEX" ("\SGBGYXEX")
Change component parameters (AddParameter): Name = "ComponentLink1URL"; Value = "http://www.national.com/ds/LM/LM2596.pdf"; VariantName = "[No Variations]"
Change component parameters (AddParameter): Name = "ComponentLink2URL"; Value = "http://www.national.com/pf/LM/LM2596.html"; VariantName = "[No Variations]"
Change component parameters (AddParameter): Name = "ComponentLink3URL"; Value = "http://www.national.com/packaging/folders/ts5b.html"; VariantName = "[No Variations]"
Change component parameters (AddParameter): Name = "CompType"; Value = "Switcher"; VariantName = "[No Variations]"
Change component parameters (AddParameter): Name = "Manufacturer"; Value = "National Semiconductor"; VariantName = "[No Variations]"
Change component parameters (AddParameter): Name = "PartNumber"; Value = "LM2596S-ADJ"; VariantName = "[No Variations]"
Change component parameters (AddParameter): Name = "Published"; Value = "13.04.2012"; VariantName = "[No Variations]"
Change component parameters (AddParameter): Name = "Publisher"; Value = "Reukov A.V."; VariantName = "[No Variations]"
Change component parameters (AddParameter): Name = "Value"; Value = "LM2596S-ADJ"; VariantName = "[No Variations]"
Change component parameters: Designator = "XP3" ("XP3"); Footprint = "ZL201-3"; UniqueID = "\BENFHBVI" ("\BENFHBVI")
Change component parameters (AddParameter): Name = "Class"; Value = "Ёлектронные компоненты"; VariantName = "[No Variations]"
Change component parameters (AddParameter): Name = "Installation"; Value = "DIP"; VariantName = "[No Variations]"
Change component parameters (AddParameter): Name = "Ordering_Information"; Value = "{Ordering_Information}"; VariantName = "[No Variations]"
Change component parameters (AddParameter): Name = "Pins"; Value = "3"; VariantName = "[No Variations]"
Change component parameters (AddParameter): Name = "Pitch_mm"; Value = "{Pitch_mm}"; VariantName = "[No Variations]"
Change component parameters (AddParameter): Name = "SubClass"; Value = "–азъемы"; VariantName = "[No Variations]"
Change component parameters (AddParameter): Name = "Type_of_connector"; Value = "{Type_of_connector}"; VariantName = "[No Variations]"
Change component parameters (AddParameter): Name = "Value"; Value = "uart"; VariantName = "[No Variations]"
Added Component: Designator=C1(ECR 10x13mm)
Add component (AddParameter): Name = "Type"; Value = "Type"; VariantName = "[No Variations]"
Add component (AddParameter): Name = "URL"; Value = "http://www.hitano.com.tw/PDF/ECR_081225.pdf"; VariantName = "[No Variations]"
Add component (AddParameter): Name = "Value"; Value = "10x13 220uF"; VariantName = "[No Variations]"
Add component (AddParameter): Name = "Voltage"; Value = "50"; VariantName = "[No Variations]"
Added Component: Designator=R9(Resistor 0603)
Add component (AddParameter): Name = "Value"; Value = "0603 3k"; VariantName = "[No Variations]"
Added Component: Designator=R10(Resistor 0603)
Add component (AddParameter): Name = "Value"; Value = "0603 1k"; VariantName = "[No Variations]"
Added Component: Designator=X3(PLS-5-3D)
Add component (AddParameter): Name = "LatestRevisionDate"; Value = "17-Jul-2002"; VariantName = "[No Variations]"
Add component (AddParameter): Name = "LatestRevisionNote"; Value = "Re-released for DXP Platform."; VariantName = "[No Variations]"
Add component (AddParameter): Name = "Publisher"; Value = "Altium Limited"; VariantName = "[No Variations]"
Add component (AddParameter): Name = "Value"; Value = ""; VariantName = "[No Variations]"
Added Component: Designator=X4(XTAL_3.2_2.5)
Add component (AddParameter): Name = "Value"; Value = "3.3_2.5 12Mhz"; VariantName = "[No Variations]"
Added Component: Designator=X5(XTAL_3.2_2.5)
Add component (AddParameter): Name = "Value"; Value = "3.3_2.5 25Mhz"; VariantName = "[No Variations]"
Added Pin To Net: NetName=V_24pwr Pin=C1-1
Added Pin To Net: NetName=GND Pin=C1-2
Added Pin To Net: NetName=GND Pin=C3-1
Added Pin To Net: NetName=+5v Pin=C3-2
Added Pin To Net: NetName=+5v Pin=C4-1
Added Pin To Net: NetName=GND Pin=C4-2
Added Pin To Net: NetName=+3.3v Pin=C5-1
Added Pin To Net: NetName=GND Pin=C5-2
Added Pin To Net: NetName=+3.3v Pin=C6-1
Added Pin To Net: NetName=GND Pin=C6-2
Added Pin To Net: NetName=+3.3v Pin=C9-1
Added Pin To Net: NetName=GND Pin=C9-2
Added Pin To Net: NetName=+3.3v Pin=C12-1
Added Pin To Net: NetName=GND Pin=C12-2
Added Pin To Net: NetName=+3.3v Pin=C13-1
Added Pin To Net: NetName=GND Pin=C13-2
Added Pin To Net: NetName=GND Pin=C14-1
Added Pin To Net: NetName=GND Pin=C16-1
Added Pin To Net: NetName=+3.3v Pin=C16-2
Added Pin To Net: NetName=GND Pin=C17-1
Added Pin To Net: NetName=GND Pin=C18-1
Added Pin To Net: NetName=+3.3v Pin=C18-2
Added Pin To Net: NetName=+3.3v Pin=C20-1
Added Pin To Net: NetName=GND Pin=C20-2
Added Pin To Net: NetName=GND Pin=C21-1
Added Pin To Net: NetName=+3.3v Pin=C21-2
Added Pin To Net: NetName=GND Pin=C23-2
Added Pin To Net: NetName=GND Pin=C24-2
Added Pin To Net: NetName=+3.3v Pin=C25-1
Added Pin To Net: NetName=GND Pin=C25-2
Added Pin To Net: NetName=+3.3v Pin=C27-1
Added Pin To Net: NetName=GND Pin=C27-2
Added Pin To Net: NetName=+3.3v Pin=C28-1
Added Pin To Net: NetName=GND Pin=C28-2
Added Pin To Net: NetName=NetC29_2 Pin=IC2-5
Added Pin To Net: NetName=NetDD1_4 Pin=R9-1
Added Pin To Net: NetName=+5v Pin=R9-2
Added Pin To Net: NetName=NetDD1_4 Pin=R10-1
Added Pin To Net: NetName=GND Pin=R10-2
Added Pin To Net: NetName=GND Pin=R20-1
Added Pin To Net: NetName=P1_RX_N Pin=R25-1
Added Pin To Net: NetName=+3.3v Pin=R25-2
Added Pin To Net: NetName=P1_RX_P Pin=R26-1
Added Pin To Net: NetName=P1_TX_N Pin=R27-1
Added Pin To Net: NetName=P1_TX_P Pin=R28-1
Added Pin To Net: NetName=RMII_RXD0 Pin=R29-1
Added Pin To Net: NetName=NetIC2_8 Pin=R29-2
Added Pin To Net: NetName=RMII_RXD1 Pin=R30-1
Added Pin To Net: NetName=NetIC2_7 Pin=R30-2
Added Pin To Net: NetName=GND Pin=R31-1
Added Pin To Net: NetName=NetIC2_10 Pin=R31-2
Added Pin To Net: NetName=RMII_CRS_DV Pin=R32-1
Added Pin To Net: NetName=NetIC2_11 Pin=R32-2
Added Pin To Net: NetName=NetIC2_24 Pin=R33-1
Added Pin To Net: NetName=GND Pin=R33-2
Added Pin To Net: NetName=GND Pin=R34-1
Added Pin To Net: NetName=NetJ1_10 Pin=R34-2
Added Pin To Net: NetName=RMII_REF_CLK Pin=R35-1
Added Pin To Net: NetName=NetIC2_14 Pin=R35-2
Added Pin To Net: NetName=GND Pin=R36-1
Added Pin To Net: NetName=NetJ1_11 Pin=R36-2
Added Pin To Net: NetName=NetIC2_3 Pin=R37-2
Added Pin To Net: NetName=NetIC2_2 Pin=R38-2
Added Pin To Net: NetName=NetR23_2 Pin=U1-1
Added Pin To Net: NetName=NetR22_1 Pin=U1-8
Added Pin To Net: NetName=NetR24_1 Pin=U1-9
Added Pin To Net: NetName=NetC15_2 Pin=U1-12
Added Pin To Net: NetName=NetC30_2 Pin=U1-49
Added Pin To Net: NetName=NetR21_2 Pin=VD2-K
Added Pin To Net: NetName=NetR22_2 Pin=VD3-K
Added Pin To Net: NetName=NetR24_2 Pin=VD4-K
Added Pin To Net: NetName=RESET Pin=X3-1
Added Pin To Net: NetName=NetU1_72 Pin=X3-2
Added Pin To Net: NetName=GND Pin=X3-3
Added Pin To Net: NetName=NetU1_76 Pin=X3-4
Added Pin To Net: NetName=+3.3v Pin=X3-5
Added Pin To Net: NetName=GND Pin=X4-2
Added Pin To Net: NetName=NetC15_2 Pin=X4-3
Added Pin To Net: NetName=GND Pin=X4-4
Added Pin To Net: NetName=NetC29_2 Pin=X5-1
Added Pin To Net: NetName=GND Pin=X5-2
Added Pin To Net: NetName=GND Pin=X5-4
Added Pin To Net: NetName=NetR23_1 Pin=XP2-2
Change Net Name : Old Net Name=NetR17_1 New Net Name=NetR19_1
Added Pin To Net: NetName=NetC11_1 Pin=C11-1
Added Pin To Net: NetName=NetC11_1 Pin=U1-73
Added Net: Name=NetC11_1
Added Pin To Net: NetName=NetC14_2 Pin=C14-2
Added Pin To Net: NetName=NetC14_2 Pin=U1-6
Added Pin To Net: NetName=NetC14_2 Pin=XP1-2
Added Net: Name=NetC14_2
Added Pin To Net: NetName=NetC17_2 Pin=C17-2
Added Pin To Net: NetName=NetC17_2 Pin=U1-13
Added Pin To Net: NetName=NetC17_2 Pin=X4-1
Added Net: Name=NetC17_2
Added Pin To Net: NetName=NetC23_1 Pin=C23-1
Added Pin To Net: NetName=NetC23_1 Pin=C24-1
Added Pin To Net: NetName=NetC23_1 Pin=IC2-6
Added Net: Name=NetC23_1
Added Pin To Net: NetName=NetC26_2 Pin=C26-2
Added Pin To Net: NetName=NetC26_2 Pin=IC2-4
Added Pin To Net: NetName=NetC26_2 Pin=X5-3
Added Net: Name=NetC26_2
Added Pin To Net: NetName=NetR20_2 Pin=R20-2
Added Pin To Net: NetName=NetR20_2 Pin=U1-94
Added Net: Name=NetR20_2
Added Pin To Net: NetName=NetR21_1 Pin=R21-1
Added Pin To Net: NetName=NetR21_1 Pin=U1-7
Added Net: Name=NetR21_1
Added Member To Class: ClassName=ControlPCB Member=Component C20 0603 0.1uF
Added Member To Class: ClassName=ControlPCB Member=Component X4 12Mhz
Added Member To Class: ClassName=ControlPCB Member=Component X5 25Mhz
