Removed Pin From Net: NetName=+5v Pin=IN1-1
Removed Pin From Net: NetName=+5v Pin=IN1-2
Removed Pin From Net: NetName=GND Pin=IN1-3
Removed Pin From Net: NetName=GND Pin=IN1-4
Removed Pin From Net: NetName=I2C_DATA Pin=IN1-5
Removed Pin From Net: NetName=I2C_CLK Pin=IN1-6
Removed Pin From Net: NetName=GND Pin=IN1-7
Removed Pin From Net: NetName=GND Pin=IN1-8
Removed Pin From Net: NetName=GND Pin=IN1-9
Removed Pin From Net: NetName=GND Pin=IN1-10
Removed Pin From Net: NetName=GND Pin=OUT1-1
Removed Pin From Net: NetName=GND Pin=OUT1-2
Removed Pin From Net: NetName=GND Pin=OUT1-3
Removed Pin From Net: NetName=GND Pin=OUT1-4
Removed Pin From Net: NetName=I2C_CLK Pin=OUT1-5
Removed Pin From Net: NetName=I2C_DATA Pin=OUT1-6
Removed Pin From Net: NetName=GND Pin=OUT1-7
Removed Pin From Net: NetName=GND Pin=OUT1-8
Removed Pin From Net: NetName=+5v Pin=OUT1-9
Removed Pin From Net: NetName=+5v Pin=OUT1-10
Removed Member From Class: ClassName=DriverPCB Member=IN1
Removed Member From Class: ClassName=DriverPCB Member=OUT1
Change component parameters: Designator = "H1" ("H1"); Footprint = "Hole 3.5"; UniqueID = "\EYIZALBG" ("\EYIZALBG")
Change component parameters (AddParameter): Name = ""; Value = "H*"; VariantName = "[No Variations]"
Change component parameters (AddParameter): Name = "Comments"; Value = ""; VariantName = "[No Variations]"
Change component parameters (AddParameter): Name = "CompType"; Value = "Hole"; VariantName = "[No Variations]"
Change component parameters (AddParameter): Name = "Note"; Value = ""; VariantName = "[No Variations]"
Change component parameters (AddParameter): Name = "Package"; Value = "Hole"; VariantName = "[No Variations]"
Change component parameters (AddParameter): Name = "PartNumber"; Value = ""; VariantName = "[No Variations]"
Change component parameters (AddParameter): Name = "Pins"; Value = "1"; VariantName = "[No Variations]"
Change component parameters (AddParameter): Name = "SnapEDA_Link"; Value = ""; VariantName = "[No Variations]"
Change component parameters (AddParameter): Name = "Tolerance_Percent"; Value = ""; VariantName = "[No Variations]"
Change component parameters (AddParameter): Name = "Value"; Value = ""; VariantName = "[No Variations]"
Change component parameters (AddParameter): Name = "Voltage"; Value = ""; VariantName = "[No Variations]"
Change component parameters: Designator = "H2" ("H2"); Footprint = "Hole 3.5"; UniqueID = "\DUSKPDNJ" ("\DUSKPDNJ")
Change component parameters (AddParameter): Name = ""; Value = "H*"; VariantName = "[No Variations]"
Change component parameters (AddParameter): Name = "Comments"; Value = ""; VariantName = "[No Variations]"
Change component parameters (AddParameter): Name = "CompType"; Value = "Hole"; VariantName = "[No Variations]"
Change component parameters (AddParameter): Name = "Note"; Value = ""; VariantName = "[No Variations]"
Change component parameters (AddParameter): Name = "Package"; Value = "Hole"; VariantName = "[No Variations]"
Change component parameters (AddParameter): Name = "PartNumber"; Value = ""; VariantName = "[No Variations]"
Change component parameters (AddParameter): Name = "Pins"; Value = "1"; VariantName = "[No Variations]"
Change component parameters (AddParameter): Name = "SnapEDA_Link"; Value = ""; VariantName = "[No Variations]"
Change component parameters (AddParameter): Name = "Tolerance_Percent"; Value = ""; VariantName = "[No Variations]"
Change component parameters (AddParameter): Name = "Value"; Value = ""; VariantName = "[No Variations]"
Change component parameters (AddParameter): Name = "Voltage"; Value = ""; VariantName = "[No Variations]"
Change component parameters: Designator = "H3" ("H3"); Footprint = "Hole 3.5"; UniqueID = "\KTXTCHRU" ("\KTXTCHRU")
Change component parameters (AddParameter): Name = ""; Value = "H*"; VariantName = "[No Variations]"
Change component parameters (AddParameter): Name = "Comments"; Value = ""; VariantName = "[No Variations]"
Change component parameters (AddParameter): Name = "CompType"; Value = "Hole"; VariantName = "[No Variations]"
Change component parameters (AddParameter): Name = "Note"; Value = ""; VariantName = "[No Variations]"
Change component parameters (AddParameter): Name = "Package"; Value = "Hole"; VariantName = "[No Variations]"
Change component parameters (AddParameter): Name = "PartNumber"; Value = ""; VariantName = "[No Variations]"
Change component parameters (AddParameter): Name = "Pins"; Value = "1"; VariantName = "[No Variations]"
Change component parameters (AddParameter): Name = "SnapEDA_Link"; Value = ""; VariantName = "[No Variations]"
Change component parameters (AddParameter): Name = "Tolerance_Percent"; Value = ""; VariantName = "[No Variations]"
Change component parameters (AddParameter): Name = "Value"; Value = ""; VariantName = "[No Variations]"
Change component parameters (AddParameter): Name = "Voltage"; Value = ""; VariantName = "[No Variations]"
Change component parameters: Designator = "H4" ("H4"); Footprint = "Hole 3.5"; UniqueID = "\NGBHQCQY" ("\NGBHQCQY")
Change component parameters (AddParameter): Name = ""; Value = "H*"; VariantName = "[No Variations]"
Change component parameters (AddParameter): Name = "Comments"; Value = ""; VariantName = "[No Variations]"
Change component parameters (AddParameter): Name = "CompType"; Value = "Hole"; VariantName = "[No Variations]"
Change component parameters (AddParameter): Name = "Note"; Value = ""; VariantName = "[No Variations]"
Change component parameters (AddParameter): Name = "Package"; Value = "Hole"; VariantName = "[No Variations]"
Change component parameters (AddParameter): Name = "PartNumber"; Value = ""; VariantName = "[No Variations]"
Change component parameters (AddParameter): Name = "Pins"; Value = "1"; VariantName = "[No Variations]"
Change component parameters (AddParameter): Name = "SnapEDA_Link"; Value = ""; VariantName = "[No Variations]"
Change component parameters (AddParameter): Name = "Tolerance_Percent"; Value = ""; VariantName = "[No Variations]"
Change component parameters (AddParameter): Name = "Value"; Value = ""; VariantName = "[No Variations]"
Change component parameters (AddParameter): Name = "Voltage"; Value = ""; VariantName = "[No Variations]"
Added Component: Designator=X3(PBD-10RR)
Added Component: Designator=X4(PLD-10RR1)
Added Pin To Net: NetName=+5v Pin=X3-1
Added Pin To Net: NetName=+5v Pin=X3-2
Added Pin To Net: NetName=GND Pin=X3-3
Added Pin To Net: NetName=GND Pin=X3-4
Added Pin To Net: NetName=I2C_DATA Pin=X3-5
Added Pin To Net: NetName=I2C_CLK Pin=X3-6
Added Pin To Net: NetName=GND Pin=X3-7
Added Pin To Net: NetName=GND Pin=X3-8
Added Pin To Net: NetName=+24v Pin=X3-9
Added Pin To Net: NetName=+24v Pin=X3-10
Added Pin To Net: NetName=+5v Pin=X4-1
Added Pin To Net: NetName=+5v Pin=X4-2
Added Pin To Net: NetName=GND Pin=X4-3
Added Pin To Net: NetName=GND Pin=X4-4
Added Pin To Net: NetName=I2C_CLK Pin=X4-5
Added Pin To Net: NetName=I2C_DATA Pin=X4-6
Added Pin To Net: NetName=GND Pin=X4-7
Added Pin To Net: NetName=GND Pin=X4-8
Added Pin To Net: NetName=+24v Pin=X4-9
Added Pin To Net: NetName=+24v Pin=X4-10
Added Member To Class: ClassName=DriverPCB Member=Component X3 PBD-10R
Added Member To Class: ClassName=DriverPCB Member=Component X4 PLD-10R
