Change Component Footprint: Designator=DG1 Old Footprint=15EDGVC-3.5-16P New Footprint=15EDGRC-3.5-16P
Change Component Designator: OldDesignator=C1_U_chanel1 NewDesignator=C1_U_chanel6
Change Component Designator: OldDesignator=C1_U_chanel6 NewDesignator=C1_U_chanel5
Change Component Designator: OldDesignator=C1_U_chanel5 NewDesignator=C1_U_chanel4
Change Component Designator: OldDesignator=C1_U_chanel4 NewDesignator=C1_U_chanel3
Change Component Designator: OldDesignator=C1_U_chanel3 NewDesignator=C1_U_chanel2
Change Component Designator: OldDesignator=C1_U_chanel2 NewDesignator=C1_U_chanel1
Change Component Designator: OldDesignator=C2_U_chanel1 NewDesignator=C2_U_chanel6
Change Component Designator: OldDesignator=C2_U_chanel6 NewDesignator=C2_U_chanel5
Change Component Designator: OldDesignator=C2_U_chanel5 NewDesignator=C2_U_chanel4
Change Component Designator: OldDesignator=C2_U_chanel4 NewDesignator=C2_U_chanel3
Change Component Designator: OldDesignator=C2_U_chanel3 NewDesignator=C2_U_chanel2
Change Component Designator: OldDesignator=C2_U_chanel2 NewDesignator=C2_U_chanel1
Change Component Designator: OldDesignator=C8_U_chanel1 NewDesignator=C8_U_chanel6
Change Component Designator: OldDesignator=C8_U_chanel6 NewDesignator=C8_U_chanel5
Change Component Designator: OldDesignator=C8_U_chanel5 NewDesignator=C8_U_chanel4
Change Component Designator: OldDesignator=C8_U_chanel4 NewDesignator=C8_U_chanel3
Change Component Designator: OldDesignator=C8_U_chanel3 NewDesignator=C8_U_chanel2
Change Component Designator: OldDesignator=C8_U_chanel2 NewDesignator=C8_U_chanel1
Change Component Designator: OldDesignator=D1_U_chanel1 NewDesignator=D1_U_chanel6
Change Component Designator: OldDesignator=D1_U_chanel6 NewDesignator=D1_U_chanel5
Change Component Designator: OldDesignator=D1_U_chanel5 NewDesignator=D1_U_chanel4
Change Component Designator: OldDesignator=D1_U_chanel4 NewDesignator=D1_U_chanel3
Change Component Designator: OldDesignator=D1_U_chanel3 NewDesignator=D1_U_chanel2
Change Component Designator: OldDesignator=D1_U_chanel2 NewDesignator=D1_U_chanel1
Change Component Designator: OldDesignator=D2_U_chanel1 NewDesignator=D2_U_chanel6
Change Component Designator: OldDesignator=D2_U_chanel6 NewDesignator=D2_U_chanel5
Change Component Designator: OldDesignator=D2_U_chanel5 NewDesignator=D2_U_chanel4
Change Component Designator: OldDesignator=D2_U_chanel4 NewDesignator=D2_U_chanel3
Change Component Designator: OldDesignator=D2_U_chanel3 NewDesignator=D2_U_chanel2
Change Component Designator: OldDesignator=D2_U_chanel2 NewDesignator=D2_U_chanel1
Change Component Designator: OldDesignator=L1_U_chanel1 NewDesignator=L1_U_chanel6
Change Component Designator: OldDesignator=L1_U_chanel6 NewDesignator=L1_U_chanel5
Change Component Designator: OldDesignator=L1_U_chanel5 NewDesignator=L1_U_chanel4
Change Component Designator: OldDesignator=L1_U_chanel4 NewDesignator=L1_U_chanel3
Change Component Designator: OldDesignator=L1_U_chanel3 NewDesignator=L1_U_chanel2
Change Component Designator: OldDesignator=L1_U_chanel2 NewDesignator=L1_U_chanel1
Change Component Designator: OldDesignator=R1_U_chanel1 NewDesignator=R1_U_chanel6
Change Component Designator: OldDesignator=R1_U_chanel6 NewDesignator=R1_U_chanel5
Change Component Designator: OldDesignator=R1_U_chanel5 NewDesignator=R1_U_chanel4
Change Component Designator: OldDesignator=R1_U_chanel4 NewDesignator=R1_U_chanel3
Change Component Designator: OldDesignator=R1_U_chanel3 NewDesignator=R1_U_chanel2
Change Component Designator: OldDesignator=R1_U_chanel2 NewDesignator=R1_U_chanel1
Change Component Designator: OldDesignator=R2_U_chanel1 NewDesignator=R2_U_chanel6
Change Component Designator: OldDesignator=R2_U_chanel6 NewDesignator=R2_U_chanel5
Change Component Designator: OldDesignator=R2_U_chanel5 NewDesignator=R2_U_chanel4
Change Component Designator: OldDesignator=R2_U_chanel4 NewDesignator=R2_U_chanel3
Change Component Designator: OldDesignator=R2_U_chanel3 NewDesignator=R2_U_chanel2
Change Component Designator: OldDesignator=R2_U_chanel2 NewDesignator=R2_U_chanel1
Change Component Designator: OldDesignator=R3_U_chanel1 NewDesignator=R3_U_chanel6
Change Component Designator: OldDesignator=R3_U_chanel6 NewDesignator=R3_U_chanel5
Change Component Designator: OldDesignator=R3_U_chanel5 NewDesignator=R3_U_chanel4
Change Component Designator: OldDesignator=R3_U_chanel4 NewDesignator=R3_U_chanel3
Change Component Designator: OldDesignator=R3_U_chanel3 NewDesignator=R3_U_chanel2
Change Component Designator: OldDesignator=R3_U_chanel2 NewDesignator=R3_U_chanel1
Change Component Designator: OldDesignator=R5_U_chanel1 NewDesignator=R5_U_chanel6
Change Component Designator: OldDesignator=R5_U_chanel6 NewDesignator=R5_U_chanel5
Change Component Designator: OldDesignator=R5_U_chanel5 NewDesignator=R5_U_chanel4
Change Component Designator: OldDesignator=R5_U_chanel4 NewDesignator=R5_U_chanel3
Change Component Designator: OldDesignator=R5_U_chanel3 NewDesignator=R5_U_chanel2
Change Component Designator: OldDesignator=R5_U_chanel2 NewDesignator=R5_U_chanel1
Change Component Designator: OldDesignator=R6_U_chanel1 NewDesignator=R6_U_chanel6
Change Component Designator: OldDesignator=R6_U_chanel6 NewDesignator=R6_U_chanel5
Change Component Designator: OldDesignator=R6_U_chanel5 NewDesignator=R6_U_chanel4
Change Component Designator: OldDesignator=R6_U_chanel4 NewDesignator=R6_U_chanel3
Change Component Designator: OldDesignator=R6_U_chanel3 NewDesignator=R6_U_chanel2
Change Component Designator: OldDesignator=R6_U_chanel2 NewDesignator=R6_U_chanel1
Change Component Designator: OldDesignator=R7_U_chanel1 NewDesignator=R7_U_chanel6
Change Component Designator: OldDesignator=R7_U_chanel6 NewDesignator=R7_U_chanel5
Change Component Designator: OldDesignator=R7_U_chanel5 NewDesignator=R7_U_chanel4
Change Component Designator: OldDesignator=R7_U_chanel4 NewDesignator=R7_U_chanel3
Change Component Designator: OldDesignator=R7_U_chanel3 NewDesignator=R7_U_chanel2
Change Component Designator: OldDesignator=R7_U_chanel2 NewDesignator=R7_U_chanel1
Change Component Designator: OldDesignator=R8_U_chanel1 NewDesignator=R8_U_chanel6
Change Component Designator: OldDesignator=R8_U_chanel6 NewDesignator=R8_U_chanel5
Change Component Designator: OldDesignator=R8_U_chanel5 NewDesignator=R8_U_chanel4
Change Component Designator: OldDesignator=R8_U_chanel4 NewDesignator=R8_U_chanel3
Change Component Designator: OldDesignator=R8_U_chanel3 NewDesignator=R8_U_chanel2
Change Component Designator: OldDesignator=R8_U_chanel2 NewDesignator=R8_U_chanel1
Change Component Designator: OldDesignator=R9_U_chanel1 NewDesignator=R9_U_chanel6
Change Component Designator: OldDesignator=R9_U_chanel6 NewDesignator=R9_U_chanel5
Change Component Designator: OldDesignator=R9_U_chanel5 NewDesignator=R9_U_chanel4
Change Component Designator: OldDesignator=R9_U_chanel4 NewDesignator=R9_U_chanel3
Change Component Designator: OldDesignator=R9_U_chanel3 NewDesignator=R9_U_chanel2
Change Component Designator: OldDesignator=R9_U_chanel2 NewDesignator=R9_U_chanel1
Change Component Designator: OldDesignator=R11_U_chanel1 NewDesignator=R11_U_chanel6
Change Component Designator: OldDesignator=R11_U_chanel6 NewDesignator=R11_U_chanel5
Change Component Designator: OldDesignator=R11_U_chanel5 NewDesignator=R11_U_chanel4
Change Component Designator: OldDesignator=R11_U_chanel4 NewDesignator=R11_U_chanel3
Change Component Designator: OldDesignator=R11_U_chanel3 NewDesignator=R11_U_chanel2
Change Component Designator: OldDesignator=R11_U_chanel2 NewDesignator=R11_U_chanel1
Change Component Designator: OldDesignator=R12_U_chanel1 NewDesignator=R12_U_chanel6
Change Component Designator: OldDesignator=R12_U_chanel6 NewDesignator=R12_U_chanel5
Change Component Designator: OldDesignator=R12_U_chanel5 NewDesignator=R12_U_chanel4
Change Component Designator: OldDesignator=R12_U_chanel4 NewDesignator=R12_U_chanel3
Change Component Designator: OldDesignator=R12_U_chanel3 NewDesignator=R12_U_chanel2
Change Component Designator: OldDesignator=R12_U_chanel2 NewDesignator=R12_U_chanel1
Change Component Designator: OldDesignator=R13_U_chanel1 NewDesignator=R13_U_chanel6
Change Component Designator: OldDesignator=R13_U_chanel6 NewDesignator=R13_U_chanel5
Change Component Designator: OldDesignator=R13_U_chanel5 NewDesignator=R13_U_chanel4
Change Component Designator: OldDesignator=R13_U_chanel4 NewDesignator=R13_U_chanel3
Change Component Designator: OldDesignator=R13_U_chanel3 NewDesignator=R13_U_chanel2
Change Component Designator: OldDesignator=R13_U_chanel2 NewDesignator=R13_U_chanel1
Change Component Designator: OldDesignator=U1_U_chanel1 NewDesignator=U1_U_chanel6
Change Component Designator: OldDesignator=U1_U_chanel6 NewDesignator=U1_U_chanel5
Change Component Designator: OldDesignator=U1_U_chanel5 NewDesignator=U1_U_chanel4
Change Component Designator: OldDesignator=U1_U_chanel4 NewDesignator=U1_U_chanel3
Change Component Designator: OldDesignator=U1_U_chanel3 NewDesignator=U1_U_chanel2
Change Component Designator: OldDesignator=U1_U_chanel2 NewDesignator=U1_U_chanel1
Change Component Designator: OldDesignator=U2_U_chanel1 NewDesignator=U2_U_chanel6
Change Component Designator: OldDesignator=U2_U_chanel6 NewDesignator=U2_U_chanel5
Change Component Designator: OldDesignator=U2_U_chanel5 NewDesignator=U2_U_chanel4
Change Component Designator: OldDesignator=U2_U_chanel4 NewDesignator=U2_U_chanel3
Change Component Designator: OldDesignator=U2_U_chanel3 NewDesignator=U2_U_chanel2
Change Component Designator: OldDesignator=U2_U_chanel2 NewDesignator=U2_U_chanel1
