Removed Member From Class: ClassName=U_chanel4 Member=C1_U_chanel4
Removed Member From Class: ClassName=U_chanel5 Member=C1_U_chanel5
Removed Member From Class: ClassName=U_chanel6 Member=C1_U_chanel6
Removed Member From Class: ClassName=U_chanel4 Member=C2_U_chanel4
Removed Member From Class: ClassName=U_chanel5 Member=C2_U_chanel5
Removed Member From Class: ClassName=U_chanel6 Member=C2_U_chanel6
Removed Member From Class: ClassName=U_chanel5 Member=C5_U_chanel2
Removed Member From Class: ClassName=U_chanel3 Member=C5_U_chanel4
Removed Member From Class: ClassName=U_chanel1 Member=C5_U_chanel6
Removed Member From Class: ClassName=U_chanel6 Member=C7_U_chanel1
Removed Member From Class: ClassName=U_chanel4 Member=C7_U_chanel3
Removed Member From Class: ClassName=U_chanel2 Member=C7_U_chanel5
Removed Member From Class: ClassName=U_chanel4 Member=C8_U_chanel4
Removed Member From Class: ClassName=U_chanel5 Member=C8_U_chanel5
Removed Member From Class: ClassName=U_chanel6 Member=C8_U_chanel6
Removed Member From Class: ClassName=U_chanel5 Member=C11_U_chanel2
Removed Member From Class: ClassName=U_chanel3 Member=C11_U_chanel4
Removed Member From Class: ClassName=U_chanel1 Member=C11_U_chanel6
Removed Member From Class: ClassName=U_chanel6 Member=C12_U_chanel1
Removed Member From Class: ClassName=U_chanel5 Member=C12_U_chanel2
Removed Member From Class: ClassName=U_chanel4 Member=C12_U_chanel3
Removed Member From Class: ClassName=U_chanel4 Member=D1_U_chanel4
Removed Member From Class: ClassName=U_chanel5 Member=D1_U_chanel5
Removed Member From Class: ClassName=U_chanel6 Member=D1_U_chanel6
Removed Member From Class: ClassName=U_chanel4 Member=D2_U_chanel4
Removed Member From Class: ClassName=U_chanel5 Member=D2_U_chanel5
Removed Member From Class: ClassName=U_chanel6 Member=D2_U_chanel6
Removed Member From Class: ClassName=U_chanel4 Member=L1_U_chanel4
Removed Member From Class: ClassName=U_chanel5 Member=L1_U_chanel5
Removed Member From Class: ClassName=U_chanel6 Member=L1_U_chanel6
Removed Member From Class: ClassName=U_chanel6 Member=Q1_U_chanel1
Removed Member From Class: ClassName=U_chanel4 Member=Q1_U_chanel3
Removed Member From Class: ClassName=U_chanel2 Member=Q1_U_chanel5
Removed Member From Class: ClassName=U_chanel4 Member=R1_U_chanel4
Removed Member From Class: ClassName=U_chanel5 Member=R1_U_chanel5
Removed Member From Class: ClassName=U_chanel6 Member=R1_U_chanel6
Removed Member From Class: ClassName=U_chanel4 Member=R2_U_chanel4
Removed Member From Class: ClassName=U_chanel5 Member=R2_U_chanel5
Removed Member From Class: ClassName=U_chanel6 Member=R2_U_chanel6
Removed Member From Class: ClassName=U_chanel4 Member=R3_U_chanel4
Removed Member From Class: ClassName=U_chanel5 Member=R3_U_chanel5
Removed Member From Class: ClassName=U_chanel6 Member=R3_U_chanel6
Removed Member From Class: ClassName=U_chanel6 Member=R4_U_chanel1
Removed Member From Class: ClassName=U_chanel4 Member=R4_U_chanel3
Removed Member From Class: ClassName=U_chanel2 Member=R4_U_chanel5
Removed Member From Class: ClassName=U_chanel4 Member=R5_U_chanel4
Removed Member From Class: ClassName=U_chanel5 Member=R5_U_chanel5
Removed Member From Class: ClassName=U_chanel6 Member=R5_U_chanel6
Removed Member From Class: ClassName=U_chanel4 Member=R6_U_chanel4
Removed Member From Class: ClassName=U_chanel5 Member=R6_U_chanel5
Removed Member From Class: ClassName=U_chanel6 Member=R6_U_chanel6
Removed Member From Class: ClassName=U_chanel4 Member=R7_U_chanel4
Removed Member From Class: ClassName=U_chanel5 Member=R7_U_chanel5
Removed Member From Class: ClassName=U_chanel6 Member=R7_U_chanel6
Removed Member From Class: ClassName=U_chanel4 Member=R8_U_chanel4
Removed Member From Class: ClassName=U_chanel5 Member=R8_U_chanel5
Removed Member From Class: ClassName=U_chanel6 Member=R8_U_chanel6
Removed Member From Class: ClassName=U_chanel4 Member=R9_U_chanel4
Removed Member From Class: ClassName=U_chanel5 Member=R9_U_chanel5
Removed Member From Class: ClassName=U_chanel6 Member=R9_U_chanel6
Removed Member From Class: ClassName=U_chanel6 Member=R10_U_chanel1
Removed Member From Class: ClassName=U_chanel4 Member=R10_U_chanel3
Removed Member From Class: ClassName=U_chanel2 Member=R10_U_chanel5
Removed Member From Class: ClassName=U_chanel4 Member=R11_U_chanel4
Removed Member From Class: ClassName=U_chanel5 Member=R11_U_chanel5
Removed Member From Class: ClassName=U_chanel6 Member=R11_U_chanel6
Removed Member From Class: ClassName=U_chanel4 Member=R12_U_chanel4
Removed Member From Class: ClassName=U_chanel5 Member=R12_U_chanel5
Removed Member From Class: ClassName=U_chanel6 Member=R12_U_chanel6
Removed Member From Class: ClassName=U_chanel4 Member=R13_U_chanel4
Removed Member From Class: ClassName=U_chanel5 Member=R13_U_chanel5
Removed Member From Class: ClassName=U_chanel6 Member=R13_U_chanel6
Removed Member From Class: ClassName=U_chanel6 Member=R21_U_chanel1
Removed Member From Class: ClassName=U_chanel4 Member=R21_U_chanel3
Removed Member From Class: ClassName=U_chanel2 Member=R21_U_chanel5
Removed Member From Class: ClassName=U_chanel5 Member=R22_U_chanel2
Removed Member From Class: ClassName=U_chanel3 Member=R22_U_chanel4
Removed Member From Class: ClassName=U_chanel1 Member=R22_U_chanel6
Removed Member From Class: ClassName=U_chanel5 Member=R23_U_chanel2
Removed Member From Class: ClassName=U_chanel3 Member=R23_U_chanel4
Removed Member From Class: ClassName=U_chanel1 Member=R23_U_chanel6
Removed Member From Class: ClassName=U_chanel6 Member=R24_U_chanel1
Removed Member From Class: ClassName=U_chanel5 Member=R24_U_chanel2
Removed Member From Class: ClassName=U_chanel4 Member=R24_U_chanel3
Removed Member From Class: ClassName=U_chanel4 Member=U1_U_chanel4
Removed Member From Class: ClassName=U_chanel5 Member=U1_U_chanel5
Removed Member From Class: ClassName=U_chanel6 Member=U1_U_chanel6
Removed Member From Class: ClassName=U_chanel4 Member=U2_U_chanel4
Removed Member From Class: ClassName=U_chanel5 Member=U2_U_chanel5
Removed Member From Class: ClassName=U_chanel6 Member=U2_U_chanel6
Removed Member From Class: ClassName=U_chanel6 Member=VT1_U_chanel1
Removed Member From Class: ClassName=U_chanel4 Member=VT1_U_chanel3
Removed Member From Class: ClassName=U_chanel2 Member=VT1_U_chanel5
Change Component Designator: OldDesignator=C1_U_chanel1 NewDesignator=C1_U_chanel1_U_chanel6
Change Component Designator: OldDesignator=C1_U_chanel2 NewDesignator=C1_U_chanel1_U_chanel5
Change Component Designator: OldDesignator=C1_U_chanel3 NewDesignator=C1_U_chanel1_U_chanel4
Change Component Designator: OldDesignator=C1_U_chanel4 NewDesignator=C1_U_chanel1_U_chanel3
Change Component Designator: OldDesignator=C1_U_chanel5 NewDesignator=C1_U_chanel1_U_chanel2
Change Component Designator: OldDesignator=C1_U_chanel6 NewDesignator=C1_U_chanel1_U_chanel1
Change Component Designator: OldDesignator=C2_U_chanel1 NewDesignator=C2_U_chanel1_U_chanel6
Change Component Designator: OldDesignator=C2_U_chanel2 NewDesignator=C2_U_chanel1_U_chanel5
Change Component Designator: OldDesignator=C2_U_chanel3 NewDesignator=C2_U_chanel1_U_chanel4
Change Component Designator: OldDesignator=C2_U_chanel4 NewDesignator=C2_U_chanel1_U_chanel3
Change Component Designator: OldDesignator=C2_U_chanel5 NewDesignator=C2_U_chanel1_U_chanel2
Change Component Designator: OldDesignator=C2_U_chanel6 NewDesignator=C2_U_chanel1_U_chanel1
Change Component Designator: OldDesignator=C8_U_chanel1 NewDesignator=C8_U_chanel1_U_chanel6
Change Component Designator: OldDesignator=C8_U_chanel2 NewDesignator=C8_U_chanel1_U_chanel5
Change Component Designator: OldDesignator=C8_U_chanel3 NewDesignator=C8_U_chanel1_U_chanel4
Change Component Designator: OldDesignator=C8_U_chanel4 NewDesignator=C8_U_chanel1_U_chanel3
Change Component Designator: OldDesignator=C8_U_chanel5 NewDesignator=C8_U_chanel1_U_chanel2
Change Component Designator: OldDesignator=C8_U_chanel6 NewDesignator=C8_U_chanel1_U_chanel1
Change Component Designator: OldDesignator=D1_U_chanel1 NewDesignator=D1_U_chanel1_U_chanel6
Change Component Designator: OldDesignator=D1_U_chanel2 NewDesignator=D1_U_chanel1_U_chanel5
Change Component Designator: OldDesignator=D1_U_chanel3 NewDesignator=D1_U_chanel1_U_chanel4
Change Component Designator: OldDesignator=D1_U_chanel4 NewDesignator=D1_U_chanel1_U_chanel3
Change Component Designator: OldDesignator=D1_U_chanel5 NewDesignator=D1_U_chanel1_U_chanel2
Change Component Designator: OldDesignator=D1_U_chanel6 NewDesignator=D1_U_chanel1_U_chanel1
Change Component Designator: OldDesignator=D2_U_chanel1 NewDesignator=D2_U_chanel1_U_chanel6
Change Component Designator: OldDesignator=D2_U_chanel2 NewDesignator=D2_U_chanel1_U_chanel5
Change Component Designator: OldDesignator=D2_U_chanel3 NewDesignator=D2_U_chanel1_U_chanel4
Change Component Designator: OldDesignator=D2_U_chanel4 NewDesignator=D2_U_chanel1_U_chanel3
Change Component Designator: OldDesignator=D2_U_chanel5 NewDesignator=D2_U_chanel1_U_chanel2
Change Component Designator: OldDesignator=D2_U_chanel6 NewDesignator=D2_U_chanel1_U_chanel1
Change Component Designator: OldDesignator=L1_U_chanel1 NewDesignator=L1_U_chanel1_U_chanel6
Change Component Designator: OldDesignator=L1_U_chanel2 NewDesignator=L1_U_chanel1_U_chanel5
Change Component Designator: OldDesignator=L1_U_chanel3 NewDesignator=L1_U_chanel1_U_chanel4
Change Component Designator: OldDesignator=L1_U_chanel4 NewDesignator=L1_U_chanel1_U_chanel3
Change Component Designator: OldDesignator=L1_U_chanel5 NewDesignator=L1_U_chanel1_U_chanel2
Change Component Designator: OldDesignator=L1_U_chanel6 NewDesignator=L1_U_chanel1_U_chanel1
Change Component Designator: OldDesignator=R1_U_chanel1 NewDesignator=R1_U_chanel1_U_chanel6
Change Component Designator: OldDesignator=R1_U_chanel2 NewDesignator=R1_U_chanel1_U_chanel5
Change Component Designator: OldDesignator=R1_U_chanel3 NewDesignator=R1_U_chanel1_U_chanel4
Change Component Designator: OldDesignator=R1_U_chanel4 NewDesignator=R1_U_chanel1_U_chanel3
Change Component Designator: OldDesignator=R1_U_chanel5 NewDesignator=R1_U_chanel1_U_chanel2
Change Component Designator: OldDesignator=R1_U_chanel6 NewDesignator=R1_U_chanel1_U_chanel1
Change Component Designator: OldDesignator=R2_U_chanel1 NewDesignator=R2_U_chanel1_U_chanel6
Change Component Designator: OldDesignator=R2_U_chanel2 NewDesignator=R2_U_chanel1_U_chanel5
Change Component Designator: OldDesignator=R2_U_chanel3 NewDesignator=R2_U_chanel1_U_chanel4
Change Component Designator: OldDesignator=R2_U_chanel4 NewDesignator=R2_U_chanel1_U_chanel3
Change Component Designator: OldDesignator=R2_U_chanel5 NewDesignator=R2_U_chanel1_U_chanel2
Change Component Designator: OldDesignator=R2_U_chanel6 NewDesignator=R2_U_chanel1_U_chanel1
Change Component Designator: OldDesignator=R3_U_chanel1 NewDesignator=R3_U_chanel1_U_chanel6
Change Component Designator: OldDesignator=R3_U_chanel2 NewDesignator=R3_U_chanel1_U_chanel5
Change Component Designator: OldDesignator=R3_U_chanel3 NewDesignator=R3_U_chanel1_U_chanel4
Change Component Designator: OldDesignator=R3_U_chanel4 NewDesignator=R3_U_chanel1_U_chanel3
Change Component Designator: OldDesignator=R3_U_chanel5 NewDesignator=R3_U_chanel1_U_chanel2
Change Component Designator: OldDesignator=R3_U_chanel6 NewDesignator=R3_U_chanel1_U_chanel1
Change Component Designator: OldDesignator=R5_U_chanel1 NewDesignator=R5_U_chanel1_U_chanel6
Change Component Designator: OldDesignator=R5_U_chanel2 NewDesignator=R5_U_chanel1_U_chanel5
Change Component Designator: OldDesignator=R5_U_chanel3 NewDesignator=R5_U_chanel1_U_chanel4
Change Component Designator: OldDesignator=R5_U_chanel4 NewDesignator=R5_U_chanel1_U_chanel3
Change Component Designator: OldDesignator=R5_U_chanel5 NewDesignator=R5_U_chanel1_U_chanel2
Change Component Designator: OldDesignator=R5_U_chanel6 NewDesignator=R5_U_chanel1_U_chanel1
Change Component Designator: OldDesignator=R6_U_chanel1 NewDesignator=R6_U_chanel1_U_chanel6
Change Component Designator: OldDesignator=R6_U_chanel2 NewDesignator=R6_U_chanel1_U_chanel5
Change Component Designator: OldDesignator=R6_U_chanel3 NewDesignator=R6_U_chanel1_U_chanel4
Change Component Designator: OldDesignator=R6_U_chanel4 NewDesignator=R6_U_chanel1_U_chanel3
Change Component Designator: OldDesignator=R6_U_chanel5 NewDesignator=R6_U_chanel1_U_chanel2
Change Component Designator: OldDesignator=R6_U_chanel6 NewDesignator=R6_U_chanel1_U_chanel1
Change Component Designator: OldDesignator=R7_U_chanel1 NewDesignator=R7_U_chanel1_U_chanel6
Change Component Designator: OldDesignator=R7_U_chanel2 NewDesignator=R7_U_chanel1_U_chanel5
Change Component Designator: OldDesignator=R7_U_chanel3 NewDesignator=R7_U_chanel1_U_chanel4
Change Component Designator: OldDesignator=R7_U_chanel4 NewDesignator=R7_U_chanel1_U_chanel3
Change Component Designator: OldDesignator=R7_U_chanel5 NewDesignator=R7_U_chanel1_U_chanel2
Change Component Designator: OldDesignator=R7_U_chanel6 NewDesignator=R7_U_chanel1_U_chanel1
Change Component Designator: OldDesignator=R8_U_chanel1 NewDesignator=R8_U_chanel1_U_chanel6
Change Component Designator: OldDesignator=R8_U_chanel2 NewDesignator=R8_U_chanel1_U_chanel5
Change Component Designator: OldDesignator=R8_U_chanel3 NewDesignator=R8_U_chanel1_U_chanel4
Change Component Designator: OldDesignator=R8_U_chanel4 NewDesignator=R8_U_chanel1_U_chanel3
Change Component Designator: OldDesignator=R8_U_chanel5 NewDesignator=R8_U_chanel1_U_chanel2
Change Component Designator: OldDesignator=R8_U_chanel6 NewDesignator=R8_U_chanel1_U_chanel1
Change Component Designator: OldDesignator=R9_U_chanel1 NewDesignator=R9_U_chanel1_U_chanel6
Change Component Designator: OldDesignator=R9_U_chanel2 NewDesignator=R9_U_chanel1_U_chanel5
Change Component Designator: OldDesignator=R9_U_chanel3 NewDesignator=R9_U_chanel1_U_chanel4
Change Component Designator: OldDesignator=R9_U_chanel4 NewDesignator=R9_U_chanel1_U_chanel3
Change Component Designator: OldDesignator=R9_U_chanel5 NewDesignator=R9_U_chanel1_U_chanel2
Change Component Designator: OldDesignator=R9_U_chanel6 NewDesignator=R9_U_chanel1_U_chanel1
Change Component Designator: OldDesignator=R11_U_chanel1 NewDesignator=R11_U_chanel1_U_chanel6
Change Component Designator: OldDesignator=R11_U_chanel2 NewDesignator=R11_U_chanel1_U_chanel5
Change Component Designator: OldDesignator=R11_U_chanel3 NewDesignator=R11_U_chanel1_U_chanel4
Change Component Designator: OldDesignator=R11_U_chanel4 NewDesignator=R11_U_chanel1_U_chanel3
Change Component Designator: OldDesignator=R11_U_chanel5 NewDesignator=R11_U_chanel1_U_chanel2
Change Component Designator: OldDesignator=R11_U_chanel6 NewDesignator=R11_U_chanel1_U_chanel1
Change Component Designator: OldDesignator=R12_U_chanel1 NewDesignator=R12_U_chanel1_U_chanel6
Change Component Designator: OldDesignator=R12_U_chanel2 NewDesignator=R12_U_chanel1_U_chanel5
Change Component Designator: OldDesignator=R12_U_chanel3 NewDesignator=R12_U_chanel1_U_chanel4
Change Component Designator: OldDesignator=R12_U_chanel4 NewDesignator=R12_U_chanel1_U_chanel3
Change Component Designator: OldDesignator=R12_U_chanel5 NewDesignator=R12_U_chanel1_U_chanel2
Change Component Designator: OldDesignator=R12_U_chanel6 NewDesignator=R12_U_chanel1_U_chanel1
Change Component Designator: OldDesignator=R13_U_chanel1 NewDesignator=R13_U_chanel1_U_chanel6
Change Component Designator: OldDesignator=R13_U_chanel2 NewDesignator=R13_U_chanel1_U_chanel5
Change Component Designator: OldDesignator=R13_U_chanel3 NewDesignator=R13_U_chanel1_U_chanel4
Change Component Designator: OldDesignator=R13_U_chanel4 NewDesignator=R13_U_chanel1_U_chanel3
Change Component Designator: OldDesignator=R13_U_chanel5 NewDesignator=R13_U_chanel1_U_chanel2
Change Component Designator: OldDesignator=R13_U_chanel6 NewDesignator=R13_U_chanel1_U_chanel1
Change Component Designator: OldDesignator=U1_U_chanel1 NewDesignator=U1_U_chanel1_U_chanel6
Change Component Designator: OldDesignator=U1_U_chanel2 NewDesignator=U1_U_chanel1_U_chanel5
Change Component Designator: OldDesignator=U1_U_chanel3 NewDesignator=U1_U_chanel1_U_chanel4
Change Component Designator: OldDesignator=U1_U_chanel4 NewDesignator=U1_U_chanel1_U_chanel3
Change Component Designator: OldDesignator=U1_U_chanel5 NewDesignator=U1_U_chanel1_U_chanel2
Change Component Designator: OldDesignator=U1_U_chanel6 NewDesignator=U1_U_chanel1_U_chanel1
Change Component Designator: OldDesignator=U2_U_chanel1 NewDesignator=U2_U_chanel1_U_chanel6
Change Component Designator: OldDesignator=U2_U_chanel2 NewDesignator=U2_U_chanel1_U_chanel5
Change Component Designator: OldDesignator=U2_U_chanel3 NewDesignator=U2_U_chanel1_U_chanel4
Change Component Designator: OldDesignator=U2_U_chanel4 NewDesignator=U2_U_chanel1_U_chanel3
Change Component Designator: OldDesignator=U2_U_chanel5 NewDesignator=U2_U_chanel1_U_chanel2
Change Component Designator: OldDesignator=U2_U_chanel6 NewDesignator=U2_U_chanel1_U_chanel1
Change component parameters: Designator = "H1" ("H1"); Footprint = "Hole 3.5"; UniqueID = "\EYIZALBG" ("\EYIZALBG")
Change component parameters (AddParameter): Name = ""; Value = "H*"; VariantName = "[No Variations]"
Change component parameters (AddParameter): Name = "Comments"; Value = ""; VariantName = "[No Variations]"
Change component parameters (AddParameter): Name = "CompType"; Value = "Hole"; VariantName = "[No Variations]"
Change component parameters (AddParameter): Name = "Note"; Value = ""; VariantName = "[No Variations]"
Change component parameters (AddParameter): Name = "Package"; Value = "Hole"; VariantName = "[No Variations]"
Change component parameters (AddParameter): Name = "PartNumber"; Value = ""; VariantName = "[No Variations]"
Change component parameters (AddParameter): Name = "Pins"; Value = "1"; VariantName = "[No Variations]"
Change component parameters (AddParameter): Name = "SnapEDA_Link"; Value = ""; VariantName = "[No Variations]"
Change component parameters (AddParameter): Name = "Tolerance_Percent"; Value = ""; VariantName = "[No Variations]"
Change component parameters (AddParameter): Name = "Value"; Value = ""; VariantName = "[No Variations]"
Change component parameters (AddParameter): Name = "Voltage"; Value = ""; VariantName = "[No Variations]"
Change component parameters: Designator = "H2" ("H2"); Footprint = "Hole 3.5"; UniqueID = "\DUSKPDNJ" ("\DUSKPDNJ")
Change component parameters (AddParameter): Name = ""; Value = "H*"; VariantName = "[No Variations]"
Change component parameters (AddParameter): Name = "Comments"; Value = ""; VariantName = "[No Variations]"
Change component parameters (AddParameter): Name = "CompType"; Value = "Hole"; VariantName = "[No Variations]"
Change component parameters (AddParameter): Name = "Note"; Value = ""; VariantName = "[No Variations]"
Change component parameters (AddParameter): Name = "Package"; Value = "Hole"; VariantName = "[No Variations]"
Change component parameters (AddParameter): Name = "PartNumber"; Value = ""; VariantName = "[No Variations]"
Change component parameters (AddParameter): Name = "Pins"; Value = "1"; VariantName = "[No Variations]"
Change component parameters (AddParameter): Name = "SnapEDA_Link"; Value = ""; VariantName = "[No Variations]"
Change component parameters (AddParameter): Name = "Tolerance_Percent"; Value = ""; VariantName = "[No Variations]"
Change component parameters (AddParameter): Name = "Value"; Value = ""; VariantName = "[No Variations]"
Change component parameters (AddParameter): Name = "Voltage"; Value = ""; VariantName = "[No Variations]"
Change component parameters: Designator = "H3" ("H3"); Footprint = "Hole 3.5"; UniqueID = "\KTXTCHRU" ("\KTXTCHRU")
Change component parameters (AddParameter): Name = ""; Value = "H*"; VariantName = "[No Variations]"
Change component parameters (AddParameter): Name = "Comments"; Value = ""; VariantName = "[No Variations]"
Change component parameters (AddParameter): Name = "CompType"; Value = "Hole"; VariantName = "[No Variations]"
Change component parameters (AddParameter): Name = "Note"; Value = ""; VariantName = "[No Variations]"
Change component parameters (AddParameter): Name = "Package"; Value = "Hole"; VariantName = "[No Variations]"
Change component parameters (AddParameter): Name = "PartNumber"; Value = ""; VariantName = "[No Variations]"
Change component parameters (AddParameter): Name = "Pins"; Value = "1"; VariantName = "[No Variations]"
Change component parameters (AddParameter): Name = "SnapEDA_Link"; Value = ""; VariantName = "[No Variations]"
Change component parameters (AddParameter): Name = "Tolerance_Percent"; Value = ""; VariantName = "[No Variations]"
Change component parameters (AddParameter): Name = "Value"; Value = ""; VariantName = "[No Variations]"
Change component parameters (AddParameter): Name = "Voltage"; Value = ""; VariantName = "[No Variations]"
Change component parameters: Designator = "H4" ("H4"); Footprint = "Hole 3.5"; UniqueID = "\NGBHQCQY" ("\NGBHQCQY")
Change component parameters (AddParameter): Name = ""; Value = "H*"; VariantName = "[No Variations]"
Change component parameters (AddParameter): Name = "Comments"; Value = ""; VariantName = "[No Variations]"
Change component parameters (AddParameter): Name = "CompType"; Value = "Hole"; VariantName = "[No Variations]"
Change component parameters (AddParameter): Name = "Note"; Value = ""; VariantName = "[No Variations]"
Change component parameters (AddParameter): Name = "Package"; Value = "Hole"; VariantName = "[No Variations]"
Change component parameters (AddParameter): Name = "PartNumber"; Value = ""; VariantName = "[No Variations]"
Change component parameters (AddParameter): Name = "Pins"; Value = "1"; VariantName = "[No Variations]"
Change component parameters (AddParameter): Name = "SnapEDA_Link"; Value = ""; VariantName = "[No Variations]"
Change component parameters (AddParameter): Name = "Tolerance_Percent"; Value = ""; VariantName = "[No Variations]"
Change component parameters (AddParameter): Name = "Value"; Value = ""; VariantName = "[No Variations]"
Change component parameters (AddParameter): Name = "Voltage"; Value = ""; VariantName = "[No Variations]"
Change Net Name : Old Net Name=NetC1_U_chanel1_1 New Net Name=NetC1_U_chanel1_U_chanel1_1
Change Net Name : Old Net Name=NetC1_U_chanel1_2 New Net Name=NetC1_U_chanel1_U_chanel1_2
Change Net Name : Old Net Name=NetC1_U_chanel2_1 New Net Name=NetC1_U_chanel1_U_chanel2_1
Change Net Name : Old Net Name=NetC1_U_chanel2_2 New Net Name=NetC1_U_chanel1_U_chanel2_2
Change Net Name : Old Net Name=NetC1_U_chanel3_1 New Net Name=NetC1_U_chanel1_U_chanel3_1
Change Net Name : Old Net Name=NetC1_U_chanel3_2 New Net Name=NetC1_U_chanel1_U_chanel3_2
Change Net Name : Old Net Name=NetC1_U_chanel4_1 New Net Name=NetC1_U_chanel1_U_chanel4_1
Change Net Name : Old Net Name=NetC1_U_chanel4_2 New Net Name=NetC1_U_chanel1_U_chanel4_2
Change Net Name : Old Net Name=NetC1_U_chanel5_1 New Net Name=NetC1_U_chanel1_U_chanel5_1
Change Net Name : Old Net Name=NetC1_U_chanel5_2 New Net Name=NetC1_U_chanel1_U_chanel5_2
Change Net Name : Old Net Name=NetC1_U_chanel6_1 New Net Name=NetC1_U_chanel1_U_chanel6_1
Change Net Name : Old Net Name=NetC1_U_chanel6_2 New Net Name=NetC1_U_chanel1_U_chanel6_2
Change Net Name : Old Net Name=NetC2_U_chanel1_1 New Net Name=NetC2_U_chanel1_U_chanel1_1
Change Net Name : Old Net Name=NetC2_U_chanel2_1 New Net Name=NetC2_U_chanel1_U_chanel2_1
Change Net Name : Old Net Name=NetC2_U_chanel3_1 New Net Name=NetC2_U_chanel1_U_chanel3_1
Change Net Name : Old Net Name=NetC2_U_chanel4_1 New Net Name=NetC2_U_chanel1_U_chanel4_1
Change Net Name : Old Net Name=NetC2_U_chanel5_1 New Net Name=NetC2_U_chanel1_U_chanel5_1
Change Net Name : Old Net Name=NetC2_U_chanel6_1 New Net Name=NetC2_U_chanel1_U_chanel6_1
Change Net Name : Old Net Name=NetC8_U_chanel1_1 New Net Name=NetC8_U_chanel1_U_chanel1_1
Change Net Name : Old Net Name=NetC8_U_chanel2_1 New Net Name=NetC8_U_chanel1_U_chanel2_1
Change Net Name : Old Net Name=NetC8_U_chanel3_1 New Net Name=NetC8_U_chanel1_U_chanel3_1
Change Net Name : Old Net Name=NetC8_U_chanel4_1 New Net Name=NetC8_U_chanel1_U_chanel4_1
Change Net Name : Old Net Name=NetC8_U_chanel5_1 New Net Name=NetC8_U_chanel1_U_chanel5_1
Change Net Name : Old Net Name=NetC8_U_chanel6_1 New Net Name=NetC8_U_chanel1_U_chanel6_1
Change Net Name : Old Net Name=NetR1_U_chanel1_2 New Net Name=NetR1_U_chanel1_U_chanel1_2
Change Net Name : Old Net Name=NetR1_U_chanel2_2 New Net Name=NetR1_U_chanel1_U_chanel2_2
Change Net Name : Old Net Name=NetR1_U_chanel3_2 New Net Name=NetR1_U_chanel1_U_chanel3_2
Change Net Name : Old Net Name=NetR1_U_chanel4_2 New Net Name=NetR1_U_chanel1_U_chanel4_2
Change Net Name : Old Net Name=NetR1_U_chanel5_2 New Net Name=NetR1_U_chanel1_U_chanel5_2
Change Net Name : Old Net Name=NetR1_U_chanel6_2 New Net Name=NetR1_U_chanel1_U_chanel6_2
Change Net Name : Old Net Name=NetR3_U_chanel1_2 New Net Name=NetR3_U_chanel1_U_chanel1_2
Change Net Name : Old Net Name=NetR3_U_chanel2_2 New Net Name=NetR3_U_chanel1_U_chanel2_2
Change Net Name : Old Net Name=NetR3_U_chanel3_2 New Net Name=NetR3_U_chanel1_U_chanel3_2
Change Net Name : Old Net Name=NetR3_U_chanel4_2 New Net Name=NetR3_U_chanel1_U_chanel4_2
Change Net Name : Old Net Name=NetR3_U_chanel5_2 New Net Name=NetR3_U_chanel1_U_chanel5_2
Change Net Name : Old Net Name=NetR3_U_chanel6_2 New Net Name=NetR3_U_chanel1_U_chanel6_2
Change Net Name : Old Net Name=NetR11_U_chanel1_2 New Net Name=NetR11_U_chanel1_U_chanel1_2
Change Net Name : Old Net Name=NetR11_U_chanel2_2 New Net Name=NetR11_U_chanel1_U_chanel2_2
Change Net Name : Old Net Name=NetR11_U_chanel3_2 New Net Name=NetR11_U_chanel1_U_chanel3_2
Change Net Name : Old Net Name=NetR11_U_chanel4_2 New Net Name=NetR11_U_chanel1_U_chanel4_2
Change Net Name : Old Net Name=NetR11_U_chanel5_2 New Net Name=NetR11_U_chanel1_U_chanel5_2
Change Net Name : Old Net Name=NetR11_U_chanel6_2 New Net Name=NetR11_U_chanel1_U_chanel6_2
Change Net Name : Old Net Name=NetR12_U_chanel1_2 New Net Name=NetR12_U_chanel1_U_chanel1_2
Change Net Name : Old Net Name=NetR12_U_chanel2_2 New Net Name=NetR12_U_chanel1_U_chanel2_2
Change Net Name : Old Net Name=NetR12_U_chanel3_2 New Net Name=NetR12_U_chanel1_U_chanel3_2
Change Net Name : Old Net Name=NetR12_U_chanel4_2 New Net Name=NetR12_U_chanel1_U_chanel4_2
Change Net Name : Old Net Name=NetR12_U_chanel5_2 New Net Name=NetR12_U_chanel1_U_chanel5_2
Change Net Name : Old Net Name=NetR12_U_chanel6_2 New Net Name=NetR12_U_chanel1_U_chanel6_2
Added Member To Class: ClassName=U_chanel4 Member=Component C1_U_chanel1_U_chanel4 (C1_U_chanel1) 0.1 uF
Added Member To Class: ClassName=U_chanel5 Member=Component C1_U_chanel1_U_chanel5 (C1_U_chanel1) 0.1 uF
Added Member To Class: ClassName=U_chanel6 Member=Component C1_U_chanel1_U_chanel6 (C1_U_chanel1) 0.1 uF
Added Member To Class: ClassName=U_chanel4 Member=Component C2_U_chanel1_U_chanel4 (C2_U_chanel1) 1 uF
Added Member To Class: ClassName=U_chanel5 Member=Component C2_U_chanel1_U_chanel5 (C2_U_chanel1) 1 uF
Added Member To Class: ClassName=U_chanel6 Member=Component C2_U_chanel1_U_chanel6 (C2_U_chanel1) 1 uF
Added Member To Class: ClassName=U_chanel1 Member=Component C5_U_chanel1 (C5) Cap C
Added Member To Class: ClassName=U_chanel3 Member=Component C5_U_chanel3 (C5) Cap C
Added Member To Class: ClassName=U_chanel5 Member=Component C5_U_chanel5 (C5) Cap C
Added Member To Class: ClassName=U_chanel2 Member=Component C7_U_chanel2 (C7) Cap C
Added Member To Class: ClassName=U_chanel4 Member=Component C7_U_chanel4 (C7) Cap C
Added Member To Class: ClassName=U_chanel6 Member=Component C7_U_chanel6 (C7) Cap C
Added Member To Class: ClassName=U_chanel4 Member=Component C8_U_chanel1_U_chanel4 (C8_U_chanel1) 0.1 uF
Added Member To Class: ClassName=U_chanel5 Member=Component C8_U_chanel1_U_chanel5 (C8_U_chanel1) 0.1 uF
Added Member To Class: ClassName=U_chanel6 Member=Component C8_U_chanel1_U_chanel6 (C8_U_chanel1) 0.1 uF
Added Member To Class: ClassName=U_chanel1 Member=Component C11_U_chanel1 (C11) Cap C
Added Member To Class: ClassName=U_chanel3 Member=Component C11_U_chanel3 (C11) Cap C
Added Member To Class: ClassName=U_chanel5 Member=Component C11_U_chanel5 (C11) Cap C
Added Member To Class: ClassName=U_chanel4 Member=Component C12_U_chanel4 (C12) Cap C
Added Member To Class: ClassName=U_chanel5 Member=Component C12_U_chanel5 (C12) Cap C
Added Member To Class: ClassName=U_chanel6 Member=Component C12_U_chanel6 (C12) Cap C
Added Member To Class: ClassName=U_chanel4 Member=Component D1_U_chanel1_U_chanel4 (D1_U_chanel1) B340A-13
Added Member To Class: ClassName=U_chanel5 Member=Component D1_U_chanel1_U_chanel5 (D1_U_chanel1) B340A-13
Added Member To Class: ClassName=U_chanel6 Member=Component D1_U_chanel1_U_chanel6 (D1_U_chanel1) B340A-13
Added Member To Class: ClassName=U_chanel4 Member=Component D2_U_chanel1_U_chanel4 (D2_U_chanel1) B340A-13
Added Member To Class: ClassName=U_chanel5 Member=Component D2_U_chanel1_U_chanel5 (D2_U_chanel1) B340A-13
Added Member To Class: ClassName=U_chanel6 Member=Component D2_U_chanel1_U_chanel6 (D2_U_chanel1) B340A-13
Added Member To Class: ClassName=U_chanel4 Member=Component L1_U_chanel1_U_chanel4 (L1_U_chanel1) B82464G4223M000
Added Member To Class: ClassName=U_chanel5 Member=Component L1_U_chanel1_U_chanel5 (L1_U_chanel1) B82464G4223M000
Added Member To Class: ClassName=U_chanel6 Member=Component L1_U_chanel1_U_chanel6 (L1_U_chanel1) B82464G4223M000
Added Member To Class: ClassName=U_chanel2 Member=Component Q1_U_chanel2 (Q1) 2N7002
Added Member To Class: ClassName=U_chanel4 Member=Component Q1_U_chanel4 (Q1) 2N7002
Added Member To Class: ClassName=U_chanel6 Member=Component Q1_U_chanel6 (Q1) 2N7002
Added Member To Class: ClassName=U_chanel4 Member=Component R1_U_chanel1_U_chanel4 (R1_U_chanel1) 1K
Added Member To Class: ClassName=U_chanel5 Member=Component R1_U_chanel1_U_chanel5 (R1_U_chanel1) 1K
Added Member To Class: ClassName=U_chanel6 Member=Component R1_U_chanel1_U_chanel6 (R1_U_chanel1) 1K
Added Member To Class: ClassName=U_chanel4 Member=Component R2_U_chanel1_U_chanel4 (R2_U_chanel1) 100K
Added Member To Class: ClassName=U_chanel5 Member=Component R2_U_chanel1_U_chanel5 (R2_U_chanel1) 100K
Added Member To Class: ClassName=U_chanel6 Member=Component R2_U_chanel1_U_chanel6 (R2_U_chanel1) 100K
Added Member To Class: ClassName=U_chanel4 Member=Component R3_U_chanel1_U_chanel4 (R3_U_chanel1) 1K
Added Member To Class: ClassName=U_chanel5 Member=Component R3_U_chanel1_U_chanel5 (R3_U_chanel1) 1K
Added Member To Class: ClassName=U_chanel6 Member=Component R3_U_chanel1_U_chanel6 (R3_U_chanel1) 1K
Added Member To Class: ClassName=U_chanel2 Member=Component R4_U_chanel2 (R4) 100
Added Member To Class: ClassName=U_chanel4 Member=Component R4_U_chanel4 (R4) 100
Added Member To Class: ClassName=U_chanel6 Member=Component R4_U_chanel6 (R4) 100
Added Member To Class: ClassName=U_chanel4 Member=Component R5_U_chanel1_U_chanel4 (R5_U_chanel1) 1
Added Member To Class: ClassName=U_chanel5 Member=Component R5_U_chanel1_U_chanel5 (R5_U_chanel1) 1
Added Member To Class: ClassName=U_chanel6 Member=Component R5_U_chanel1_U_chanel6 (R5_U_chanel1) 1
Added Member To Class: ClassName=U_chanel4 Member=Component R6_U_chanel1_U_chanel4 (R6_U_chanel1) 1
Added Member To Class: ClassName=U_chanel5 Member=Component R6_U_chanel1_U_chanel5 (R6_U_chanel1) 1
Added Member To Class: ClassName=U_chanel6 Member=Component R6_U_chanel1_U_chanel6 (R6_U_chanel1) 1
Added Member To Class: ClassName=U_chanel4 Member=Component R7_U_chanel1_U_chanel4 (R7_U_chanel1) 1
Added Member To Class: ClassName=U_chanel5 Member=Component R7_U_chanel1_U_chanel5 (R7_U_chanel1) 1
Added Member To Class: ClassName=U_chanel6 Member=Component R7_U_chanel1_U_chanel6 (R7_U_chanel1) 1
Added Member To Class: ClassName=U_chanel4 Member=Component R8_U_chanel1_U_chanel4 (R8_U_chanel1) 1
Added Member To Class: ClassName=U_chanel5 Member=Component R8_U_chanel1_U_chanel5 (R8_U_chanel1) 1
Added Member To Class: ClassName=U_chanel6 Member=Component R8_U_chanel1_U_chanel6 (R8_U_chanel1) 1
Added Member To Class: ClassName=U_chanel4 Member=Component R9_U_chanel1_U_chanel4 (R9_U_chanel1) 1
Added Member To Class: ClassName=U_chanel5 Member=Component R9_U_chanel1_U_chanel5 (R9_U_chanel1) 1
Added Member To Class: ClassName=U_chanel6 Member=Component R9_U_chanel1_U_chanel6 (R9_U_chanel1) 1
Added Member To Class: ClassName=U_chanel2 Member=Component R10_U_chanel2 (R10) 100K
Added Member To Class: ClassName=U_chanel4 Member=Component R10_U_chanel4 (R10) 100K
Added Member To Class: ClassName=U_chanel6 Member=Component R10_U_chanel6 (R10) 100K
Added Member To Class: ClassName=U_chanel4 Member=Component R11_U_chanel1_U_chanel4 (R11_U_chanel1) 1K
Added Member To Class: ClassName=U_chanel5 Member=Component R11_U_chanel1_U_chanel5 (R11_U_chanel1) 1K
Added Member To Class: ClassName=U_chanel6 Member=Component R11_U_chanel1_U_chanel6 (R11_U_chanel1) 1K
Added Member To Class: ClassName=U_chanel4 Member=Component R12_U_chanel1_U_chanel4 (R12_U_chanel1) 1K
Added Member To Class: ClassName=U_chanel5 Member=Component R12_U_chanel1_U_chanel5 (R12_U_chanel1) 1K
Added Member To Class: ClassName=U_chanel6 Member=Component R12_U_chanel1_U_chanel6 (R12_U_chanel1) 1K
Added Member To Class: ClassName=U_chanel4 Member=Component R13_U_chanel1_U_chanel4 (R13_U_chanel1) 10K
Added Member To Class: ClassName=U_chanel5 Member=Component R13_U_chanel1_U_chanel5 (R13_U_chanel1) 10K
Added Member To Class: ClassName=U_chanel6 Member=Component R13_U_chanel1_U_chanel6 (R13_U_chanel1) 10K
Added Member To Class: ClassName=U_chanel2 Member=Component R21_U_chanel2 (R21) NC
Added Member To Class: ClassName=U_chanel4 Member=Component R21_U_chanel4 (R21) NC
Added Member To Class: ClassName=U_chanel6 Member=Component R21_U_chanel6 (R21) NC
Added Member To Class: ClassName=U_chanel1 Member=Component R22_U_chanel1 (R22) 100
Added Member To Class: ClassName=U_chanel3 Member=Component R22_U_chanel3 (R22) 100
Added Member To Class: ClassName=U_chanel5 Member=Component R22_U_chanel5 (R22) 100
Added Member To Class: ClassName=U_chanel1 Member=Component R23_U_chanel1 (R23) 1K
Added Member To Class: ClassName=U_chanel3 Member=Component R23_U_chanel3 (R23) 1K
Added Member To Class: ClassName=U_chanel5 Member=Component R23_U_chanel5 (R23) 1K
Added Member To Class: ClassName=U_chanel4 Member=Component R24_U_chanel4 (R24) 10K
Added Member To Class: ClassName=U_chanel5 Member=Component R24_U_chanel5 (R24) 10K
Added Member To Class: ClassName=U_chanel6 Member=Component R24_U_chanel6 (R24) 10K
Added Member To Class: ClassName=U_chanel4 Member=Component U1_U_chanel1_U_chanel4 (U1_U_chanel1) LM3406MH
Added Member To Class: ClassName=U_chanel5 Member=Component U1_U_chanel1_U_chanel5 (U1_U_chanel1) LM3406MH
Added Member To Class: ClassName=U_chanel6 Member=Component U1_U_chanel1_U_chanel6 (U1_U_chanel1) LM3406MH
Added Member To Class: ClassName=U_chanel4 Member=Component U2_U_chanel1_U_chanel4 (U2_U_chanel1) LMC7101BIM5
Added Member To Class: ClassName=U_chanel5 Member=Component U2_U_chanel1_U_chanel5 (U2_U_chanel1) LMC7101BIM5
Added Member To Class: ClassName=U_chanel6 Member=Component U2_U_chanel1_U_chanel6 (U2_U_chanel1) LMC7101BIM5
Added Member To Class: ClassName=U_chanel2 Member=Component VT1_U_chanel2 (VT1) NPN BEC
Added Member To Class: ClassName=U_chanel4 Member=Component VT1_U_chanel4 (VT1) NPN BEC
Added Member To Class: ClassName=U_chanel6 Member=Component VT1_U_chanel6 (VT1) NPN BEC
