Removed Pin From Net: NetName=+24v Pin=C3_U_chanel6-1
Removed Pin From Net: NetName=+24v Pin=C4_U_chanel6-1
Removed Pin From Net: NetName=+24v Pin=C5_U_chanel6-2
Removed Pin From Net: NetName=+24v Pin=C7_U_chanel6-2
Removed Pin From Net: NetName=+24v Pin=D1_U_chanel6-C
Removed Pin From Net: NetName=+24v Pin=DG1-1
Removed Pin From Net: NetName=+24v Pin=DG1-2
Removed Pin From Net: NetName=GND Pin=DG1-3
Removed Pin From Net: NetName=GND Pin=DG1-4
Removed Pin From Net: NetName=NetC6_U_chanel6_2 Pin=DG2-1
Removed Pin From Net: NetName=NetC6_U_chanel6_1 Pin=DG2-2
Removed Pin From Net: NetName=NetC6_U_chanel5_2 Pin=DG2-3
Removed Pin From Net: NetName=NetC6_U_chanel5_1 Pin=DG2-4
Removed Pin From Net: NetName=NetC6_U_chanel4_2 Pin=DG3-1
Removed Pin From Net: NetName=NetC6_U_chanel4_1 Pin=DG3-2
Removed Pin From Net: NetName=NetC6_U_chanel3_2 Pin=DG3-3
Removed Pin From Net: NetName=NetC6_U_chanel3_1 Pin=DG3-4
Removed Pin From Net: NetName=NetC6_U_chanel2_2 Pin=DG4-1
Removed Pin From Net: NetName=NetC6_U_chanel2_1 Pin=DG4-2
Removed Pin From Net: NetName=NetC6_U_chanel1_2 Pin=DG4-3
Removed Pin From Net: NetName=NetC6_U_chanel1_1 Pin=DG4-4
Removed Pin From Net: NetName=+24v Pin=R2_U_chanel6-2
Removed Pin From Net: NetName=+24v Pin=R4_U_chanel2-2
Removed Pin From Net: NetName=+24v Pin=U1_U_chanel6-12
Removed Pin From Net: NetName=+24v Pin=U1_U_chanel6-13
Removed Pin From Net: NetName=+24v Pin=U1_U_chanel6-14
Removed Member From Class: ClassName=DriverPCB Member=DG1
Removed Member From Class: ClassName=DriverPCB Member=DG2
Removed Member From Class: ClassName=DriverPCB Member=DG3
Removed Member From Class: ClassName=DriverPCB Member=DG4
Change Component Comment : Designator=C1_U_chanel1 Old Comment= 0.1 uF New Comment=0.1 uF
Change Component Comment : Designator=C1_U_chanel2 Old Comment= 0.1 uF New Comment=0.1 uF
Change Component Comment : Designator=C1_U_chanel3 Old Comment= 0.1 uF New Comment=0.1 uF
Change Component Comment : Designator=C1_U_chanel4 Old Comment= 0.1 uF New Comment=0.1 uF
Change Component Comment : Designator=C1_U_chanel5 Old Comment= 0.1 uF New Comment=0.1 uF
Change Component Comment : Designator=C1_U_chanel6 Old Comment= 0.1 uF New Comment=0.1 uF
Change Component Comment : Designator=C3_U_chanel1 Old Comment= 0.1 uF New Comment=0.1 uF
Change Component Comment : Designator=C3_U_chanel2 Old Comment= 0.1 uF New Comment=0.1 uF
Change Component Comment : Designator=C3_U_chanel3 Old Comment= 0.1 uF New Comment=0.1 uF
Change Component Comment : Designator=C3_U_chanel4 Old Comment= 0.1 uF New Comment=0.1 uF
Change Component Comment : Designator=C3_U_chanel5 Old Comment= 0.1 uF New Comment=0.1 uF
Change Component Comment : Designator=C3_U_chanel6 Old Comment= 0.1 uF New Comment=0.1 uF
Change Component Comment : Designator=C4_U_chanel1 Old Comment= 0.1 uF New Comment=0.1 uF
Change Component Comment : Designator=C4_U_chanel2 Old Comment= 0.1 uF New Comment=0.1 uF
Change Component Comment : Designator=C4_U_chanel3 Old Comment= 0.1 uF New Comment=0.1 uF
Change Component Comment : Designator=C4_U_chanel4 Old Comment= 0.1 uF New Comment=0.1 uF
Change Component Comment : Designator=C4_U_chanel5 Old Comment= 0.1 uF New Comment=0.1 uF
Change Component Comment : Designator=C4_U_chanel6 Old Comment= 0.1 uF New Comment=0.1 uF
Change Component Comment : Designator=C6_U_chanel1 Old Comment= 0.1 uF New Comment=0.1 uF
Change Component Comment : Designator=C6_U_chanel2 Old Comment= 0.1 uF New Comment=0.1 uF
Change Component Comment : Designator=C6_U_chanel3 Old Comment= 0.1 uF New Comment=0.1 uF
Change Component Comment : Designator=C6_U_chanel4 Old Comment= 0.1 uF New Comment=0.1 uF
Change Component Comment : Designator=C6_U_chanel5 Old Comment= 0.1 uF New Comment=0.1 uF
Change Component Comment : Designator=C6_U_chanel6 Old Comment= 0.1 uF New Comment=0.1 uF
Change Component Comment : Designator=C8_U_chanel1 Old Comment= 0.1 uF New Comment=0.1 uF
Change Component Comment : Designator=C8_U_chanel2 Old Comment= 0.1 uF New Comment=0.1 uF
Change Component Comment : Designator=C8_U_chanel3 Old Comment= 0.1 uF New Comment=0.1 uF
Change Component Comment : Designator=C8_U_chanel4 Old Comment= 0.1 uF New Comment=0.1 uF
Change Component Comment : Designator=C8_U_chanel5 Old Comment= 0.1 uF New Comment=0.1 uF
Change Component Comment : Designator=C8_U_chanel6 Old Comment= 0.1 uF New Comment=0.1 uF
Change Component Comment : Designator=C9 Old Comment= 0.1 uF New Comment=0.1 uF
Change Component Comment : Designator=C10 Old Comment= 0.1 uF New Comment=0.1 uF
Change Component Comment : Designator=R13_U_chanel1 Old Comment=1K New Comment=10K
Change Component Comment : Designator=R13_U_chanel2 Old Comment=1K New Comment=10K
Change Component Comment : Designator=R13_U_chanel3 Old Comment=1K New Comment=10K
Change Component Comment : Designator=R13_U_chanel4 Old Comment=1K New Comment=10K
Change Component Comment : Designator=R13_U_chanel5 Old Comment=1K New Comment=10K
Change Component Comment : Designator=R13_U_chanel6 Old Comment=1K New Comment=10K
Change Component Comment : Designator=C2_U_chanel1 Old Comment= 1 uF New Comment=1 uF
Change Component Comment : Designator=C2_U_chanel2 Old Comment= 1 uF New Comment=1 uF
Change Component Comment : Designator=C2_U_chanel3 Old Comment= 1 uF New Comment=1 uF
Change Component Comment : Designator=C2_U_chanel4 Old Comment= 1 uF New Comment=1 uF
Change Component Comment : Designator=C2_U_chanel5 Old Comment= 1 uF New Comment=1 uF
Change Component Comment : Designator=C2_U_chanel6 Old Comment= 1 uF New Comment=1 uF
Change component parameters: Designator = "H1" ("H1"); Footprint = "Hole 3.5"; UniqueID = "\EYIZALBG" ("\EYIZALBG")
Change component parameters (AddParameter): Name = ""; Value = "H*"; VariantName = "[No Variations]"
Change component parameters (AddParameter): Name = "Comments"; Value = ""; VariantName = "[No Variations]"
Change component parameters (AddParameter): Name = "CompType"; Value = "Hole"; VariantName = "[No Variations]"
Change component parameters (AddParameter): Name = "Note"; Value = ""; VariantName = "[No Variations]"
Change component parameters (AddParameter): Name = "Package"; Value = "Hole"; VariantName = "[No Variations]"
Change component parameters (AddParameter): Name = "PartNumber"; Value = ""; VariantName = "[No Variations]"
Change component parameters (AddParameter): Name = "Pins"; Value = "1"; VariantName = "[No Variations]"
Change component parameters (AddParameter): Name = "SnapEDA_Link"; Value = ""; VariantName = "[No Variations]"
Change component parameters (AddParameter): Name = "Tolerance_Percent"; Value = ""; VariantName = "[No Variations]"
Change component parameters (AddParameter): Name = "Value"; Value = ""; VariantName = "[No Variations]"
Change component parameters (AddParameter): Name = "Voltage"; Value = ""; VariantName = "[No Variations]"
Change component parameters: Designator = "H2" ("H2"); Footprint = "Hole 3.5"; UniqueID = "\DUSKPDNJ" ("\DUSKPDNJ")
Change component parameters (AddParameter): Name = ""; Value = "H*"; VariantName = "[No Variations]"
Change component parameters (AddParameter): Name = "Comments"; Value = ""; VariantName = "[No Variations]"
Change component parameters (AddParameter): Name = "CompType"; Value = "Hole"; VariantName = "[No Variations]"
Change component parameters (AddParameter): Name = "Note"; Value = ""; VariantName = "[No Variations]"
Change component parameters (AddParameter): Name = "Package"; Value = "Hole"; VariantName = "[No Variations]"
Change component parameters (AddParameter): Name = "PartNumber"; Value = ""; VariantName = "[No Variations]"
Change component parameters (AddParameter): Name = "Pins"; Value = "1"; VariantName = "[No Variations]"
Change component parameters (AddParameter): Name = "SnapEDA_Link"; Value = ""; VariantName = "[No Variations]"
Change component parameters (AddParameter): Name = "Tolerance_Percent"; Value = ""; VariantName = "[No Variations]"
Change component parameters (AddParameter): Name = "Value"; Value = ""; VariantName = "[No Variations]"
Change component parameters (AddParameter): Name = "Voltage"; Value = ""; VariantName = "[No Variations]"
Change component parameters: Designator = "H3" ("H3"); Footprint = "Hole 3.5"; UniqueID = "\KTXTCHRU" ("\KTXTCHRU")
Change component parameters (AddParameter): Name = ""; Value = "H*"; VariantName = "[No Variations]"
Change component parameters (AddParameter): Name = "Comments"; Value = ""; VariantName = "[No Variations]"
Change component parameters (AddParameter): Name = "CompType"; Value = "Hole"; VariantName = "[No Variations]"
Change component parameters (AddParameter): Name = "Note"; Value = ""; VariantName = "[No Variations]"
Change component parameters (AddParameter): Name = "Package"; Value = "Hole"; VariantName = "[No Variations]"
Change component parameters (AddParameter): Name = "PartNumber"; Value = ""; VariantName = "[No Variations]"
Change component parameters (AddParameter): Name = "Pins"; Value = "1"; VariantName = "[No Variations]"
Change component parameters (AddParameter): Name = "SnapEDA_Link"; Value = ""; VariantName = "[No Variations]"
Change component parameters (AddParameter): Name = "Tolerance_Percent"; Value = ""; VariantName = "[No Variations]"
Change component parameters (AddParameter): Name = "Value"; Value = ""; VariantName = "[No Variations]"
Change component parameters (AddParameter): Name = "Voltage"; Value = ""; VariantName = "[No Variations]"
Change component parameters: Designator = "H4" ("H4"); Footprint = "Hole 3.5"; UniqueID = "\NGBHQCQY" ("\NGBHQCQY")
Change component parameters (AddParameter): Name = ""; Value = "H*"; VariantName = "[No Variations]"
Change component parameters (AddParameter): Name = "Comments"; Value = ""; VariantName = "[No Variations]"
Change component parameters (AddParameter): Name = "CompType"; Value = "Hole"; VariantName = "[No Variations]"
Change component parameters (AddParameter): Name = "Note"; Value = ""; VariantName = "[No Variations]"
Change component parameters (AddParameter): Name = "Package"; Value = "Hole"; VariantName = "[No Variations]"
Change component parameters (AddParameter): Name = "PartNumber"; Value = ""; VariantName = "[No Variations]"
Change component parameters (AddParameter): Name = "Pins"; Value = "1"; VariantName = "[No Variations]"
Change component parameters (AddParameter): Name = "SnapEDA_Link"; Value = ""; VariantName = "[No Variations]"
Change component parameters (AddParameter): Name = "Tolerance_Percent"; Value = ""; VariantName = "[No Variations]"
Change component parameters (AddParameter): Name = "Value"; Value = ""; VariantName = "[No Variations]"
Change component parameters (AddParameter): Name = "Voltage"; Value = ""; VariantName = "[No Variations]"
Change component parameters: Designator = "R13_U_chanel1" ("R13"); Footprint = "Resistor 0402"; UniqueID = "\PNRTKVRS\QQQPOVCQ" ("\PNRTKVRS\QQQPOVCQ")
Change component parameters (AddParameter): Name = "Package"; Value = "0402"; VariantName = "[No Variations]"
Change component parameters (AddParameter): Name = "Value"; Value = "10K"; VariantName = "[No Variations]"
Change component parameters: Designator = "R13_U_chanel2" ("R13"); Footprint = "Resistor 0402"; UniqueID = "\LLXUXYEH\QQQPOVCQ" ("\LLXUXYEH\QQQPOVCQ")
Change component parameters (AddParameter): Name = "Package"; Value = "0402"; VariantName = "[No Variations]"
Change component parameters (AddParameter): Name = "Value"; Value = "10K"; VariantName = "[No Variations]"
Change component parameters: Designator = "R13_U_chanel3" ("R13"); Footprint = "Resistor 0402"; UniqueID = "\SKNDOLQQ\QQQPOVCQ" ("\SKNDOLQQ\QQQPOVCQ")
Change component parameters (AddParameter): Name = "Package"; Value = "0402"; VariantName = "[No Variations]"
Change component parameters (AddParameter): Name = "Value"; Value = "10K"; VariantName = "[No Variations]"
Change component parameters: Designator = "R13_U_chanel4" ("R13"); Footprint = "Resistor 0402"; UniqueID = "\ZPDDUSWC\QQQPOVCQ" ("\ZPDDUSWC\QQQPOVCQ")
Change component parameters (AddParameter): Name = "Package"; Value = "0402"; VariantName = "[No Variations]"
Change component parameters (AddParameter): Name = "Value"; Value = "10K"; VariantName = "[No Variations]"
Change component parameters: Designator = "R13_U_chanel5" ("R13"); Footprint = "Resistor 0402"; UniqueID = "\SPXHXCVY\QQQPOVCQ" ("\SPXHXCVY\QQQPOVCQ")
Change component parameters (AddParameter): Name = "Package"; Value = "0402"; VariantName = "[No Variations]"
Change component parameters (AddParameter): Name = "Value"; Value = "10K"; VariantName = "[No Variations]"
Change component parameters: Designator = "R13_U_chanel6" ("R13"); Footprint = "Resistor 0402"; UniqueID = "\ZEHSHGFD\QQQPOVCQ" ("\ZEHSHGFD\QQQPOVCQ")
Change component parameters (AddParameter): Name = "Package"; Value = "0402"; VariantName = "[No Variations]"
Change component parameters (AddParameter): Name = "Value"; Value = "10K"; VariantName = "[No Variations]"
Added Component: Designator=C?(CAPACITOR 0603)
Add component (AddParameter): Name = "Package"; Value = "0603"; VariantName = "[No Variations]"
Add component (AddParameter): Name = "Value"; Value = "0.1 uF"; VariantName = "[No Variations]"
Added Component: Designator=C?(CAPACITOR 0603)
Add component (AddParameter): Name = "Package"; Value = "0603"; VariantName = "[No Variations]"
Add component (AddParameter): Name = "Value"; Value = "0.1 uF"; VariantName = "[No Variations]"
Added Component: Designator=C?(CAPACITOR 0603)
Add component (AddParameter): Name = "Package"; Value = "0603"; VariantName = "[No Variations]"
Add component (AddParameter): Name = "Value"; Value = "0.1 uF"; VariantName = "[No Variations]"
Added Component: Designator=C?(CAPACITOR 0603)
Add component (AddParameter): Name = "Package"; Value = "0603"; VariantName = "[No Variations]"
Add component (AddParameter): Name = "Value"; Value = "0.1 uF"; VariantName = "[No Variations]"
Added Component: Designator=C?(CAPCHIP1812)
Add component (AddParameter): Name = "Body"; Value = "{Body}"; VariantName = "[No Variations]"
Add component (AddParameter): Name = "Class"; Value = "Электронные компоненты"; VariantName = "[No Variations]"
Add component (AddParameter): Name = "Installation"; Value = "{Installation}"; VariantName = "[No Variations]"
Add component (AddParameter): Name = "Nominal_voltage_V"; Value = "{Nominal_voltage_V}"; VariantName = "[No Variations]"
Add component (AddParameter): Name = "Ordering_Information"; Value = "{Ordering_Information}"; VariantName = "[No Variations]"
Add component (AddParameter): Name = "Package"; Value = "1812"; VariantName = "[No Variations]"
Add component (AddParameter): Name = "Pins"; Value = "{Pins}"; VariantName = "[No Variations]"
Add component (AddParameter): Name = "SubClass"; Value = "Конденсаторы"; VariantName = "[No Variations]"
Add component (AddParameter): Name = "TKE"; Value = "{TKE}"; VariantName = "[No Variations]"
Add component (AddParameter): Name = "Tolerance_Percent"; Value = "{Tolerance_Percent}"; VariantName = "[No Variations]"
Add component (AddParameter): Name = "Value"; Value = "4.7 uF"; VariantName = "[No Variations]"
Added Component: Designator=DG*(15EDGRC-3.5-16P)
Added Component: Designator=R21_U_chanel1(Resistor 0402)
Add component (AddParameter): Name = "Package"; Value = "0402"; VariantName = "[No Variations]"
Add component (AddParameter): Name = "Value"; Value = "NC"; VariantName = "[No Variations]"
Added Component: Designator=R21_U_chanel2(Resistor 0402)
Add component (AddParameter): Name = "Package"; Value = "0402"; VariantName = "[No Variations]"
Add component (AddParameter): Name = "Value"; Value = "NC"; VariantName = "[No Variations]"
Added Component: Designator=R21_U_chanel3(Resistor 0402)
Add component (AddParameter): Name = "Package"; Value = "0402"; VariantName = "[No Variations]"
Add component (AddParameter): Name = "Value"; Value = "NC"; VariantName = "[No Variations]"
Added Component: Designator=R21_U_chanel4(Resistor 0402)
Add component (AddParameter): Name = "Package"; Value = "0402"; VariantName = "[No Variations]"
Add component (AddParameter): Name = "Value"; Value = "NC"; VariantName = "[No Variations]"
Added Component: Designator=R21_U_chanel5(Resistor 0402)
Add component (AddParameter): Name = "Package"; Value = "0402"; VariantName = "[No Variations]"
Add component (AddParameter): Name = "Value"; Value = "NC"; VariantName = "[No Variations]"
Added Component: Designator=R21_U_chanel6(Resistor 0402)
Add component (AddParameter): Name = "Package"; Value = "0402"; VariantName = "[No Variations]"
Add component (AddParameter): Name = "Value"; Value = "NC"; VariantName = "[No Variations]"
Added Component: Designator=R22_U_chanel1(Resistor 0402)
Add component (AddParameter): Name = "Package"; Value = "0402"; VariantName = "[No Variations]"
Add component (AddParameter): Name = "Value"; Value = "100"; VariantName = "[No Variations]"
Added Component: Designator=R22_U_chanel2(Resistor 0402)
Add component (AddParameter): Name = "Package"; Value = "0402"; VariantName = "[No Variations]"
Add component (AddParameter): Name = "Value"; Value = "100"; VariantName = "[No Variations]"
Added Component: Designator=R22_U_chanel3(Resistor 0402)
Add component (AddParameter): Name = "Package"; Value = "0402"; VariantName = "[No Variations]"
Add component (AddParameter): Name = "Value"; Value = "100"; VariantName = "[No Variations]"
Added Component: Designator=R22_U_chanel4(Resistor 0402)
Add component (AddParameter): Name = "Package"; Value = "0402"; VariantName = "[No Variations]"
Add component (AddParameter): Name = "Value"; Value = "100"; VariantName = "[No Variations]"
Added Component: Designator=R22_U_chanel5(Resistor 0402)
Add component (AddParameter): Name = "Package"; Value = "0402"; VariantName = "[No Variations]"
Add component (AddParameter): Name = "Value"; Value = "100"; VariantName = "[No Variations]"
Added Component: Designator=R22_U_chanel6(Resistor 0402)
Add component (AddParameter): Name = "Package"; Value = "0402"; VariantName = "[No Variations]"
Add component (AddParameter): Name = "Value"; Value = "100"; VariantName = "[No Variations]"
Added Component: Designator=R23_U_chanel1(Resistor 0402)
Add component (AddParameter): Name = "Package"; Value = "0402"; VariantName = "[No Variations]"
Add component (AddParameter): Name = "Value"; Value = "1K"; VariantName = "[No Variations]"
Added Component: Designator=R23_U_chanel2(Resistor 0402)
Add component (AddParameter): Name = "Package"; Value = "0402"; VariantName = "[No Variations]"
Add component (AddParameter): Name = "Value"; Value = "1K"; VariantName = "[No Variations]"
Added Component: Designator=R23_U_chanel3(Resistor 0402)
Add component (AddParameter): Name = "Package"; Value = "0402"; VariantName = "[No Variations]"
Add component (AddParameter): Name = "Value"; Value = "1K"; VariantName = "[No Variations]"
Added Component: Designator=R23_U_chanel4(Resistor 0402)
Add component (AddParameter): Name = "Package"; Value = "0402"; VariantName = "[No Variations]"
Add component (AddParameter): Name = "Value"; Value = "1K"; VariantName = "[No Variations]"
Added Component: Designator=R23_U_chanel5(Resistor 0402)
Add component (AddParameter): Name = "Package"; Value = "0402"; VariantName = "[No Variations]"
Add component (AddParameter): Name = "Value"; Value = "1K"; VariantName = "[No Variations]"
Added Component: Designator=R23_U_chanel6(Resistor 0402)
Add component (AddParameter): Name = "Package"; Value = "0402"; VariantName = "[No Variations]"
Add component (AddParameter): Name = "Value"; Value = "1K"; VariantName = "[No Variations]"
Added Component: Designator=R24_U_chanel1(Resistor 0402)
Add component (AddParameter): Name = "Package"; Value = "0402"; VariantName = "[No Variations]"
Add component (AddParameter): Name = "Value"; Value = "10K"; VariantName = "[No Variations]"
Added Component: Designator=R24_U_chanel2(Resistor 0402)
Add component (AddParameter): Name = "Package"; Value = "0402"; VariantName = "[No Variations]"
Add component (AddParameter): Name = "Value"; Value = "10K"; VariantName = "[No Variations]"
Added Component: Designator=R24_U_chanel3(Resistor 0402)
Add component (AddParameter): Name = "Package"; Value = "0402"; VariantName = "[No Variations]"
Add component (AddParameter): Name = "Value"; Value = "10K"; VariantName = "[No Variations]"
Added Component: Designator=R24_U_chanel4(Resistor 0402)
Add component (AddParameter): Name = "Package"; Value = "0402"; VariantName = "[No Variations]"
Add component (AddParameter): Name = "Value"; Value = "10K"; VariantName = "[No Variations]"
Added Component: Designator=R24_U_chanel5(Resistor 0402)
Add component (AddParameter): Name = "Package"; Value = "0402"; VariantName = "[No Variations]"
Add component (AddParameter): Name = "Value"; Value = "10K"; VariantName = "[No Variations]"
Added Component: Designator=R24_U_chanel6(Resistor 0402)
Add component (AddParameter): Name = "Package"; Value = "0402"; VariantName = "[No Variations]"
Add component (AddParameter): Name = "Value"; Value = "10K"; VariantName = "[No Variations]"
Added Component: Designator=R?(Resistor 0402)
Add component (AddParameter): Name = "Package"; Value = "0402"; VariantName = "[No Variations]"
Add component (AddParameter): Name = "Value"; Value = "10K"; VariantName = "[No Variations]"
Added Component: Designator=R?(Resistor 0402)
Add component (AddParameter): Name = "Package"; Value = "0402"; VariantName = "[No Variations]"
Add component (AddParameter): Name = "Value"; Value = "100K"; VariantName = "[No Variations]"
Added Component: Designator=R?(Resistor 0402)
Add component (AddParameter): Name = "Package"; Value = "0402"; VariantName = "[No Variations]"
Add component (AddParameter): Name = "Value"; Value = "10K"; VariantName = "[No Variations]"
Added Component: Designator=R?(Resistor 0402)
Add component (AddParameter): Name = "Package"; Value = "0402"; VariantName = "[No Variations]"
Add component (AddParameter): Name = "Value"; Value = "10K"; VariantName = "[No Variations]"
Added Component: Designator=R?(Resistor 0402)
Add component (AddParameter): Name = "Package"; Value = "0402"; VariantName = "[No Variations]"
Add component (AddParameter): Name = "Value"; Value = "100K"; VariantName = "[No Variations]"
Added Component: Designator=R?(Resistor 0402)
Add component (AddParameter): Name = "Package"; Value = "0402"; VariantName = "[No Variations]"
Add component (AddParameter): Name = "Value"; Value = "10K"; VariantName = "[No Variations]"
Added Component: Designator=R?(Resistor 0402)
Add component (AddParameter): Name = "Package"; Value = "0402"; VariantName = "[No Variations]"
Add component (AddParameter): Name = "Value"; Value = "100K"; VariantName = "[No Variations]"
Added Component: Designator=R?(Resistor 0402)
Add component (AddParameter): Name = "Package"; Value = "0402"; VariantName = "[No Variations]"
Add component (AddParameter): Name = "Value"; Value = "10K"; VariantName = "[No Variations]"
Added Component: Designator=R?(Resistor 0402)
Add component (AddParameter): Name = "Package"; Value = "0402"; VariantName = "[No Variations]"
Add component (AddParameter): Name = "Value"; Value = "10K"; VariantName = "[No Variations]"
Added Component: Designator=R?(Resistor 0402)
Add component (AddParameter): Name = "Package"; Value = "0402"; VariantName = "[No Variations]"
Add component (AddParameter): Name = "Value"; Value = "100K"; VariantName = "[No Variations]"
Added Component: Designator=R?(Resistor 0402)
Add component (AddParameter): Name = "Package"; Value = "0402"; VariantName = "[No Variations]"
Add component (AddParameter): Name = "Value"; Value = "10K"; VariantName = "[No Variations]"
Added Component: Designator=R?(Resistor 0402)
Add component (AddParameter): Name = "Package"; Value = "0402"; VariantName = "[No Variations]"
Add component (AddParameter): Name = "Value"; Value = "10K"; VariantName = "[No Variations]"
Added Component: Designator=R?(Resistor 0402)
Add component (AddParameter): Name = "Package"; Value = "0402"; VariantName = "[No Variations]"
Add component (AddParameter): Name = "Value"; Value = "10K"; VariantName = "[No Variations]"
Added Component: Designator=R?(Resistor 0402)
Add component (AddParameter): Name = "Package"; Value = "0402"; VariantName = "[No Variations]"
Add component (AddParameter): Name = "Value"; Value = "100K"; VariantName = "[No Variations]"
Added Component: Designator=R?(Resistor 0402)
Add component (AddParameter): Name = "Package"; Value = "0402"; VariantName = "[No Variations]"
Add component (AddParameter): Name = "Value"; Value = "100K"; VariantName = "[No Variations]"
Added Component: Designator=R?(Resistor 0402)
Add component (AddParameter): Name = "Package"; Value = "0402"; VariantName = "[No Variations]"
Add component (AddParameter): Name = "Value"; Value = "10K"; VariantName = "[No Variations]"
Added Component: Designator=R?(Resistor 0402)
Add component (AddParameter): Name = "Package"; Value = "0402"; VariantName = "[No Variations]"
Add component (AddParameter): Name = "Value"; Value = "100K"; VariantName = "[No Variations]"
Added Component: Designator=R?(Resistor 0402)
Add component (AddParameter): Name = "Package"; Value = "0402"; VariantName = "[No Variations]"
Add component (AddParameter): Name = "Value"; Value = "100K"; VariantName = "[No Variations]"
Added Component: Designator=S1(DIP-8)
Add component (AddParameter): Name = "LatestRevisionDate"; Value = "17-Jul-2002"; VariantName = "[No Variations]"
Add component (AddParameter): Name = "LatestRevisionNote"; Value = "Re-released for DXP Platform."; VariantName = "[No Variations]"
Add component (AddParameter): Name = "PackageReference"; Value = "DIP-8"; VariantName = "[No Variations]"
Add component (AddParameter): Name = "Published"; Value = "24-Mar-1999"; VariantName = "[No Variations]"
Add component (AddParameter): Name = "Publisher"; Value = "Altium Limited"; VariantName = "[No Variations]"
Added Component: Designator=S?(DIP-8)
Add component (AddParameter): Name = "LatestRevisionDate"; Value = "17-Jul-2002"; VariantName = "[No Variations]"
Add component (AddParameter): Name = "LatestRevisionNote"; Value = "Re-released for DXP Platform."; VariantName = "[No Variations]"
Add component (AddParameter): Name = "PackageReference"; Value = "DIP-8"; VariantName = "[No Variations]"
Add component (AddParameter): Name = "Published"; Value = "24-Mar-1999"; VariantName = "[No Variations]"
Add component (AddParameter): Name = "Publisher"; Value = "Altium Limited"; VariantName = "[No Variations]"
Added Component: Designator=U?(SOP65P640X120-20N)
Add component (AddParameter): Name = "Availability"; Value = "Unavailable"; VariantName = "[No Variations]"
Add component (AddParameter): Name = "MF"; Value = ""; VariantName = "[No Variations]"
Add component (AddParameter): Name = "MP"; Value = "STM32F030F4P6"; VariantName = "[No Variations]"
Add component (AddParameter): Name = "Package"; Value = "None"; VariantName = "[No Variations]"
Add component (AddParameter): Name = "Price"; Value = "None"; VariantName = "[No Variations]"
Add component (AddParameter): Name = "Value"; Value = ""; VariantName = "[No Variations]"
Added Component: Designator=VR1(VREG_LM1117MPX-3.3)
Add component (AddParameter): Name = "Availability"; Value = "In Stock"; VariantName = "[No Variations]"
Add component (AddParameter): Name = "Check_prices"; Value = "https://www.snapeda.com/parts/LM1117MPX-3.3/Texas+Instruments/view-part/?ref=eda"; VariantName = "[No Variations]"
Add component (AddParameter): Name = "MF"; Value = "Texas Instruments"; VariantName = "[No Variations]"
Add component (AddParameter): Name = "MP"; Value = "LM1117MPX-3.3"; VariantName = "[No Variations]"
Add component (AddParameter): Name = "Package"; Value = "SOT-223-4 Texas Instruments"; VariantName = "[No Variations]"
Add component (AddParameter): Name = "Price"; Value = "None"; VariantName = "[No Variations]"
Add component (AddParameter): Name = "Purchase-URL"; Value = "https://pricing.snapeda.com/search/part/LM1117MPX-3.3/?ref=eda"; VariantName = "[No Variations]"
Add component (AddParameter): Name = "SnapEDA_Link"; Value = "https://www.snapeda.com/parts/LM1117MPX-3.3/Texas+Instruments/view-part/?ref=snap"; VariantName = "[No Variations]"
Add component (AddParameter): Name = "Value"; Value = ""; VariantName = "[No Variations]"
Added Component: Designator=VT1_U_chanel1(SOT23)
Add component (AddParameter): Name = "Published"; Value = "17.04.2012"; VariantName = "[No Variations]"
Add component (AddParameter): Name = "Publisher"; Value = "Reukov A.V."; VariantName = "[No Variations]"
Added Component: Designator=VT1_U_chanel2(SOT23)
Add component (AddParameter): Name = "Published"; Value = "17.04.2012"; VariantName = "[No Variations]"
Add component (AddParameter): Name = "Publisher"; Value = "Reukov A.V."; VariantName = "[No Variations]"
Added Component: Designator=VT1_U_chanel3(SOT23)
Add component (AddParameter): Name = "Published"; Value = "17.04.2012"; VariantName = "[No Variations]"
Add component (AddParameter): Name = "Publisher"; Value = "Reukov A.V."; VariantName = "[No Variations]"
Added Component: Designator=VT1_U_chanel4(SOT23)
Add component (AddParameter): Name = "Published"; Value = "17.04.2012"; VariantName = "[No Variations]"
Add component (AddParameter): Name = "Publisher"; Value = "Reukov A.V."; VariantName = "[No Variations]"
Added Component: Designator=VT1_U_chanel5(SOT23)
Add component (AddParameter): Name = "Published"; Value = "17.04.2012"; VariantName = "[No Variations]"
Add component (AddParameter): Name = "Publisher"; Value = "Reukov A.V."; VariantName = "[No Variations]"
Added Component: Designator=VT1_U_chanel6(SOT23)
Add component (AddParameter): Name = "Published"; Value = "17.04.2012"; VariantName = "[No Variations]"
Add component (AddParameter): Name = "Publisher"; Value = "Reukov A.V."; VariantName = "[No Variations]"
Added Component: Designator=X?(PLS-5-3D)
Add component (AddParameter): Name = "CompType"; Value = "connector"; VariantName = "[No Variations]"
Add component (AddParameter): Name = "Note"; Value = "header pins 2.54mm x 5"; VariantName = "[No Variations]"
Add component (AddParameter): Name = "Package"; Value = "2.54 x 5"; VariantName = "[No Variations]"
Add component (AddParameter): Name = "PartNumber"; Value = "PLS-5"; VariantName = "[No Variations]"
Add component (AddParameter): Name = "Pins"; Value = "5"; VariantName = "[No Variations]"
Add component (AddParameter): Name = "SnapEDA_Link"; Value = ""; VariantName = "[No Variations]"
Add component (AddParameter): Name = "Tolerance_Percent"; Value = ""; VariantName = "[No Variations]"
Add component (AddParameter): Name = "Value"; Value = ""; VariantName = "[No Variations]"
Add component (AddParameter): Name = "Voltage"; Value = ""; VariantName = "[No Variations]"
Added Component: Designator=X?(PLS-5-3D)
Add component (AddParameter): Name = "CompType"; Value = "connector"; VariantName = "[No Variations]"
Add component (AddParameter): Name = "Note"; Value = "header pins 2.54mm x 5"; VariantName = "[No Variations]"
Add component (AddParameter): Name = "Package"; Value = "2.54 x 5"; VariantName = "[No Variations]"
Add component (AddParameter): Name = "PartNumber"; Value = "PLS-5"; VariantName = "[No Variations]"
Add component (AddParameter): Name = "Pins"; Value = "5"; VariantName = "[No Variations]"
Add component (AddParameter): Name = "SnapEDA_Link"; Value = ""; VariantName = "[No Variations]"
Add component (AddParameter): Name = "Tolerance_Percent"; Value = ""; VariantName = "[No Variations]"
Add component (AddParameter): Name = "Value"; Value = ""; VariantName = "[No Variations]"
Add component (AddParameter): Name = "Voltage"; Value = ""; VariantName = "[No Variations]"
Added Pin To Net: NetName=+24v Pin=C3_U_chanel2-1
Added Pin To Net: NetName=+24v Pin=C4_U_chanel2-1
Added Pin To Net: NetName=+24v Pin=C5_U_chanel2-2
Added Pin To Net: NetName=+24v Pin=C7_U_chanel2-2
Added Pin To Net: NetName=GND Pin=C9-2
Added Pin To Net: NetName=GND Pin=C10-2
Added Pin To Net: NetName=GND Pin=C?-1
Added Pin To Net: NetName=GND Pin=C?-1
Added Pin To Net: NetName=GND Pin=C?-1
Added Pin To Net: NetName=GND Pin=C?-2
Added Pin To Net: NetName=GND Pin=C?-2
Added Pin To Net: NetName=+24v Pin=D1_U_chanel2-C
Added Pin To Net: NetName=+24v Pin=DG*-1
Added Pin To Net: NetName=GND Pin=DG*-2
Added Pin To Net: NetName=NetC6_U_chanel6_2 Pin=DG*-3
Added Pin To Net: NetName=NetC6_U_chanel6_1 Pin=DG*-4
Added Pin To Net: NetName=NetC6_U_chanel5_2 Pin=DG*-5
Added Pin To Net: NetName=NetC6_U_chanel5_1 Pin=DG*-6
Added Pin To Net: NetName=NetC6_U_chanel4_2 Pin=DG*-7
Added Pin To Net: NetName=NetC6_U_chanel4_1 Pin=DG*-8
Added Pin To Net: NetName=NetC6_U_chanel3_2 Pin=DG*-9
Added Pin To Net: NetName=NetC6_U_chanel3_1 Pin=DG*-10
Added Pin To Net: NetName=NetC6_U_chanel2_2 Pin=DG*-11
Added Pin To Net: NetName=NetC6_U_chanel2_1 Pin=DG*-12
Added Pin To Net: NetName=NetC6_U_chanel1_2 Pin=DG*-13
Added Pin To Net: NetName=NetC6_U_chanel1_1 Pin=DG*-14
Added Pin To Net: NetName=+24v Pin=DG*-15
Added Pin To Net: NetName=GND Pin=DG*-16
Added Pin To Net: NetName=GND Pin=IN-3
Added Pin To Net: NetName=GND Pin=IN-4
Added Pin To Net: NetName=GND Pin=IN-7
Added Pin To Net: NetName=GND Pin=IN-8
Added Pin To Net: NetName=GND Pin=IN-9
Added Pin To Net: NetName=GND Pin=IN-10
Added Pin To Net: NetName=GND Pin=OUT-1
Added Pin To Net: NetName=GND Pin=OUT-2
Added Pin To Net: NetName=GND Pin=OUT-3
Added Pin To Net: NetName=GND Pin=OUT-4
Added Pin To Net: NetName=GND Pin=OUT-7
Added Pin To Net: NetName=GND Pin=OUT-8
Added Pin To Net: NetName=+24v Pin=R2_U_chanel2-2
Added Pin To Net: NetName=GND Pin=R20-2
Added Pin To Net: NetName=NetQ1_U_chanel1_1 Pin=R22_U_chanel1-1
Added Pin To Net: NetName=NetQ1_U_chanel2_1 Pin=R22_U_chanel2-1
Added Pin To Net: NetName=NetQ1_U_chanel3_1 Pin=R22_U_chanel3-1
Added Pin To Net: NetName=NetQ1_U_chanel4_1 Pin=R22_U_chanel4-1
Added Pin To Net: NetName=NetQ1_U_chanel5_1 Pin=R22_U_chanel5-1
Added Pin To Net: NetName=NetQ1_U_chanel6_1 Pin=R22_U_chanel6-1
Added Pin To Net: NetName=GND Pin=R24_U_chanel1-1
Added Pin To Net: NetName=GND Pin=R24_U_chanel2-1
Added Pin To Net: NetName=GND Pin=R24_U_chanel3-1
Added Pin To Net: NetName=GND Pin=R24_U_chanel4-1
Added Pin To Net: NetName=GND Pin=R24_U_chanel5-1
Added Pin To Net: NetName=GND Pin=R24_U_chanel6-1
Added Pin To Net: NetName=GND Pin=R?-2
Added Pin To Net: NetName=GND Pin=R?-2
Added Pin To Net: NetName=GND Pin=R?-2
Added Pin To Net: NetName=GND Pin=R?-2
Added Pin To Net: NetName=GND Pin=R?-2
Added Pin To Net: NetName=GND Pin=R?-2
Added Pin To Net: NetName=GND Pin=R?-2
Added Pin To Net: NetName=GND Pin=R?-2
Added Pin To Net: NetName=GND Pin=R?-2
Added Pin To Net: NetName=+24v Pin=U1_U_chanel2-12
Added Pin To Net: NetName=+24v Pin=U1_U_chanel2-13
Added Pin To Net: NetName=+24v Pin=U1_U_chanel2-14
Added Pin To Net: NetName=ADC_24v Pin=U3-9
Added Pin To Net: NetName=GND Pin=U3-15
Added Pin To Net: NetName=ADC_24v Pin=U?-9
Added Pin To Net: NetName=GND Pin=U?-15
Added Pin To Net: NetName=GND Pin=VR1-1
Added Pin To Net: NetName=GND Pin=VT1_U_chanel1-2
Added Pin To Net: NetName=GND Pin=VT1_U_chanel2-2
Added Pin To Net: NetName=GND Pin=VT1_U_chanel3-2
Added Pin To Net: NetName=GND Pin=VT1_U_chanel4-2
Added Pin To Net: NetName=GND Pin=VT1_U_chanel5-2
Added Pin To Net: NetName=GND Pin=VT1_U_chanel6-2
Added Pin To Net: NetName=GND Pin=X?-3
Added Pin To Net: NetName=GND Pin=X?-3
Added Pin To Net: NetName=+3.3v Pin=C9-1
Added Pin To Net: NetName=+3.3v Pin=C10-1
Added Pin To Net: NetName=+3.3v Pin=C?-1
Added Pin To Net: NetName=+3.3v Pin=C?-1
Added Pin To Net: NetName=+3.3v Pin=C?-2
Added Pin To Net: NetName=+3.3v Pin=R19-2
Added Pin To Net: NetName=+3.3v Pin=R?-1
Added Pin To Net: NetName=+3.3v Pin=R?-1
Added Pin To Net: NetName=+3.3v Pin=R?-1
Added Pin To Net: NetName=+3.3v Pin=R?-1
Added Pin To Net: NetName=+3.3v Pin=R?-1
Added Pin To Net: NetName=+3.3v Pin=R?-1
Added Pin To Net: NetName=+3.3v Pin=R?-1
Added Pin To Net: NetName=+3.3v Pin=R?-1
Added Pin To Net: NetName=+3.3v Pin=R?-2
Added Pin To Net: NetName=+3.3v Pin=U2_U_chanel1-2
Added Pin To Net: NetName=+3.3v Pin=U2_U_chanel2-2
Added Pin To Net: NetName=+3.3v Pin=U2_U_chanel3-2
Added Pin To Net: NetName=+3.3v Pin=U2_U_chanel4-2
Added Pin To Net: NetName=+3.3v Pin=U2_U_chanel5-2
Added Pin To Net: NetName=+3.3v Pin=U2_U_chanel6-2
Added Pin To Net: NetName=+3.3v Pin=U3-5
Added Pin To Net: NetName=+3.3v Pin=U3-16
Added Pin To Net: NetName=+3.3v Pin=U?-5
Added Pin To Net: NetName=+3.3v Pin=U?-16
Added Pin To Net: NetName=+3.3v Pin=VR1-2
Added Pin To Net: NetName=+3.3v Pin=VR1-4
Added Pin To Net: NetName=+3.3v Pin=X?-5
Added Pin To Net: NetName=+3.3v Pin=X?-5
Added Net: Name=+3.3v
Added Pin To Net: NetName=+5v Pin=IN-1
Added Pin To Net: NetName=+5v Pin=IN-2
Added Pin To Net: NetName=+5v Pin=OUT-9
Added Pin To Net: NetName=+5v Pin=OUT-10
Added Pin To Net: NetName=+5v Pin=VR1-3
Added Net: Name=+5v
Added Pin To Net: NetName=I2C_CLK Pin=IN-6
Added Pin To Net: NetName=I2C_CLK Pin=OUT-5
Added Pin To Net: NetName=I2C_CLK Pin=U3-17
Added Pin To Net: NetName=I2C_CLK Pin=U?-17
Added Net: Name=I2C_CLK
Added Pin To Net: NetName=I2C_DATA Pin=IN-5
Added Pin To Net: NetName=I2C_DATA Pin=OUT-6
Added Pin To Net: NetName=I2C_DATA Pin=U3-18
Added Pin To Net: NetName=I2C_DATA Pin=U?-18
Added Net: Name=I2C_DATA
Added Pin To Net: NetName=M1_A0_PWM_CH4 Pin=R4_U_chanel4-2
Added Pin To Net: NetName=M1_A0_PWM_CH4 Pin=R?-1
Added Pin To Net: NetName=M1_A0_PWM_CH4 Pin=R?-1
Added Pin To Net: NetName=M1_A0_PWM_CH4 Pin=S1-1
Added Pin To Net: NetName=M1_A0_PWM_CH4 Pin=S?-1
Added Pin To Net: NetName=M1_A0_PWM_CH4 Pin=U3-14
Added Net: Name=M1_A0_PWM_CH4
Added Pin To Net: NetName=M1_A1_PWM_CH2 Pin=R4_U_chanel5-2
Added Pin To Net: NetName=M1_A1_PWM_CH2 Pin=R?-1
Added Pin To Net: NetName=M1_A1_PWM_CH2 Pin=R?-1
Added Pin To Net: NetName=M1_A1_PWM_CH2 Pin=S1-2
Added Pin To Net: NetName=M1_A1_PWM_CH2 Pin=S?-2
Added Pin To Net: NetName=M1_A1_PWM_CH2 Pin=U3-13
Added Net: Name=M1_A1_PWM_CH2
Added Pin To Net: NetName=M1_A2_PWM_CH1 Pin=R4_U_chanel6-2
Added Pin To Net: NetName=M1_A2_PWM_CH1 Pin=R?-1
Added Pin To Net: NetName=M1_A2_PWM_CH1 Pin=R?-1
Added Pin To Net: NetName=M1_A2_PWM_CH1 Pin=S1-3
Added Pin To Net: NetName=M1_A2_PWM_CH1 Pin=S?-3
Added Pin To Net: NetName=M1_A2_PWM_CH1 Pin=U3-12
Added Net: Name=M1_A2_PWM_CH1
Added Pin To Net: NetName=M1_A3_LED Pin=R?-1
Added Pin To Net: NetName=M1_A3_LED Pin=R?-1
Added Pin To Net: NetName=M1_A3_LED Pin=S1-4
Added Pin To Net: NetName=M1_A3_LED Pin=S?-4
Added Pin To Net: NetName=M1_A3_LED Pin=U3-2
Added Net: Name=M1_A3_LED
Added Pin To Net: NetName=M1_ADC1 Pin=R13_U_chanel6-2
Added Pin To Net: NetName=M1_ADC1 Pin=U2_U_chanel6-1
Added Pin To Net: NetName=M1_ADC1 Pin=U3-6
Added Net: Name=M1_ADC1
Added Pin To Net: NetName=M1_ADC2 Pin=R13_U_chanel5-2
Added Pin To Net: NetName=M1_ADC2 Pin=U2_U_chanel5-1
Added Pin To Net: NetName=M1_ADC2 Pin=U3-7
Added Net: Name=M1_ADC2
Added Pin To Net: NetName=M1_ADC3 Pin=R13_U_chanel4-2
Added Pin To Net: NetName=M1_ADC3 Pin=U2_U_chanel4-1
Added Pin To Net: NetName=M1_ADC3 Pin=U3-8
Added Net: Name=M1_ADC3
Added Pin To Net: NetName=M1_EN1 Pin=R21_U_chanel6-2
Added Pin To Net: NetName=M1_EN1 Pin=R23_U_chanel6-2
Added Pin To Net: NetName=M1_EN1 Pin=U3-11
Added Net: Name=M1_EN1
Added Pin To Net: NetName=M1_EN2 Pin=R21_U_chanel5-2
Added Pin To Net: NetName=M1_EN2 Pin=R23_U_chanel5-2
Added Pin To Net: NetName=M1_EN2 Pin=U3-10
Added Net: Name=M1_EN2
Added Pin To Net: NetName=M1_EN3 Pin=R21_U_chanel4-2
Added Pin To Net: NetName=M1_EN3 Pin=R23_U_chanel4-2
Added Pin To Net: NetName=M1_EN3 Pin=U3-3
Added Net: Name=M1_EN3
Added Pin To Net: NetName=M1_NRST Pin=C?-2
Added Pin To Net: NetName=M1_NRST Pin=R19-1
Added Pin To Net: NetName=M1_NRST Pin=U3-4
Added Pin To Net: NetName=M1_NRST Pin=X?-1
Added Net: Name=M1_NRST
Added Pin To Net: NetName=M1_SWCLK Pin=U3-20
Added Pin To Net: NetName=M1_SWCLK Pin=U?-20
Added Pin To Net: NetName=M1_SWCLK Pin=X?-4
Added Net: Name=M1_SWCLK
Added Pin To Net: NetName=M1_SWDIO Pin=U3-19
Added Pin To Net: NetName=M1_SWDIO Pin=U?-19
Added Pin To Net: NetName=M1_SWDIO Pin=X?-2
Added Net: Name=M1_SWDIO
Added Pin To Net: NetName=M2_A0_PWM_CH4 Pin=R4_U_chanel1-2
Added Pin To Net: NetName=M2_A0_PWM_CH4 Pin=U?-14
Added Net: Name=M2_A0_PWM_CH4
Added Pin To Net: NetName=M2_A1_PWM_CH2 Pin=R4_U_chanel2-2
Added Pin To Net: NetName=M2_A1_PWM_CH2 Pin=U?-13
Added Net: Name=M2_A1_PWM_CH2
Added Pin To Net: NetName=M2_A2_PWM_CH1 Pin=R4_U_chanel3-2
Added Pin To Net: NetName=M2_A2_PWM_CH1 Pin=U?-12
Added Net: Name=M2_A2_PWM_CH1
Added Pin To Net: NetName=M2_A3_LED Pin=U?-2
Added Net: Name=M2_A3_LED
Added Pin To Net: NetName=M2_ADC1 Pin=R13_U_chanel3-2
Added Pin To Net: NetName=M2_ADC1 Pin=U2_U_chanel3-1
Added Pin To Net: NetName=M2_ADC1 Pin=U?-6
Added Net: Name=M2_ADC1
Added Pin To Net: NetName=M2_ADC2 Pin=R13_U_chanel2-2
Added Pin To Net: NetName=M2_ADC2 Pin=U2_U_chanel2-1
Added Pin To Net: NetName=M2_ADC2 Pin=U?-7
Added Net: Name=M2_ADC2
Added Pin To Net: NetName=M2_ADC3 Pin=R13_U_chanel1-2
Added Pin To Net: NetName=M2_ADC3 Pin=U2_U_chanel1-1
Added Pin To Net: NetName=M2_ADC3 Pin=U?-8
Added Net: Name=M2_ADC3
Added Pin To Net: NetName=M2_EN1 Pin=R21_U_chanel3-2
Added Pin To Net: NetName=M2_EN1 Pin=R23_U_chanel3-2
Added Pin To Net: NetName=M2_EN1 Pin=U?-11
Added Net: Name=M2_EN1
Added Pin To Net: NetName=M2_EN2 Pin=R21_U_chanel2-2
Added Pin To Net: NetName=M2_EN2 Pin=R23_U_chanel2-2
Added Pin To Net: NetName=M2_EN2 Pin=U?-10
Added Net: Name=M2_EN2
Added Pin To Net: NetName=M2_EN3 Pin=R21_U_chanel1-2
Added Pin To Net: NetName=M2_EN3 Pin=R23_U_chanel1-2
Added Pin To Net: NetName=M2_EN3 Pin=U?-3
Added Net: Name=M2_EN3
Added Pin To Net: NetName=M2_NRST Pin=C?-2
Added Pin To Net: NetName=M2_NRST Pin=R?-1
Added Pin To Net: NetName=M2_NRST Pin=U?-4
Added Pin To Net: NetName=M2_NRST Pin=X?-1
Added Net: Name=M2_NRST
Added Pin To Net: NetName=M2_SWCLK Pin=X?-4
Added Net: Name=M2_SWCLK
Added Pin To Net: NetName=M2_SWDIO Pin=X?-2
Added Net: Name=M2_SWDIO
Added Pin To Net: NetName=NetC3_U_chanel6_1 Pin=C3_U_chanel6-1
Added Pin To Net: NetName=NetC3_U_chanel6_1 Pin=C4_U_chanel6-1
Added Pin To Net: NetName=NetC3_U_chanel6_1 Pin=C5_U_chanel6-2
Added Pin To Net: NetName=NetC3_U_chanel6_1 Pin=C7_U_chanel6-2
Added Pin To Net: NetName=NetC3_U_chanel6_1 Pin=D1_U_chanel6-C
Added Pin To Net: NetName=NetC3_U_chanel6_1 Pin=R2_U_chanel6-2
Added Pin To Net: NetName=NetC3_U_chanel6_1 Pin=U1_U_chanel6-12
Added Pin To Net: NetName=NetC3_U_chanel6_1 Pin=U1_U_chanel6-13
Added Pin To Net: NetName=NetC3_U_chanel6_1 Pin=U1_U_chanel6-14
Added Net: Name=NetC3_U_chanel6_1
Added Pin To Net: NetName=NetR20_1 Pin=R20-1
Added Pin To Net: NetName=NetR20_1 Pin=U3-1
Added Net: Name=NetR20_1
Added Pin To Net: NetName=NetR21_U_chanel1_1 Pin=R21_U_chanel1-1
Added Pin To Net: NetName=NetR21_U_chanel1_1 Pin=R22_U_chanel1-2
Added Pin To Net: NetName=NetR21_U_chanel1_1 Pin=VT1_U_chanel1-3
Added Net: Name=NetR21_U_chanel1_1
Added Pin To Net: NetName=NetR21_U_chanel2_1 Pin=R21_U_chanel2-1
Added Pin To Net: NetName=NetR21_U_chanel2_1 Pin=R22_U_chanel2-2
Added Pin To Net: NetName=NetR21_U_chanel2_1 Pin=VT1_U_chanel2-3
Added Net: Name=NetR21_U_chanel2_1
Added Pin To Net: NetName=NetR21_U_chanel3_1 Pin=R21_U_chanel3-1
Added Pin To Net: NetName=NetR21_U_chanel3_1 Pin=R22_U_chanel3-2
Added Pin To Net: NetName=NetR21_U_chanel3_1 Pin=VT1_U_chanel3-3
Added Net: Name=NetR21_U_chanel3_1
Added Pin To Net: NetName=NetR21_U_chanel4_1 Pin=R21_U_chanel4-1
Added Pin To Net: NetName=NetR21_U_chanel4_1 Pin=R22_U_chanel4-2
Added Pin To Net: NetName=NetR21_U_chanel4_1 Pin=VT1_U_chanel4-3
Added Net: Name=NetR21_U_chanel4_1
Added Pin To Net: NetName=NetR21_U_chanel5_1 Pin=R21_U_chanel5-1
Added Pin To Net: NetName=NetR21_U_chanel5_1 Pin=R22_U_chanel5-2
Added Pin To Net: NetName=NetR21_U_chanel5_1 Pin=VT1_U_chanel5-3
Added Net: Name=NetR21_U_chanel5_1
Added Pin To Net: NetName=NetR21_U_chanel6_1 Pin=R21_U_chanel6-1
Added Pin To Net: NetName=NetR21_U_chanel6_1 Pin=R22_U_chanel6-2
Added Pin To Net: NetName=NetR21_U_chanel6_1 Pin=VT1_U_chanel6-3
Added Net: Name=NetR21_U_chanel6_1
Added Pin To Net: NetName=NetR23_U_chanel1_1 Pin=R23_U_chanel1-1
Added Pin To Net: NetName=NetR23_U_chanel1_1 Pin=R24_U_chanel1-2
Added Pin To Net: NetName=NetR23_U_chanel1_1 Pin=VT1_U_chanel1-1
Added Net: Name=NetR23_U_chanel1_1
Added Pin To Net: NetName=NetR23_U_chanel2_1 Pin=R23_U_chanel2-1
Added Pin To Net: NetName=NetR23_U_chanel2_1 Pin=R24_U_chanel2-2
Added Pin To Net: NetName=NetR23_U_chanel2_1 Pin=VT1_U_chanel2-1
Added Net: Name=NetR23_U_chanel2_1
Added Pin To Net: NetName=NetR23_U_chanel3_1 Pin=R23_U_chanel3-1
Added Pin To Net: NetName=NetR23_U_chanel3_1 Pin=R24_U_chanel3-2
Added Pin To Net: NetName=NetR23_U_chanel3_1 Pin=VT1_U_chanel3-1
Added Net: Name=NetR23_U_chanel3_1
Added Pin To Net: NetName=NetR23_U_chanel4_1 Pin=R23_U_chanel4-1
Added Pin To Net: NetName=NetR23_U_chanel4_1 Pin=R24_U_chanel4-2
Added Pin To Net: NetName=NetR23_U_chanel4_1 Pin=VT1_U_chanel4-1
Added Net: Name=NetR23_U_chanel4_1
Added Pin To Net: NetName=NetR23_U_chanel5_1 Pin=R23_U_chanel5-1
Added Pin To Net: NetName=NetR23_U_chanel5_1 Pin=R24_U_chanel5-2
Added Pin To Net: NetName=NetR23_U_chanel5_1 Pin=VT1_U_chanel5-1
Added Net: Name=NetR23_U_chanel5_1
Added Pin To Net: NetName=NetR23_U_chanel6_1 Pin=R23_U_chanel6-1
Added Pin To Net: NetName=NetR23_U_chanel6_1 Pin=R24_U_chanel6-2
Added Pin To Net: NetName=NetR23_U_chanel6_1 Pin=VT1_U_chanel6-1
Added Net: Name=NetR23_U_chanel6_1
Added Pin To Net: NetName=NetR?_1 Pin=R?-1
Added Pin To Net: NetName=NetR?_1 Pin=U?-1
Added Net: Name=NetR?_1
Added Pin To Net: NetName=NetR?_2 Pin=R?-2
Added Pin To Net: NetName=NetR?_2 Pin=S1-6
Added Net: Name=NetR?_2
Added Member To Class: ClassName=DriverPCB Member=Component C? 0.1 uF
Added Member To Class: ClassName=DriverPCB Member=Component C? 0.1 uF
Added Member To Class: ClassName=DriverPCB Member=Component C? 0.1 uF
Added Member To Class: ClassName=DriverPCB Member=Component C? 0.1 uF
Added Member To Class: ClassName=DriverPCB Member=Component C? Cap C
Added Member To Class: ClassName=DriverPCB Member=Component DG* 15EDGRC-3.5-16P
Added Member To Class: ClassName=U_chanel1 Member=Component R21_U_chanel1 (R21) NC
Added Member To Class: ClassName=U_chanel2 Member=Component R21_U_chanel2 (R21) NC
Added Member To Class: ClassName=U_chanel3 Member=Component R21_U_chanel3 (R21) NC
Added Member To Class: ClassName=U_chanel4 Member=Component R21_U_chanel4 (R21) NC
Added Member To Class: ClassName=U_chanel5 Member=Component R21_U_chanel5 (R21) NC
Added Member To Class: ClassName=U_chanel6 Member=Component R21_U_chanel6 (R21) NC
Added Member To Class: ClassName=U_chanel1 Member=Component R22_U_chanel1 (R22) 100
Added Member To Class: ClassName=U_chanel2 Member=Component R22_U_chanel2 (R22) 100
Added Member To Class: ClassName=U_chanel3 Member=Component R22_U_chanel3 (R22) 100
Added Member To Class: ClassName=U_chanel4 Member=Component R22_U_chanel4 (R22) 100
Added Member To Class: ClassName=U_chanel5 Member=Component R22_U_chanel5 (R22) 100
Added Member To Class: ClassName=U_chanel6 Member=Component R22_U_chanel6 (R22) 100
Added Member To Class: ClassName=U_chanel1 Member=Component R23_U_chanel1 (R23) 1K
Added Member To Class: ClassName=U_chanel2 Member=Component R23_U_chanel2 (R23) 1K
Added Member To Class: ClassName=U_chanel3 Member=Component R23_U_chanel3 (R23) 1K
Added Member To Class: ClassName=U_chanel4 Member=Component R23_U_chanel4 (R23) 1K
Added Member To Class: ClassName=U_chanel5 Member=Component R23_U_chanel5 (R23) 1K
Added Member To Class: ClassName=U_chanel6 Member=Component R23_U_chanel6 (R23) 1K
Added Member To Class: ClassName=U_chanel1 Member=Component R24_U_chanel1 (R24) 10K
Added Member To Class: ClassName=U_chanel2 Member=Component R24_U_chanel2 (R24) 10K
Added Member To Class: ClassName=U_chanel3 Member=Component R24_U_chanel3 (R24) 10K
Added Member To Class: ClassName=U_chanel4 Member=Component R24_U_chanel4 (R24) 10K
Added Member To Class: ClassName=U_chanel5 Member=Component R24_U_chanel5 (R24) 10K
Added Member To Class: ClassName=U_chanel6 Member=Component R24_U_chanel6 (R24) 10K
Added Member To Class: ClassName=DriverPCB Member=Component R? 10K
Added Member To Class: ClassName=DriverPCB Member=Component R? 100K
Added Member To Class: ClassName=DriverPCB Member=Component R? 10K
Added Member To Class: ClassName=DriverPCB Member=Component R? 10K
Added Member To Class: ClassName=DriverPCB Member=Component R? 100K
Added Member To Class: ClassName=DriverPCB Member=Component R? 10K
Added Member To Class: ClassName=DriverPCB Member=Component R? 100K
Added Member To Class: ClassName=DriverPCB Member=Component R? 10K
Added Member To Class: ClassName=DriverPCB Member=Component R? 10K
Added Member To Class: ClassName=DriverPCB Member=Component R? 100K
Added Member To Class: ClassName=DriverPCB Member=Component R? 10K
Added Member To Class: ClassName=DriverPCB Member=Component R? 10K
Added Member To Class: ClassName=DriverPCB Member=Component R? 10K
Added Member To Class: ClassName=DriverPCB Member=Component R? 100K
Added Member To Class: ClassName=DriverPCB Member=Component R? 100K
Added Member To Class: ClassName=DriverPCB Member=Component R? 10K
Added Member To Class: ClassName=DriverPCB Member=Component R? 100K
Added Member To Class: ClassName=DriverPCB Member=Component R? 100K
Added Member To Class: ClassName=DriverPCB Member=Component S1 SW-DIP4
Added Member To Class: ClassName=DriverPCB Member=Component S? SW-DIP4
Added Member To Class: ClassName=DriverPCB Member=Component U? STM32F030F4P6
Added Member To Class: ClassName=DriverPCB Member=Component VR1 LM1117MPX-3.3
Added Member To Class: ClassName=U_chanel1 Member=Component VT1_U_chanel1 (VT1) NPN BEC
Added Member To Class: ClassName=U_chanel2 Member=Component VT1_U_chanel2 (VT1) NPN BEC
Added Member To Class: ClassName=U_chanel3 Member=Component VT1_U_chanel3 (VT1) NPN BEC
Added Member To Class: ClassName=U_chanel4 Member=Component VT1_U_chanel4 (VT1) NPN BEC
Added Member To Class: ClassName=U_chanel5 Member=Component VT1_U_chanel5 (VT1) NPN BEC
Added Member To Class: ClassName=U_chanel6 Member=Component VT1_U_chanel6 (VT1) NPN BEC
Added Member To Class: ClassName=DriverPCB Member=Component X?
Added Member To Class: ClassName=DriverPCB Member=Component X?
